CRITICAL - 2024-04-11 19:20:04 --> CodeIgniter\View\Exceptions\ViewException: Invalid file: "front/contacto.php"
in SYSTEMPATH\Exceptions\FrameworkException.php on line 39.
 1 SYSTEMPATH\View\View.php(216): CodeIgniter\Exceptions\FrameworkException::forInvalidFile('front/contacto.php')
 2 SYSTEMPATH\Common.php(1178): CodeIgniter\View\View->render('front/contacto', [], true)
 3 APPPATH\Controllers\Home.php(19): view('front/contacto')
 4 SYSTEMPATH\CodeIgniter.php(943): App\Controllers\Home->contacto()
 5 SYSTEMPATH\CodeIgniter.php(503): CodeIgniter\CodeIgniter->runController(Object(App\Controllers\Home))
 6 SYSTEMPATH\CodeIgniter.php(361): CodeIgniter\CodeIgniter->handleRequest(null, Object(Config\Cache), false)
 7 FCPATH\index.php(79): CodeIgniter\CodeIgniter->run()
CRITICAL - 2024-04-11 19:27:13 --> CodeIgniter\View\Exceptions\ViewException: Invalid file: "front/contacto.php"
in SYSTEMPATH\Exceptions\FrameworkException.php on line 39.
 1 SYSTEMPATH\View\View.php(216): CodeIgniter\Exceptions\FrameworkException::forInvalidFile('front/contacto.php')
 2 SYSTEMPATH\Common.php(1178): CodeIgniter\View\View->render('front/contacto', [], true)
 3 APPPATH\Controllers\Home.php(19): view('front/contacto')
 4 SYSTEMPATH\CodeIgniter.php(943): App\Controllers\Home->contacto()
 5 SYSTEMPATH\CodeIgniter.php(503): CodeIgniter\CodeIgniter->runController(Object(App\Controllers\Home))
 6 SYSTEMPATH\CodeIgniter.php(361): CodeIgniter\CodeIgniter->handleRequest(null, Object(Config\Cache), false)
 7 FCPATH\index.php(79): CodeIgniter\CodeIgniter->run()
CRITICAL - 2024-04-11 19:29:37 --> CodeIgniter\View\Exceptions\ViewException: Invalid file: "front/contacto.php"
in SYSTEMPATH\Exceptions\FrameworkException.php on line 39.
 1 SYSTEMPATH\View\View.php(216): CodeIgniter\Exceptions\FrameworkException::forInvalidFile('front/contacto.php')
 2 SYSTEMPATH\Common.php(1178): CodeIgniter\View\View->render('front/contacto', [], true)
 3 APPPATH\Controllers\Home.php(11): view('front/contacto')
 4 SYSTEMPATH\CodeIgniter.php(943): App\Controllers\Home->index()
 5 SYSTEMPATH\CodeIgniter.php(503): CodeIgniter\CodeIgniter->runController(Object(App\Controllers\Home))
 6 SYSTEMPATH\CodeIgniter.php(361): CodeIgniter\CodeIgniter->handleRequest(null, Object(Config\Cache), false)
 7 FCPATH\index.php(79): CodeIgniter\CodeIgniter->run()
CRITICAL - 2024-04-11 20:21:36 --> CodeIgniter\View\Exceptions\ViewException: Invalid file: "front/contacto.php"
in SYSTEMPATH\Exceptions\FrameworkException.php on line 39.
 1 SYSTEMPATH\View\View.php(216): CodeIgniter\Exceptions\FrameworkException::forInvalidFile('front/contacto.php')
 2 SYSTEMPATH\Common.php(1178): CodeIgniter\View\View->render('front/contacto', [], true)
 3 APPPATH\Controllers\Home.php(11): view('front/contacto')
 4 SYSTEMPATH\CodeIgniter.php(943): App\Controllers\Home->index()
 5 SYSTEMPATH\CodeIgniter.php(503): CodeIgniter\CodeIgniter->runController(Object(App\Controllers\Home))
 6 SYSTEMPATH\CodeIgniter.php(361): CodeIgniter\CodeIgniter->handleRequest(null, Object(Config\Cache), false)
 7 FCPATH\index.php(79): CodeIgniter\CodeIgniter->run()
CRITICAL - 2024-04-11 20:22:19 --> CodeIgniter\View\Exceptions\ViewException: Invalid file: "front/contacto.php"
in SYSTEMPATH\Exceptions\FrameworkException.php on line 39.
 1 SYSTEMPATH\View\View.php(216): CodeIgniter\Exceptions\FrameworkException::forInvalidFile('front/contacto.php')
 2 SYSTEMPATH\Common.php(1178): CodeIgniter\View\View->render('front/contacto', [], true)
 3 APPPATH\Controllers\Home.php(11): view('front/contacto')
 4 SYSTEMPATH\CodeIgniter.php(943): App\Controllers\Home->index()
 5 SYSTEMPATH\CodeIgniter.php(503): CodeIgniter\CodeIgniter->runController(Object(App\Controllers\Home))
 6 SYSTEMPATH\CodeIgniter.php(361): CodeIgniter\CodeIgniter->handleRequest(null, Object(Config\Cache), false)
 7 FCPATH\index.php(79): CodeIgniter\CodeIgniter->run()
CRITICAL - 2024-04-11 20:22:21 --> CodeIgniter\View\Exceptions\ViewException: Invalid file: "front/contacto.php"
in SYSTEMPATH\Exceptions\FrameworkException.php on line 39.
 1 SYSTEMPATH\View\View.php(216): CodeIgniter\Exceptions\FrameworkException::forInvalidFile('front/contacto.php')
 2 SYSTEMPATH\Common.php(1178): CodeIgniter\View\View->render('front/contacto', [], true)
 3 APPPATH\Controllers\Home.php(11): view('front/contacto')
 4 SYSTEMPATH\CodeIgniter.php(943): App\Controllers\Home->index()
 5 SYSTEMPATH\CodeIgniter.php(503): CodeIgniter\CodeIgniter->runController(Object(App\Controllers\Home))
 6 SYSTEMPATH\CodeIgniter.php(361): CodeIgniter\CodeIgniter->handleRequest(null, Object(Config\Cache), false)
 7 FCPATH\index.php(79): CodeIgniter\CodeIgniter->run()
CRITICAL - 2024-04-11 20:24:09 --> CodeIgniter\View\Exceptions\ViewException: Invalid file: "front/contacto.php"
in SYSTEMPATH\Exceptions\FrameworkException.php on line 39.
 1 SYSTEMPATH\View\View.php(216): CodeIgniter\Exceptions\FrameworkException::forInvalidFile('front/contacto.php')
 2 SYSTEMPATH\Common.php(1178): CodeIgniter\View\View->render('front/contacto', [], true)
 3 APPPATH\Controllers\Home.php(11): view('front/contacto')
 4 SYSTEMPATH\CodeIgniter.php(943): App\Controllers\Home->index()
 5 SYSTEMPATH\CodeIgniter.php(503): CodeIgniter\CodeIgniter->runController(Object(App\Controllers\Home))
 6 SYSTEMPATH\CodeIgniter.php(361): CodeIgniter\CodeIgniter->handleRequest(null, Object(Config\Cache), false)
 7 FCPATH\index.php(79): CodeIgniter\CodeIgniter->run()
CRITICAL - 2024-04-11 20:24:10 --> CodeIgniter\View\Exceptions\ViewException: Invalid file: "front/contacto.php"
in SYSTEMPATH\Exceptions\FrameworkException.php on line 39.
 1 SYSTEMPATH\View\View.php(216): CodeIgniter\Exceptions\FrameworkException::forInvalidFile('front/contacto.php')
 2 SYSTEMPATH\Common.php(1178): CodeIgniter\View\View->render('front/contacto', [], true)
 3 APPPATH\Controllers\Home.php(11): view('front/contacto')
 4 SYSTEMPATH\CodeIgniter.php(943): App\Controllers\Home->index()
 5 SYSTEMPATH\CodeIgniter.php(503): CodeIgniter\CodeIgniter->runController(Object(App\Controllers\Home))
 6 SYSTEMPATH\CodeIgniter.php(361): CodeIgniter\CodeIgniter->handleRequest(null, Object(Config\Cache), false)
 7 FCPATH\index.php(79): CodeIgniter\CodeIgniter->run()
