INFO - 2025-08-05 13:03:34 --> Session: Class initialized using 'CodeIgniter\Session\Handlers\FileHandler' driver.
INFO - 2025-08-05 13:03:35 --> Session: Class initialized using 'CodeIgniter\Session\Handlers\FileHandler' driver.
INFO - 2025-08-05 13:03:41 --> Session: Class initialized using 'CodeIgniter\Session\Handlers\FileHandler' driver.
INFO - 2025-08-05 13:03:53 --> Session: Class initialized using 'CodeIgniter\Session\Handlers\FileHandler' driver.
CRITICAL - 2025-08-05 18:50:05 --> ErrorException: Undefined array key "id_colores"
in APPPATH\Views\cliente\detalle-producto.php on line 34.
 1 APPPATH\Views\cliente\detalle-producto.php(34): CodeIgniter\Debug\Exceptions->errorHandler(2, 'Undefined array key "id_colores"', 'C:\\xampp\\htdocs\\proyecto_espinola_emilia\\app\\Views\\cliente\\detalle-producto.php', 34)
 2 SYSTEMPATH\View\View.php(228): include('C:\\xampp\\htdocs\\proyecto_espinola_emilia\\app\\Views\\cliente\\detalle-producto.php')
 3 SYSTEMPATH\View\View.php(231): CodeIgniter\View\View->CodeIgniter\View\{closure}()
 4 SYSTEMPATH\Common.php(1178): CodeIgniter\View\View->render('cliente/detalle-producto', [], true)
 5 APPPATH\Controllers\producto_controller.php(310): view('cliente/detalle-producto', [...])
 6 SYSTEMPATH\CodeIgniter.php(943): App\Controllers\producto_controller->detalle_producto('80')
 7 SYSTEMPATH\CodeIgniter.php(503): CodeIgniter\CodeIgniter->runController(Object(App\Controllers\producto_controller))
 8 SYSTEMPATH\CodeIgniter.php(361): CodeIgniter\CodeIgniter->handleRequest(null, Object(Config\Cache), false)
 9 FCPATH\index.php(79): CodeIgniter\CodeIgniter->run()
INFO - 2025-08-05 19:15:42 --> Session: Class initialized using 'CodeIgniter\Session\Handlers\FileHandler' driver.
INFO - 2025-08-05 19:15:43 --> Session: Class initialized using 'CodeIgniter\Session\Handlers\FileHandler' driver.
INFO - 2025-08-05 19:16:43 --> Session: Class initialized using 'CodeIgniter\Session\Handlers\FileHandler' driver.
INFO - 2025-08-05 19:16:43 --> Session: Class initialized using 'CodeIgniter\Session\Handlers\FileHandler' driver.
INFO - 2025-08-05 19:17:37 --> Session: Class initialized using 'CodeIgniter\Session\Handlers\FileHandler' driver.
INFO - 2025-08-05 19:17:37 --> Session: Class initialized using 'CodeIgniter\Session\Handlers\FileHandler' driver.
INFO - 2025-08-05 19:18:52 --> Session: Class initialized using 'CodeIgniter\Session\Handlers\FileHandler' driver.
INFO - 2025-08-05 19:18:52 --> Session: Class initialized using 'CodeIgniter\Session\Handlers\FileHandler' driver.
INFO - 2025-08-05 19:22:00 --> Session: Class initialized using 'CodeIgniter\Session\Handlers\FileHandler' driver.
INFO - 2025-08-05 19:22:01 --> Session: Class initialized using 'CodeIgniter\Session\Handlers\FileHandler' driver.
INFO - 2025-08-05 19:22:02 --> Session: Class initialized using 'CodeIgniter\Session\Handlers\FileHandler' driver.
INFO - 2025-08-05 19:22:02 --> Session: Class initialized using 'CodeIgniter\Session\Handlers\FileHandler' driver.
INFO - 2025-08-05 19:22:14 --> Session: Class initialized using 'CodeIgniter\Session\Handlers\FileHandler' driver.
INFO - 2025-08-05 19:22:14 --> Session: Class initialized using 'CodeIgniter\Session\Handlers\FileHandler' driver.
INFO - 2025-08-05 19:22:23 --> Session: Class initialized using 'CodeIgniter\Session\Handlers\FileHandler' driver.
INFO - 2025-08-05 19:22:23 --> Session: Class initialized using 'CodeIgniter\Session\Handlers\FileHandler' driver.
CRITICAL - 2025-08-05 19:36:12 --> ErrorException: Undefined variable $carrito
in APPPATH\Views\cliente\carrito.php on line 11.
 1 APPPATH\Views\cliente\carrito.php(11): CodeIgniter\Debug\Exceptions->errorHandler(2, 'Undefined variable $carrito', 'C:\\xampp\\htdocs\\proyecto_espinola_emilia\\app\\Views\\cliente\\carrito.php', 11)
 2 SYSTEMPATH\View\View.php(228): include('C:\\xampp\\htdocs\\proyecto_espinola_emilia\\app\\Views\\cliente\\carrito.php')
 3 SYSTEMPATH\View\View.php(231): CodeIgniter\View\View->CodeIgniter\View\{closure}()
 4 SYSTEMPATH\Common.php(1178): CodeIgniter\View\View->render('cliente/carrito.php', [], true)
 5 APPPATH\Controllers\producto_controller.php(309): view('cliente/carrito.php')
 6 SYSTEMPATH\CodeIgniter.php(943): App\Controllers\producto_controller->detalle_producto('80')
 7 SYSTEMPATH\CodeIgniter.php(503): CodeIgniter\CodeIgniter->runController(Object(App\Controllers\producto_controller))
 8 SYSTEMPATH\CodeIgniter.php(361): CodeIgniter\CodeIgniter->handleRequest(null, Object(Config\Cache), false)
 9 FCPATH\index.php(79): CodeIgniter\CodeIgniter->run()
CRITICAL - 2025-08-05 19:42:18 --> ErrorException: Undefined variable $carrito
in APPPATH\Views\cliente\carrito.php on line 11.
 1 APPPATH\Views\cliente\carrito.php(11): CodeIgniter\Debug\Exceptions->errorHandler(2, 'Undefined variable $carrito', 'C:\\xampp\\htdocs\\proyecto_espinola_emilia\\app\\Views\\cliente\\carrito.php', 11)
 2 SYSTEMPATH\View\View.php(228): include('C:\\xampp\\htdocs\\proyecto_espinola_emilia\\app\\Views\\cliente\\carrito.php')
 3 SYSTEMPATH\View\View.php(231): CodeIgniter\View\View->CodeIgniter\View\{closure}()
 4 SYSTEMPATH\Common.php(1178): CodeIgniter\View\View->render('cliente/carrito.php', [], true)
 5 APPPATH\Controllers\Home.php(76): view('cliente/carrito.php')
 6 SYSTEMPATH\CodeIgniter.php(943): App\Controllers\Home->inicio()
 7 SYSTEMPATH\CodeIgniter.php(503): CodeIgniter\CodeIgniter->runController(Object(App\Controllers\Home))
 8 SYSTEMPATH\CodeIgniter.php(361): CodeIgniter\CodeIgniter->handleRequest(null, Object(Config\Cache), false)
 9 FCPATH\index.php(79): CodeIgniter\CodeIgniter->run()
CRITICAL - 2025-08-05 19:42:21 --> ErrorException: Undefined variable $carrito
in APPPATH\Views\cliente\carrito.php on line 11.
 1 APPPATH\Views\cliente\carrito.php(11): CodeIgniter\Debug\Exceptions->errorHandler(2, 'Undefined variable $carrito', 'C:\\xampp\\htdocs\\proyecto_espinola_emilia\\app\\Views\\cliente\\carrito.php', 11)
 2 SYSTEMPATH\View\View.php(228): include('C:\\xampp\\htdocs\\proyecto_espinola_emilia\\app\\Views\\cliente\\carrito.php')
 3 SYSTEMPATH\View\View.php(231): CodeIgniter\View\View->CodeIgniter\View\{closure}()
 4 SYSTEMPATH\Common.php(1178): CodeIgniter\View\View->render('cliente/carrito.php', [], true)
 5 APPPATH\Controllers\Home.php(76): view('cliente/carrito.php')
 6 SYSTEMPATH\CodeIgniter.php(943): App\Controllers\Home->inicio()
 7 SYSTEMPATH\CodeIgniter.php(503): CodeIgniter\CodeIgniter->runController(Object(App\Controllers\Home))
 8 SYSTEMPATH\CodeIgniter.php(361): CodeIgniter\CodeIgniter->handleRequest(null, Object(Config\Cache), false)
 9 FCPATH\index.php(79): CodeIgniter\CodeIgniter->run()
CRITICAL - 2025-08-05 19:42:23 --> ErrorException: Undefined variable $carrito
in APPPATH\Views\cliente\carrito.php on line 11.
 1 APPPATH\Views\cliente\carrito.php(11): CodeIgniter\Debug\Exceptions->errorHandler(2, 'Undefined variable $carrito', 'C:\\xampp\\htdocs\\proyecto_espinola_emilia\\app\\Views\\cliente\\carrito.php', 11)
 2 SYSTEMPATH\View\View.php(228): include('C:\\xampp\\htdocs\\proyecto_espinola_emilia\\app\\Views\\cliente\\carrito.php')
 3 SYSTEMPATH\View\View.php(231): CodeIgniter\View\View->CodeIgniter\View\{closure}()
 4 SYSTEMPATH\Common.php(1178): CodeIgniter\View\View->render('cliente/carrito.php', [], true)
 5 APPPATH\Controllers\Home.php(116): view('cliente/carrito.php')
 6 SYSTEMPATH\CodeIgniter.php(943): App\Controllers\Home->productos()
 7 SYSTEMPATH\CodeIgniter.php(503): CodeIgniter\CodeIgniter->runController(Object(App\Controllers\Home))
 8 SYSTEMPATH\CodeIgniter.php(361): CodeIgniter\CodeIgniter->handleRequest(null, Object(Config\Cache), false)
 9 FCPATH\index.php(79): CodeIgniter\CodeIgniter->run()
CRITICAL - 2025-08-05 19:42:27 --> ErrorException: Undefined variable $carrito
in APPPATH\Views\cliente\carrito.php on line 11.
 1 APPPATH\Views\cliente\carrito.php(11): CodeIgniter\Debug\Exceptions->errorHandler(2, 'Undefined variable $carrito', 'C:\\xampp\\htdocs\\proyecto_espinola_emilia\\app\\Views\\cliente\\carrito.php', 11)
 2 SYSTEMPATH\View\View.php(228): include('C:\\xampp\\htdocs\\proyecto_espinola_emilia\\app\\Views\\cliente\\carrito.php')
 3 SYSTEMPATH\View\View.php(231): CodeIgniter\View\View->CodeIgniter\View\{closure}()
 4 SYSTEMPATH\Common.php(1178): CodeIgniter\View\View->render('cliente/carrito.php', [], true)
 5 APPPATH\Controllers\login_controller.php(20): view('cliente/carrito.php')
 6 SYSTEMPATH\CodeIgniter.php(943): App\Controllers\login_controller->index()
 7 SYSTEMPATH\CodeIgniter.php(503): CodeIgniter\CodeIgniter->runController(Object(App\Controllers\login_controller))
 8 SYSTEMPATH\CodeIgniter.php(361): CodeIgniter\CodeIgniter->handleRequest(null, Object(Config\Cache), false)
 9 FCPATH\index.php(79): CodeIgniter\CodeIgniter->run()
INFO - 2025-08-05 19:47:28 --> Session: Class initialized using 'CodeIgniter\Session\Handlers\FileHandler' driver.
INFO - 2025-08-05 19:47:33 --> Session: Class initialized using 'CodeIgniter\Session\Handlers\FileHandler' driver.
INFO - 2025-08-05 19:50:54 --> Session: Class initialized using 'CodeIgniter\Session\Handlers\FileHandler' driver.
INFO - 2025-08-05 19:51:48 --> Session: Class initialized using 'CodeIgniter\Session\Handlers\FileHandler' driver.
CRITICAL - 2025-08-05 19:51:48 --> ErrorException: Undefined variable $carrito
in APPPATH\Views\cliente\carrito.php on line 8.
 1 APPPATH\Views\cliente\carrito.php(8): CodeIgniter\Debug\Exceptions->errorHandler(2, 'Undefined variable $carrito', 'C:\\xampp\\htdocs\\proyecto_espinola_emilia\\app\\Views\\cliente\\carrito.php', 8)
 2 SYSTEMPATH\View\View.php(228): include('C:\\xampp\\htdocs\\proyecto_espinola_emilia\\app\\Views\\cliente\\carrito.php')
 3 SYSTEMPATH\View\View.php(231): CodeIgniter\View\View->CodeIgniter\View\{closure}()
 4 SYSTEMPATH\Common.php(1178): CodeIgniter\View\View->render('cliente/carrito.php', [], true)
 5 APPPATH\Controllers\login_controller.php(20): view('cliente/carrito.php')
 6 SYSTEMPATH\CodeIgniter.php(943): App\Controllers\login_controller->index()
 7 SYSTEMPATH\CodeIgniter.php(503): CodeIgniter\CodeIgniter->runController(Object(App\Controllers\login_controller))
 8 SYSTEMPATH\CodeIgniter.php(361): CodeIgniter\CodeIgniter->handleRequest(null, Object(Config\Cache), false)
 9 FCPATH\index.php(79): CodeIgniter\CodeIgniter->run()
INFO - 2025-08-05 19:51:50 --> Session: Class initialized using 'CodeIgniter\Session\Handlers\FileHandler' driver.
CRITICAL - 2025-08-05 19:51:50 --> ErrorException: Undefined variable $carrito
in APPPATH\Views\cliente\carrito.php on line 8.
 1 APPPATH\Views\cliente\carrito.php(8): CodeIgniter\Debug\Exceptions->errorHandler(2, 'Undefined variable $carrito', 'C:\\xampp\\htdocs\\proyecto_espinola_emilia\\app\\Views\\cliente\\carrito.php', 8)
 2 SYSTEMPATH\View\View.php(228): include('C:\\xampp\\htdocs\\proyecto_espinola_emilia\\app\\Views\\cliente\\carrito.php')
 3 SYSTEMPATH\View\View.php(231): CodeIgniter\View\View->CodeIgniter\View\{closure}()
 4 SYSTEMPATH\Common.php(1178): CodeIgniter\View\View->render('cliente/carrito.php', [], true)
 5 APPPATH\Controllers\login_controller.php(20): view('cliente/carrito.php')
 6 SYSTEMPATH\CodeIgniter.php(943): App\Controllers\login_controller->index()
 7 SYSTEMPATH\CodeIgniter.php(503): CodeIgniter\CodeIgniter->runController(Object(App\Controllers\login_controller))
 8 SYSTEMPATH\CodeIgniter.php(361): CodeIgniter\CodeIgniter->handleRequest(null, Object(Config\Cache), false)
 9 FCPATH\index.php(79): CodeIgniter\CodeIgniter->run()
INFO - 2025-08-05 19:53:04 --> Session: Class initialized using 'CodeIgniter\Session\Handlers\FileHandler' driver.
INFO - 2025-08-05 19:53:12 --> Session: Class initialized using 'CodeIgniter\Session\Handlers\FileHandler' driver.
CRITICAL - 2025-08-05 19:53:12 --> ErrorException: Undefined variable $carrito
in APPPATH\Views\cliente\carrito.php on line 8.
 1 APPPATH\Views\cliente\carrito.php(8): CodeIgniter\Debug\Exceptions->errorHandler(2, 'Undefined variable $carrito', 'C:\\xampp\\htdocs\\proyecto_espinola_emilia\\app\\Views\\cliente\\carrito.php', 8)
 2 SYSTEMPATH\View\View.php(228): include('C:\\xampp\\htdocs\\proyecto_espinola_emilia\\app\\Views\\cliente\\carrito.php')
 3 SYSTEMPATH\View\View.php(231): CodeIgniter\View\View->CodeIgniter\View\{closure}()
 4 SYSTEMPATH\Common.php(1178): CodeIgniter\View\View->render('cliente/carrito.php', [], true)
 5 APPPATH\Controllers\login_controller.php(20): view('cliente/carrito.php')
 6 SYSTEMPATH\CodeIgniter.php(943): App\Controllers\login_controller->index()
 7 SYSTEMPATH\CodeIgniter.php(503): CodeIgniter\CodeIgniter->runController(Object(App\Controllers\login_controller))
 8 SYSTEMPATH\CodeIgniter.php(361): CodeIgniter\CodeIgniter->handleRequest(null, Object(Config\Cache), false)
 9 FCPATH\index.php(79): CodeIgniter\CodeIgniter->run()
INFO - 2025-08-05 19:54:15 --> Session: Class initialized using 'CodeIgniter\Session\Handlers\FileHandler' driver.
INFO - 2025-08-05 19:54:22 --> Session: Class initialized using 'CodeIgniter\Session\Handlers\FileHandler' driver.
CRITICAL - 2025-08-05 19:54:22 --> ErrorException: Undefined variable $carrito
in APPPATH\Views\cliente\carrito.php on line 8.
 1 APPPATH\Views\cliente\carrito.php(8): CodeIgniter\Debug\Exceptions->errorHandler(2, 'Undefined variable $carrito', 'C:\\xampp\\htdocs\\proyecto_espinola_emilia\\app\\Views\\cliente\\carrito.php', 8)
 2 SYSTEMPATH\View\View.php(228): include('C:\\xampp\\htdocs\\proyecto_espinola_emilia\\app\\Views\\cliente\\carrito.php')
 3 SYSTEMPATH\View\View.php(231): CodeIgniter\View\View->CodeIgniter\View\{closure}()
 4 SYSTEMPATH\Common.php(1178): CodeIgniter\View\View->render('cliente/carrito.php', [], true)
 5 APPPATH\Controllers\login_controller.php(20): view('cliente/carrito.php')
 6 SYSTEMPATH\CodeIgniter.php(943): App\Controllers\login_controller->index()
 7 SYSTEMPATH\CodeIgniter.php(503): CodeIgniter\CodeIgniter->runController(Object(App\Controllers\login_controller))
 8 SYSTEMPATH\CodeIgniter.php(361): CodeIgniter\CodeIgniter->handleRequest(null, Object(Config\Cache), false)
 9 FCPATH\index.php(79): CodeIgniter\CodeIgniter->run()
INFO - 2025-08-05 19:56:39 --> Session: Class initialized using 'CodeIgniter\Session\Handlers\FileHandler' driver.
INFO - 2025-08-05 19:56:40 --> Session: Class initialized using 'CodeIgniter\Session\Handlers\FileHandler' driver.
CRITICAL - 2025-08-05 19:56:40 --> ErrorException: Undefined variable $carrito
in APPPATH\Views\cliente\carrito.php on line 8.
 1 APPPATH\Views\cliente\carrito.php(8): CodeIgniter\Debug\Exceptions->errorHandler(2, 'Undefined variable $carrito', 'C:\\xampp\\htdocs\\proyecto_espinola_emilia\\app\\Views\\cliente\\carrito.php', 8)
 2 SYSTEMPATH\View\View.php(228): include('C:\\xampp\\htdocs\\proyecto_espinola_emilia\\app\\Views\\cliente\\carrito.php')
 3 SYSTEMPATH\View\View.php(231): CodeIgniter\View\View->CodeIgniter\View\{closure}()
 4 SYSTEMPATH\Common.php(1178): CodeIgniter\View\View->render('cliente/carrito.php', [], true)
 5 APPPATH\Controllers\login_controller.php(20): view('cliente/carrito.php')
 6 SYSTEMPATH\CodeIgniter.php(943): App\Controllers\login_controller->index()
 7 SYSTEMPATH\CodeIgniter.php(503): CodeIgniter\CodeIgniter->runController(Object(App\Controllers\login_controller))
 8 SYSTEMPATH\CodeIgniter.php(361): CodeIgniter\CodeIgniter->handleRequest(null, Object(Config\Cache), false)
 9 FCPATH\index.php(79): CodeIgniter\CodeIgniter->run()
INFO - 2025-08-05 19:59:35 --> Session: Class initialized using 'CodeIgniter\Session\Handlers\FileHandler' driver.
CRITICAL - 2025-08-05 19:59:42 --> ErrorException: Undefined variable $carrito
in APPPATH\Views\cliente\carrito.php on line 8.
 1 APPPATH\Views\cliente\carrito.php(8): CodeIgniter\Debug\Exceptions->errorHandler(2, 'Undefined variable $carrito', 'C:\\xampp\\htdocs\\proyecto_espinola_emilia\\app\\Views\\cliente\\carrito.php', 8)
 2 SYSTEMPATH\View\View.php(228): include('C:\\xampp\\htdocs\\proyecto_espinola_emilia\\app\\Views\\cliente\\carrito.php')
 3 SYSTEMPATH\View\View.php(231): CodeIgniter\View\View->CodeIgniter\View\{closure}()
 4 SYSTEMPATH\Common.php(1178): CodeIgniter\View\View->render('cliente/carrito.php', [], true)
 5 APPPATH\Controllers\login_controller.php(20): view('cliente/carrito.php')
 6 SYSTEMPATH\CodeIgniter.php(943): App\Controllers\login_controller->index()
 7 SYSTEMPATH\CodeIgniter.php(503): CodeIgniter\CodeIgniter->runController(Object(App\Controllers\login_controller))
 8 SYSTEMPATH\CodeIgniter.php(361): CodeIgniter\CodeIgniter->handleRequest(null, Object(Config\Cache), false)
 9 FCPATH\index.php(79): CodeIgniter\CodeIgniter->run()
INFO - 2025-08-05 19:59:43 --> Session: Class initialized using 'CodeIgniter\Session\Handlers\FileHandler' driver.
INFO - 2025-08-05 20:00:27 --> Session: Class initialized using 'CodeIgniter\Session\Handlers\FileHandler' driver.
CRITICAL - 2025-08-05 20:00:27 --> ErrorException: Undefined variable $carrito
in APPPATH\Views\cliente\carrito.php on line 8.
 1 APPPATH\Views\cliente\carrito.php(8): CodeIgniter\Debug\Exceptions->errorHandler(2, 'Undefined variable $carrito', 'C:\\xampp\\htdocs\\proyecto_espinola_emilia\\app\\Views\\cliente\\carrito.php', 8)
 2 SYSTEMPATH\View\View.php(228): include('C:\\xampp\\htdocs\\proyecto_espinola_emilia\\app\\Views\\cliente\\carrito.php')
 3 SYSTEMPATH\View\View.php(231): CodeIgniter\View\View->CodeIgniter\View\{closure}()
 4 SYSTEMPATH\Common.php(1178): CodeIgniter\View\View->render('cliente/carrito.php', [], true)
 5 APPPATH\Controllers\login_controller.php(20): view('cliente/carrito.php')
 6 SYSTEMPATH\CodeIgniter.php(943): App\Controllers\login_controller->index()
 7 SYSTEMPATH\CodeIgniter.php(503): CodeIgniter\CodeIgniter->runController(Object(App\Controllers\login_controller))
 8 SYSTEMPATH\CodeIgniter.php(361): CodeIgniter\CodeIgniter->handleRequest(null, Object(Config\Cache), false)
 9 FCPATH\index.php(79): CodeIgniter\CodeIgniter->run()
CRITICAL - 2025-08-05 20:01:34 --> ErrorException: Undefined variable $carrito
in APPPATH\Views\cliente\carrito.php on line 8.
 1 APPPATH\Views\cliente\carrito.php(8): CodeIgniter\Debug\Exceptions->errorHandler(2, 'Undefined variable $carrito', 'C:\\xampp\\htdocs\\proyecto_espinola_emilia\\app\\Views\\cliente\\carrito.php', 8)
 2 SYSTEMPATH\View\View.php(228): include('C:\\xampp\\htdocs\\proyecto_espinola_emilia\\app\\Views\\cliente\\carrito.php')
 3 SYSTEMPATH\View\View.php(231): CodeIgniter\View\View->CodeIgniter\View\{closure}()
 4 SYSTEMPATH\Common.php(1178): CodeIgniter\View\View->render('cliente/carrito.php', [], true)
 5 APPPATH\Controllers\login_controller.php(20): view('cliente/carrito.php')
 6 SYSTEMPATH\CodeIgniter.php(943): App\Controllers\login_controller->index()
 7 SYSTEMPATH\CodeIgniter.php(503): CodeIgniter\CodeIgniter->runController(Object(App\Controllers\login_controller))
 8 SYSTEMPATH\CodeIgniter.php(361): CodeIgniter\CodeIgniter->handleRequest(null, Object(Config\Cache), false)
 9 FCPATH\index.php(79): CodeIgniter\CodeIgniter->run()
CRITICAL - 2025-08-05 20:01:35 --> ErrorException: Undefined variable $carrito
in APPPATH\Views\cliente\carrito.php on line 8.
 1 APPPATH\Views\cliente\carrito.php(8): CodeIgniter\Debug\Exceptions->errorHandler(2, 'Undefined variable $carrito', 'C:\\xampp\\htdocs\\proyecto_espinola_emilia\\app\\Views\\cliente\\carrito.php', 8)
 2 SYSTEMPATH\View\View.php(228): include('C:\\xampp\\htdocs\\proyecto_espinola_emilia\\app\\Views\\cliente\\carrito.php')
 3 SYSTEMPATH\View\View.php(231): CodeIgniter\View\View->CodeIgniter\View\{closure}()
 4 SYSTEMPATH\Common.php(1178): CodeIgniter\View\View->render('cliente/carrito.php', [], true)
 5 APPPATH\Controllers\login_controller.php(20): view('cliente/carrito.php')
 6 SYSTEMPATH\CodeIgniter.php(943): App\Controllers\login_controller->index()
 7 SYSTEMPATH\CodeIgniter.php(503): CodeIgniter\CodeIgniter->runController(Object(App\Controllers\login_controller))
 8 SYSTEMPATH\CodeIgniter.php(361): CodeIgniter\CodeIgniter->handleRequest(null, Object(Config\Cache), false)
 9 FCPATH\index.php(79): CodeIgniter\CodeIgniter->run()
INFO - 2025-08-05 20:01:55 --> Session: Class initialized using 'CodeIgniter\Session\Handlers\FileHandler' driver.
INFO - 2025-08-05 20:02:06 --> Session: Class initialized using 'CodeIgniter\Session\Handlers\FileHandler' driver.
INFO - 2025-08-05 20:02:18 --> Session: Class initialized using 'CodeIgniter\Session\Handlers\FileHandler' driver.
INFO - 2025-08-05 20:02:37 --> Session: Class initialized using 'CodeIgniter\Session\Handlers\FileHandler' driver.
CRITICAL - 2025-08-05 20:02:37 --> Error: Class "App\Controllers\ventas_cabecera_Model" not found
in APPPATH\Controllers\carrito_controller.php on line 17.
 1 SYSTEMPATH\CodeIgniter.php(915): App\Controllers\carrito_controller->__construct()
 2 SYSTEMPATH\CodeIgniter.php(494): CodeIgniter\CodeIgniter->createController()
 3 SYSTEMPATH\CodeIgniter.php(361): CodeIgniter\CodeIgniter->handleRequest(null, Object(Config\Cache), false)
 4 FCPATH\index.php(79): CodeIgniter\CodeIgniter->run()
INFO - 2025-08-05 20:04:09 --> Session: Class initialized using 'CodeIgniter\Session\Handlers\FileHandler' driver.
INFO - 2025-08-05 20:04:14 --> Session: Class initialized using 'CodeIgniter\Session\Handlers\FileHandler' driver.
INFO - 2025-08-05 20:04:14 --> Cart Class Initialized
CRITICAL - 2025-08-05 20:04:14 --> ErrorException: Undefined variable $productoDetalle
in APPPATH\Controllers\carrito_controller.php on line 51.
 1 APPPATH\Controllers\carrito_controller.php(51): CodeIgniter\Debug\Exceptions->errorHandler(2, 'Undefined variable $productoDetalle', 'C:\\xampp\\htdocs\\proyecto_espinola_emilia\\app\\Controllers\\carrito_controller.php', 51)
 2 SYSTEMPATH\CodeIgniter.php(943): App\Controllers\carrito_controller->agregar_al_carrito()
 3 SYSTEMPATH\CodeIgniter.php(503): CodeIgniter\CodeIgniter->runController(Object(App\Controllers\carrito_controller))
 4 SYSTEMPATH\CodeIgniter.php(361): CodeIgniter\CodeIgniter->handleRequest(null, Object(Config\Cache), false)
 5 FCPATH\index.php(79): CodeIgniter\CodeIgniter->run()
INFO - 2025-08-05 20:05:46 --> Session: Class initialized using 'CodeIgniter\Session\Handlers\FileHandler' driver.
INFO - 2025-08-05 20:05:51 --> Session: Class initialized using 'CodeIgniter\Session\Handlers\FileHandler' driver.
CRITICAL - 2025-08-05 20:05:51 --> ErrorException: Undefined variable $productoDetalle
in APPPATH\Controllers\carrito_controller.php on line 20.
 1 APPPATH\Controllers\carrito_controller.php(20): CodeIgniter\Debug\Exceptions->errorHandler(2, 'Undefined variable $productoDetalle', 'C:\\xampp\\htdocs\\proyecto_espinola_emilia\\app\\Controllers\\carrito_controller.php', 20)
 2 SYSTEMPATH\CodeIgniter.php(915): App\Controllers\carrito_controller->__construct()
 3 SYSTEMPATH\CodeIgniter.php(494): CodeIgniter\CodeIgniter->createController()
 4 SYSTEMPATH\CodeIgniter.php(361): CodeIgniter\CodeIgniter->handleRequest(null, Object(Config\Cache), false)
 5 FCPATH\index.php(79): CodeIgniter\CodeIgniter->run()
INFO - 2025-08-05 20:23:10 --> Session: Class initialized using 'CodeIgniter\Session\Handlers\FileHandler' driver.
INFO - 2025-08-05 20:23:15 --> Session: Class initialized using 'CodeIgniter\Session\Handlers\FileHandler' driver.
CRITICAL - 2025-08-05 20:23:15 --> ErrorException: Undefined variable $productoDetalle
in APPPATH\Controllers\carrito_controller.php on line 20.
 1 APPPATH\Controllers\carrito_controller.php(20): CodeIgniter\Debug\Exceptions->errorHandler(2, 'Undefined variable $productoDetalle', 'C:\\xampp\\htdocs\\proyecto_espinola_emilia\\app\\Controllers\\carrito_controller.php', 20)
 2 SYSTEMPATH\CodeIgniter.php(915): App\Controllers\carrito_controller->__construct()
 3 SYSTEMPATH\CodeIgniter.php(494): CodeIgniter\CodeIgniter->createController()
 4 SYSTEMPATH\CodeIgniter.php(361): CodeIgniter\CodeIgniter->handleRequest(null, Object(Config\Cache), false)
 5 FCPATH\index.php(79): CodeIgniter\CodeIgniter->run()
INFO - 2025-08-05 20:23:55 --> Session: Class initialized using 'CodeIgniter\Session\Handlers\FileHandler' driver.
INFO - 2025-08-05 20:23:59 --> Session: Class initialized using 'CodeIgniter\Session\Handlers\FileHandler' driver.
CRITICAL - 2025-08-05 20:23:59 --> ErrorException: Undefined variable $productoDetalle
in APPPATH\Controllers\carrito_controller.php on line 20.
 1 APPPATH\Controllers\carrito_controller.php(20): CodeIgniter\Debug\Exceptions->errorHandler(2, 'Undefined variable $productoDetalle', 'C:\\xampp\\htdocs\\proyecto_espinola_emilia\\app\\Controllers\\carrito_controller.php', 20)
 2 SYSTEMPATH\CodeIgniter.php(915): App\Controllers\carrito_controller->__construct()
 3 SYSTEMPATH\CodeIgniter.php(494): CodeIgniter\CodeIgniter->createController()
 4 SYSTEMPATH\CodeIgniter.php(361): CodeIgniter\CodeIgniter->handleRequest(null, Object(Config\Cache), false)
 5 FCPATH\index.php(79): CodeIgniter\CodeIgniter->run()
INFO - 2025-08-05 20:25:31 --> Session: Class initialized using 'CodeIgniter\Session\Handlers\FileHandler' driver.
INFO - 2025-08-05 20:25:36 --> Session: Class initialized using 'CodeIgniter\Session\Handlers\FileHandler' driver.
INFO - 2025-08-05 20:25:36 --> Cart Class Initialized
CRITICAL - 2025-08-05 20:25:36 --> ErrorException: Trying to access array offset on value of type null
in APPPATH\Controllers\carrito_controller.php on line 56.
 1 APPPATH\Controllers\carrito_controller.php(56): CodeIgniter\Debug\Exceptions->errorHandler(2, 'Trying to access array offset on value of type null', 'C:\\xampp\\htdocs\\proyecto_espinola_emilia\\app\\Controllers\\carrito_controller.php', 56)
 2 SYSTEMPATH\CodeIgniter.php(943): App\Controllers\carrito_controller->agregar_al_carrito()
 3 SYSTEMPATH\CodeIgniter.php(503): CodeIgniter\CodeIgniter->runController(Object(App\Controllers\carrito_controller))
 4 SYSTEMPATH\CodeIgniter.php(361): CodeIgniter\CodeIgniter->handleRequest(null, Object(Config\Cache), false)
 5 FCPATH\index.php(79): CodeIgniter\CodeIgniter->run()
INFO - 2025-08-05 20:27:29 --> Session: Class initialized using 'CodeIgniter\Session\Handlers\FileHandler' driver.
INFO - 2025-08-05 20:27:33 --> Session: Class initialized using 'CodeIgniter\Session\Handlers\FileHandler' driver.
INFO - 2025-08-05 20:27:34 --> Cart Class Initialized
CRITICAL - 2025-08-05 20:27:34 --> ErrorException: Trying to access array offset on value of type null
in APPPATH\Controllers\carrito_controller.php on line 57.
 1 APPPATH\Controllers\carrito_controller.php(57): CodeIgniter\Debug\Exceptions->errorHandler(2, 'Trying to access array offset on value of type null', 'C:\\xampp\\htdocs\\proyecto_espinola_emilia\\app\\Controllers\\carrito_controller.php', 57)
 2 SYSTEMPATH\CodeIgniter.php(943): App\Controllers\carrito_controller->agregar_al_carrito()
 3 SYSTEMPATH\CodeIgniter.php(503): CodeIgniter\CodeIgniter->runController(Object(App\Controllers\carrito_controller))
 4 SYSTEMPATH\CodeIgniter.php(361): CodeIgniter\CodeIgniter->handleRequest(null, Object(Config\Cache), false)
 5 FCPATH\index.php(79): CodeIgniter\CodeIgniter->run()
INFO - 2025-08-05 20:28:31 --> Session: Class initialized using 'CodeIgniter\Session\Handlers\FileHandler' driver.
INFO - 2025-08-05 20:28:36 --> Session: Class initialized using 'CodeIgniter\Session\Handlers\FileHandler' driver.
INFO - 2025-08-05 20:28:37 --> Cart Class Initialized
CRITICAL - 2025-08-05 20:28:37 --> ErrorException: Trying to access array offset on value of type null
in APPPATH\Controllers\carrito_controller.php on line 69.
 1 APPPATH\Controllers\carrito_controller.php(69): CodeIgniter\Debug\Exceptions->errorHandler(2, 'Trying to access array offset on value of type null', 'C:\\xampp\\htdocs\\proyecto_espinola_emilia\\app\\Controllers\\carrito_controller.php', 69)
 2 SYSTEMPATH\CodeIgniter.php(943): App\Controllers\carrito_controller->agregar_al_carrito()
 3 SYSTEMPATH\CodeIgniter.php(503): CodeIgniter\CodeIgniter->runController(Object(App\Controllers\carrito_controller))
 4 SYSTEMPATH\CodeIgniter.php(361): CodeIgniter\CodeIgniter->handleRequest(null, Object(Config\Cache), false)
 5 FCPATH\index.php(79): CodeIgniter\CodeIgniter->run()
INFO - 2025-08-05 20:30:47 --> Session: Class initialized using 'CodeIgniter\Session\Handlers\FileHandler' driver.
INFO - 2025-08-05 20:30:59 --> Session: Class initialized using 'CodeIgniter\Session\Handlers\FileHandler' driver.
INFO - 2025-08-05 20:30:59 --> Cart Class Initialized
CRITICAL - 2025-08-05 20:30:59 --> ErrorException: Trying to access array offset on value of type null
in APPPATH\Controllers\carrito_controller.php on line 69.
 1 APPPATH\Controllers\carrito_controller.php(69): CodeIgniter\Debug\Exceptions->errorHandler(2, 'Trying to access array offset on value of type null', 'C:\\xampp\\htdocs\\proyecto_espinola_emilia\\app\\Controllers\\carrito_controller.php', 69)
 2 SYSTEMPATH\CodeIgniter.php(943): App\Controllers\carrito_controller->agregar_al_carrito()
 3 SYSTEMPATH\CodeIgniter.php(503): CodeIgniter\CodeIgniter->runController(Object(App\Controllers\carrito_controller))
 4 SYSTEMPATH\CodeIgniter.php(361): CodeIgniter\CodeIgniter->handleRequest(null, Object(Config\Cache), false)
 5 FCPATH\index.php(79): CodeIgniter\CodeIgniter->run()
INFO - 2025-08-05 20:36:41 --> Session: Class initialized using 'CodeIgniter\Session\Handlers\FileHandler' driver.
INFO - 2025-08-05 20:36:45 --> Session: Class initialized using 'CodeIgniter\Session\Handlers\FileHandler' driver.
INFO - 2025-08-05 20:36:45 --> Cart Class Initialized
CRITICAL - 2025-08-05 20:36:45 --> ErrorException: Undefined variable $productos
in APPPATH\Controllers\carrito_controller.php on line 57.
 1 APPPATH\Controllers\carrito_controller.php(57): CodeIgniter\Debug\Exceptions->errorHandler(2, 'Undefined variable $productos', 'C:\\xampp\\htdocs\\proyecto_espinola_emilia\\app\\Controllers\\carrito_controller.php', 57)
 2 SYSTEMPATH\CodeIgniter.php(943): App\Controllers\carrito_controller->agregar_al_carrito()
 3 SYSTEMPATH\CodeIgniter.php(503): CodeIgniter\CodeIgniter->runController(Object(App\Controllers\carrito_controller))
 4 SYSTEMPATH\CodeIgniter.php(361): CodeIgniter\CodeIgniter->handleRequest(null, Object(Config\Cache), false)
 5 FCPATH\index.php(79): CodeIgniter\CodeIgniter->run()
INFO - 2025-08-05 20:37:35 --> Session: Class initialized using 'CodeIgniter\Session\Handlers\FileHandler' driver.
INFO - 2025-08-05 20:37:39 --> Session: Class initialized using 'CodeIgniter\Session\Handlers\FileHandler' driver.
INFO - 2025-08-05 20:37:39 --> Cart Class Initialized
CRITICAL - 2025-08-05 20:37:39 --> TypeError: Illegal offset type in isset or empty
in APPPATH\Controllers\carrito_controller.php on line 63.
 1 SYSTEMPATH\CodeIgniter.php(943): App\Controllers\carrito_controller->agregar_al_carrito()
 2 SYSTEMPATH\CodeIgniter.php(503): CodeIgniter\CodeIgniter->runController(Object(App\Controllers\carrito_controller))
 3 SYSTEMPATH\CodeIgniter.php(361): CodeIgniter\CodeIgniter->handleRequest(null, Object(Config\Cache), false)
 4 FCPATH\index.php(79): CodeIgniter\CodeIgniter->run()
INFO - 2025-08-05 20:38:42 --> Session: Class initialized using 'CodeIgniter\Session\Handlers\FileHandler' driver.
INFO - 2025-08-05 20:38:46 --> Session: Class initialized using 'CodeIgniter\Session\Handlers\FileHandler' driver.
INFO - 2025-08-05 20:38:46 --> Cart Class Initialized
CRITICAL - 2025-08-05 20:38:46 --> ErrorException: Trying to access array offset on value of type null
in APPPATH\Controllers\carrito_controller.php on line 71.
 1 APPPATH\Controllers\carrito_controller.php(71): CodeIgniter\Debug\Exceptions->errorHandler(2, 'Trying to access array offset on value of type null', 'C:\\xampp\\htdocs\\proyecto_espinola_emilia\\app\\Controllers\\carrito_controller.php', 71)
 2 SYSTEMPATH\CodeIgniter.php(943): App\Controllers\carrito_controller->agregar_al_carrito()
 3 SYSTEMPATH\CodeIgniter.php(503): CodeIgniter\CodeIgniter->runController(Object(App\Controllers\carrito_controller))
 4 SYSTEMPATH\CodeIgniter.php(361): CodeIgniter\CodeIgniter->handleRequest(null, Object(Config\Cache), false)
 5 FCPATH\index.php(79): CodeIgniter\CodeIgniter->run()
INFO - 2025-08-05 21:02:24 --> Session: Class initialized using 'CodeIgniter\Session\Handlers\FileHandler' driver.
INFO - 2025-08-05 21:02:28 --> Session: Class initialized using 'CodeIgniter\Session\Handlers\FileHandler' driver.
INFO - 2025-08-05 21:02:28 --> Cart Class Initialized
CRITICAL - 2025-08-05 21:02:28 --> ErrorException: Trying to access array offset on value of type null
in APPPATH\Controllers\carrito_controller.php on line 71.
 1 APPPATH\Controllers\carrito_controller.php(71): CodeIgniter\Debug\Exceptions->errorHandler(2, 'Trying to access array offset on value of type null', 'C:\\xampp\\htdocs\\proyecto_espinola_emilia\\app\\Controllers\\carrito_controller.php', 71)
 2 SYSTEMPATH\CodeIgniter.php(943): App\Controllers\carrito_controller->agregar_al_carrito()
 3 SYSTEMPATH\CodeIgniter.php(503): CodeIgniter\CodeIgniter->runController(Object(App\Controllers\carrito_controller))
 4 SYSTEMPATH\CodeIgniter.php(361): CodeIgniter\CodeIgniter->handleRequest(null, Object(Config\Cache), false)
 5 FCPATH\index.php(79): CodeIgniter\CodeIgniter->run()
INFO - 2025-08-05 21:03:43 --> Session: Class initialized using 'CodeIgniter\Session\Handlers\FileHandler' driver.
INFO - 2025-08-05 21:03:47 --> Session: Class initialized using 'CodeIgniter\Session\Handlers\FileHandler' driver.
INFO - 2025-08-05 21:03:47 --> Cart Class Initialized
CRITICAL - 2025-08-05 21:03:47 --> ErrorException: Undefined array key "id_productos_detalle"
in APPPATH\Controllers\carrito_controller.php on line 72.
 1 APPPATH\Controllers\carrito_controller.php(72): CodeIgniter\Debug\Exceptions->errorHandler(2, 'Undefined array key "id_productos_detalle"', 'C:\\xampp\\htdocs\\proyecto_espinola_emilia\\app\\Controllers\\carrito_controller.php', 72)
 2 SYSTEMPATH\CodeIgniter.php(943): App\Controllers\carrito_controller->agregar_al_carrito()
 3 SYSTEMPATH\CodeIgniter.php(503): CodeIgniter\CodeIgniter->runController(Object(App\Controllers\carrito_controller))
 4 SYSTEMPATH\CodeIgniter.php(361): CodeIgniter\CodeIgniter->handleRequest(null, Object(Config\Cache), false)
 5 FCPATH\index.php(79): CodeIgniter\CodeIgniter->run()
INFO - 2025-08-05 21:04:09 --> Session: Class initialized using 'CodeIgniter\Session\Handlers\FileHandler' driver.
INFO - 2025-08-05 21:04:13 --> Session: Class initialized using 'CodeIgniter\Session\Handlers\FileHandler' driver.
INFO - 2025-08-05 21:04:13 --> Cart Class Initialized
CRITICAL - 2025-08-05 21:04:13 --> ErrorException: Undefined array key "carrito"
in APPPATH\Controllers\carrito_controller.php on line 80.
 1 APPPATH\Controllers\carrito_controller.php(80): CodeIgniter\Debug\Exceptions->errorHandler(2, 'Undefined array key "carrito"', 'C:\\xampp\\htdocs\\proyecto_espinola_emilia\\app\\Controllers\\carrito_controller.php', 80)
 2 SYSTEMPATH\CodeIgniter.php(943): App\Controllers\carrito_controller->agregar_al_carrito()
 3 SYSTEMPATH\CodeIgniter.php(503): CodeIgniter\CodeIgniter->runController(Object(App\Controllers\carrito_controller))
 4 SYSTEMPATH\CodeIgniter.php(361): CodeIgniter\CodeIgniter->handleRequest(null, Object(Config\Cache), false)
 5 FCPATH\index.php(79): CodeIgniter\CodeIgniter->run()
INFO - 2025-08-05 21:07:07 --> Session: Class initialized using 'CodeIgniter\Session\Handlers\FileHandler' driver.
INFO - 2025-08-05 21:07:11 --> Session: Class initialized using 'CodeIgniter\Session\Handlers\FileHandler' driver.
INFO - 2025-08-05 21:07:11 --> Cart Class Initialized
CRITICAL - 2025-08-05 21:07:11 --> ErrorException: Trying to access array offset on value of type null
in APPPATH\Controllers\carrito_controller.php on line 64.
 1 APPPATH\Controllers\carrito_controller.php(64): CodeIgniter\Debug\Exceptions->errorHandler(2, 'Trying to access array offset on value of type null', 'C:\\xampp\\htdocs\\proyecto_espinola_emilia\\app\\Controllers\\carrito_controller.php', 64)
 2 SYSTEMPATH\CodeIgniter.php(943): App\Controllers\carrito_controller->agregar_al_carrito()
 3 SYSTEMPATH\CodeIgniter.php(503): CodeIgniter\CodeIgniter->runController(Object(App\Controllers\carrito_controller))
 4 SYSTEMPATH\CodeIgniter.php(361): CodeIgniter\CodeIgniter->handleRequest(null, Object(Config\Cache), false)
 5 FCPATH\index.php(79): CodeIgniter\CodeIgniter->run()
INFO - 2025-08-05 21:08:15 --> Session: Class initialized using 'CodeIgniter\Session\Handlers\FileHandler' driver.
INFO - 2025-08-05 21:08:18 --> Session: Class initialized using 'CodeIgniter\Session\Handlers\FileHandler' driver.
INFO - 2025-08-05 21:08:19 --> Cart Class Initialized
CRITICAL - 2025-08-05 21:08:19 --> ErrorException: Undefined variable $dProductoDetalle
in APPPATH\Controllers\carrito_controller.php on line 64.
 1 APPPATH\Controllers\carrito_controller.php(64): CodeIgniter\Debug\Exceptions->errorHandler(2, 'Undefined variable $dProductoDetalle', 'C:\\xampp\\htdocs\\proyecto_espinola_emilia\\app\\Controllers\\carrito_controller.php', 64)
 2 SYSTEMPATH\CodeIgniter.php(943): App\Controllers\carrito_controller->agregar_al_carrito()
 3 SYSTEMPATH\CodeIgniter.php(503): CodeIgniter\CodeIgniter->runController(Object(App\Controllers\carrito_controller))
 4 SYSTEMPATH\CodeIgniter.php(361): CodeIgniter\CodeIgniter->handleRequest(null, Object(Config\Cache), false)
 5 FCPATH\index.php(79): CodeIgniter\CodeIgniter->run()
INFO - 2025-08-05 21:08:38 --> Session: Class initialized using 'CodeIgniter\Session\Handlers\FileHandler' driver.
INFO - 2025-08-05 21:08:41 --> Session: Class initialized using 'CodeIgniter\Session\Handlers\FileHandler' driver.
INFO - 2025-08-05 21:08:41 --> Cart Class Initialized
CRITICAL - 2025-08-05 21:08:41 --> TypeError: Illegal offset type
in APPPATH\Controllers\carrito_controller.php on line 64.
 1 SYSTEMPATH\CodeIgniter.php(943): App\Controllers\carrito_controller->agregar_al_carrito()
 2 SYSTEMPATH\CodeIgniter.php(503): CodeIgniter\CodeIgniter->runController(Object(App\Controllers\carrito_controller))
 3 SYSTEMPATH\CodeIgniter.php(361): CodeIgniter\CodeIgniter->handleRequest(null, Object(Config\Cache), false)
 4 FCPATH\index.php(79): CodeIgniter\CodeIgniter->run()
INFO - 2025-08-05 21:10:22 --> Session: Class initialized using 'CodeIgniter\Session\Handlers\FileHandler' driver.
INFO - 2025-08-05 21:10:26 --> Session: Class initialized using 'CodeIgniter\Session\Handlers\FileHandler' driver.
INFO - 2025-08-05 21:10:26 --> Cart Class Initialized
CRITICAL - 2025-08-05 21:10:26 --> TypeError: Illegal offset type
in APPPATH\Controllers\carrito_controller.php on line 65.
 1 SYSTEMPATH\CodeIgniter.php(943): App\Controllers\carrito_controller->agregar_al_carrito()
 2 SYSTEMPATH\CodeIgniter.php(503): CodeIgniter\CodeIgniter->runController(Object(App\Controllers\carrito_controller))
 3 SYSTEMPATH\CodeIgniter.php(361): CodeIgniter\CodeIgniter->handleRequest(null, Object(Config\Cache), false)
 4 FCPATH\index.php(79): CodeIgniter\CodeIgniter->run()
INFO - 2025-08-05 21:10:55 --> Session: Class initialized using 'CodeIgniter\Session\Handlers\FileHandler' driver.
INFO - 2025-08-05 21:10:58 --> Session: Class initialized using 'CodeIgniter\Session\Handlers\FileHandler' driver.
INFO - 2025-08-05 21:10:58 --> Cart Class Initialized
CRITICAL - 2025-08-05 21:10:58 --> ErrorException: Undefined array key "carrito"
in APPPATH\Controllers\carrito_controller.php on line 80.
 1 APPPATH\Controllers\carrito_controller.php(80): CodeIgniter\Debug\Exceptions->errorHandler(2, 'Undefined array key "carrito"', 'C:\\xampp\\htdocs\\proyecto_espinola_emilia\\app\\Controllers\\carrito_controller.php', 80)
 2 SYSTEMPATH\CodeIgniter.php(943): App\Controllers\carrito_controller->agregar_al_carrito()
 3 SYSTEMPATH\CodeIgniter.php(503): CodeIgniter\CodeIgniter->runController(Object(App\Controllers\carrito_controller))
 4 SYSTEMPATH\CodeIgniter.php(361): CodeIgniter\CodeIgniter->handleRequest(null, Object(Config\Cache), false)
 5 FCPATH\index.php(79): CodeIgniter\CodeIgniter->run()
INFO - 2025-08-05 21:11:35 --> Session: Class initialized using 'CodeIgniter\Session\Handlers\FileHandler' driver.
INFO - 2025-08-05 21:11:38 --> Session: Class initialized using 'CodeIgniter\Session\Handlers\FileHandler' driver.
INFO - 2025-08-05 21:11:39 --> Cart Class Initialized
INFO - 2025-08-05 21:19:19 --> Session: Class initialized using 'CodeIgniter\Session\Handlers\FileHandler' driver.
INFO - 2025-08-05 21:19:21 --> Session: Class initialized using 'CodeIgniter\Session\Handlers\FileHandler' driver.
INFO - 2025-08-05 21:19:21 --> Cart Class Initialized
INFO - 2025-08-05 21:19:21 --> Session: Class initialized using 'CodeIgniter\Session\Handlers\FileHandler' driver.
