INFO - 2024-06-05 14:42:18 --> Session: Class initialized using 'CodeIgniter\Session\Handlers\FileHandler' driver.
INFO - 2024-06-05 14:42:18 --> Cart Class Initialized
CRITICAL - 2024-06-05 14:42:22 --> ParseError: syntax error, unexpected 'array' (T_ARRAY)
in APPPATH\Views\front\principal.php on line 49.
 1 SYSTEMPATH\View\View.php(231): CodeIgniter\View\View->CodeIgniter\View\{closure}()
 2 SYSTEMPATH\Common.php(1178): CodeIgniter\View\View->render('front/principal', [], true)
 3 APPPATH\Controllers\Home.php(16): view('front/principal', [...])
 4 SYSTEMPATH\CodeIgniter.php(943): App\Controllers\Home->index()
 5 SYSTEMPATH\CodeIgniter.php(503): CodeIgniter\CodeIgniter->runController(Object(App\Controllers\Home))
 6 SYSTEMPATH\CodeIgniter.php(361): CodeIgniter\CodeIgniter->handleRequest(null, Object(Config\Cache), false)
 7 FCPATH\index.php(79): CodeIgniter\CodeIgniter->run()
CRITICAL - 2024-06-05 14:43:25 --> Error: Call to undefined function form_open()
in APPPATH\Views\front\principal.php on line 42.
 1 SYSTEMPATH\View\View.php(228): include()
 2 SYSTEMPATH\View\View.php(231): CodeIgniter\View\View->CodeIgniter\View\{closure}()
 3 SYSTEMPATH\Common.php(1178): CodeIgniter\View\View->render('front/principal', [], true)
 4 APPPATH\Controllers\Home.php(16): view('front/principal', [...])
 5 SYSTEMPATH\CodeIgniter.php(943): App\Controllers\Home->index()
 6 SYSTEMPATH\CodeIgniter.php(503): CodeIgniter\CodeIgniter->runController(Object(App\Controllers\Home))
 7 SYSTEMPATH\CodeIgniter.php(361): CodeIgniter\CodeIgniter->handleRequest(null, Object(Config\Cache), false)
 8 FCPATH\index.php(79): CodeIgniter\CodeIgniter->run()
CRITICAL - 2024-06-05 14:44:44 --> Error: Call to undefined function form_open()
in APPPATH\Views\front\principal.php on line 42.
 1 SYSTEMPATH\View\View.php(228): include()
 2 SYSTEMPATH\View\View.php(231): CodeIgniter\View\View->CodeIgniter\View\{closure}()
 3 SYSTEMPATH\Common.php(1178): CodeIgniter\View\View->render('front/principal', [], true)
 4 APPPATH\Controllers\Home.php(16): view('front/principal', [...])
 5 SYSTEMPATH\CodeIgniter.php(943): App\Controllers\Home->index()
 6 SYSTEMPATH\CodeIgniter.php(503): CodeIgniter\CodeIgniter->runController(Object(App\Controllers\Home))
 7 SYSTEMPATH\CodeIgniter.php(361): CodeIgniter\CodeIgniter->handleRequest(null, Object(Config\Cache), false)
 8 FCPATH\index.php(79): CodeIgniter\CodeIgniter->run()
INFO - 2024-06-05 14:45:49 --> Session: Class initialized using 'CodeIgniter\Session\Handlers\FileHandler' driver.
INFO - 2024-06-05 14:45:49 --> Cart Class Initialized
CRITICAL - 2024-06-05 14:45:49 --> Error: Call to undefined function form_open()
in APPPATH\Views\front\principal.php on line 47.
 1 SYSTEMPATH\View\View.php(228): include()
 2 SYSTEMPATH\View\View.php(231): CodeIgniter\View\View->CodeIgniter\View\{closure}()
 3 SYSTEMPATH\Common.php(1178): CodeIgniter\View\View->render('front/principal', [], true)
 4 APPPATH\Controllers\Home.php(16): view('front/principal', [...])
 5 SYSTEMPATH\CodeIgniter.php(943): App\Controllers\Home->index()
 6 SYSTEMPATH\CodeIgniter.php(503): CodeIgniter\CodeIgniter->runController(Object(App\Controllers\Home))
 7 SYSTEMPATH\CodeIgniter.php(361): CodeIgniter\CodeIgniter->handleRequest(null, Object(Config\Cache), false)
 8 FCPATH\index.php(79): CodeIgniter\CodeIgniter->run()
INFO - 2024-06-05 14:46:15 --> Session: Class initialized using 'CodeIgniter\Session\Handlers\FileHandler' driver.
INFO - 2024-06-05 14:46:15 --> Cart Class Initialized
CRITICAL - 2024-06-05 14:46:15 --> Error: Call to undefined function form_open()
in APPPATH\Views\front\principal.php on line 47.
 1 SYSTEMPATH\View\View.php(228): include()
 2 SYSTEMPATH\View\View.php(231): CodeIgniter\View\View->CodeIgniter\View\{closure}()
 3 SYSTEMPATH\Common.php(1178): CodeIgniter\View\View->render('front/principal', [], true)
 4 APPPATH\Controllers\Home.php(16): view('front/principal', [...])
 5 SYSTEMPATH\CodeIgniter.php(943): App\Controllers\Home->index()
 6 SYSTEMPATH\CodeIgniter.php(503): CodeIgniter\CodeIgniter->runController(Object(App\Controllers\Home))
 7 SYSTEMPATH\CodeIgniter.php(361): CodeIgniter\CodeIgniter->handleRequest(null, Object(Config\Cache), false)
 8 FCPATH\index.php(79): CodeIgniter\CodeIgniter->run()
INFO - 2024-06-05 14:46:18 --> Session: Class initialized using 'CodeIgniter\Session\Handlers\FileHandler' driver.
INFO - 2024-06-05 14:46:18 --> Cart Class Initialized
CRITICAL - 2024-06-05 14:46:18 --> Error: Call to undefined function form_open()
in APPPATH\Views\front\principal.php on line 47.
 1 SYSTEMPATH\View\View.php(228): include()
 2 SYSTEMPATH\View\View.php(231): CodeIgniter\View\View->CodeIgniter\View\{closure}()
 3 SYSTEMPATH\Common.php(1178): CodeIgniter\View\View->render('front/principal', [], true)
 4 APPPATH\Controllers\Home.php(16): view('front/principal', [...])
 5 SYSTEMPATH\CodeIgniter.php(943): App\Controllers\Home->index()
 6 SYSTEMPATH\CodeIgniter.php(503): CodeIgniter\CodeIgniter->runController(Object(App\Controllers\Home))
 7 SYSTEMPATH\CodeIgniter.php(361): CodeIgniter\CodeIgniter->handleRequest(null, Object(Config\Cache), false)
 8 FCPATH\index.php(79): CodeIgniter\CodeIgniter->run()
INFO - 2024-06-05 14:48:28 --> Session: Class initialized using 'CodeIgniter\Session\Handlers\FileHandler' driver.
INFO - 2024-06-05 14:48:28 --> Cart Class Initialized
CRITICAL - 2024-06-05 14:48:28 --> ErrorException: Undefined variable: row
in APPPATH\Views\front\principal.php on line 48.
 1 APPPATH\Views\front\principal.php(48): CodeIgniter\Debug\Exceptions->errorHandler(8, 'Undefined variable: row', 'C:\\xampp\\htdocs\\proyecto_espinola_emilia\\app\\Views\\front\\principal.php', 48, [...])
 2 SYSTEMPATH\View\View.php(228): include('C:\\xampp\\htdocs\\proyecto_espinola_emilia\\app\\Views\\front\\principal.php')
 3 SYSTEMPATH\View\View.php(231): CodeIgniter\View\View->CodeIgniter\View\{closure}()
 4 SYSTEMPATH\Common.php(1178): CodeIgniter\View\View->render('front/principal', [], true)
 5 APPPATH\Controllers\Home.php(25): view('front/principal', [...])
 6 SYSTEMPATH\CodeIgniter.php(943): App\Controllers\Home->index()
 7 SYSTEMPATH\CodeIgniter.php(503): CodeIgniter\CodeIgniter->runController(Object(App\Controllers\Home))
 8 SYSTEMPATH\CodeIgniter.php(361): CodeIgniter\CodeIgniter->handleRequest(null, Object(Config\Cache), false)
 9 FCPATH\index.php(79): CodeIgniter\CodeIgniter->run()
INFO - 2024-06-05 14:50:50 --> Session: Class initialized using 'CodeIgniter\Session\Handlers\FileHandler' driver.
INFO - 2024-06-05 14:50:50 --> Cart Class Initialized
CRITICAL - 2024-06-05 14:50:51 --> ErrorException: Undefined variable: row
in APPPATH\Views\front\principal.php on line 48.
 1 APPPATH\Views\front\principal.php(48): CodeIgniter\Debug\Exceptions->errorHandler(8, 'Undefined variable: row', 'C:\\xampp\\htdocs\\proyecto_espinola_emilia\\app\\Views\\front\\principal.php', 48, [...])
 2 SYSTEMPATH\View\View.php(228): include('C:\\xampp\\htdocs\\proyecto_espinola_emilia\\app\\Views\\front\\principal.php')
 3 SYSTEMPATH\View\View.php(231): CodeIgniter\View\View->CodeIgniter\View\{closure}()
 4 SYSTEMPATH\Common.php(1178): CodeIgniter\View\View->render('front/principal', [], true)
 5 APPPATH\Controllers\Home.php(25): view('front/principal', [...])
 6 SYSTEMPATH\CodeIgniter.php(943): App\Controllers\Home->index()
 7 SYSTEMPATH\CodeIgniter.php(503): CodeIgniter\CodeIgniter->runController(Object(App\Controllers\Home))
 8 SYSTEMPATH\CodeIgniter.php(361): CodeIgniter\CodeIgniter->handleRequest(null, Object(Config\Cache), false)
 9 FCPATH\index.php(79): CodeIgniter\CodeIgniter->run()
INFO - 2024-06-05 14:50:53 --> Session: Class initialized using 'CodeIgniter\Session\Handlers\FileHandler' driver.
INFO - 2024-06-05 14:50:53 --> Cart Class Initialized
CRITICAL - 2024-06-05 14:50:53 --> ErrorException: Undefined variable: row
in APPPATH\Views\front\principal.php on line 48.
 1 APPPATH\Views\front\principal.php(48): CodeIgniter\Debug\Exceptions->errorHandler(8, 'Undefined variable: row', 'C:\\xampp\\htdocs\\proyecto_espinola_emilia\\app\\Views\\front\\principal.php', 48, [...])
 2 SYSTEMPATH\View\View.php(228): include('C:\\xampp\\htdocs\\proyecto_espinola_emilia\\app\\Views\\front\\principal.php')
 3 SYSTEMPATH\View\View.php(231): CodeIgniter\View\View->CodeIgniter\View\{closure}()
 4 SYSTEMPATH\Common.php(1178): CodeIgniter\View\View->render('front/principal', [], true)
 5 APPPATH\Controllers\Home.php(25): view('front/principal', [...])
 6 SYSTEMPATH\CodeIgniter.php(943): App\Controllers\Home->index()
 7 SYSTEMPATH\CodeIgniter.php(503): CodeIgniter\CodeIgniter->runController(Object(App\Controllers\Home))
 8 SYSTEMPATH\CodeIgniter.php(361): CodeIgniter\CodeIgniter->handleRequest(null, Object(Config\Cache), false)
 9 FCPATH\index.php(79): CodeIgniter\CodeIgniter->run()
INFO - 2024-06-05 14:51:02 --> Session: Class initialized using 'CodeIgniter\Session\Handlers\FileHandler' driver.
INFO - 2024-06-05 14:51:02 --> Cart Class Initialized
INFO - 2024-06-05 14:51:09 --> Session: Class initialized using 'CodeIgniter\Session\Handlers\FileHandler' driver.
INFO - 2024-06-05 14:51:09 --> Cart Class Initialized
CRITICAL - 2024-06-05 14:51:09 --> ErrorException: Undefined variable: row
in APPPATH\Views\front\principal.php on line 48.
 1 APPPATH\Views\front\principal.php(48): CodeIgniter\Debug\Exceptions->errorHandler(8, 'Undefined variable: row', 'C:\\xampp\\htdocs\\proyecto_espinola_emilia\\app\\Views\\front\\principal.php', 48, [...])
 2 SYSTEMPATH\View\View.php(228): include('C:\\xampp\\htdocs\\proyecto_espinola_emilia\\app\\Views\\front\\principal.php')
 3 SYSTEMPATH\View\View.php(231): CodeIgniter\View\View->CodeIgniter\View\{closure}()
 4 SYSTEMPATH\Common.php(1178): CodeIgniter\View\View->render('front/principal', [], true)
 5 APPPATH\Controllers\Home.php(25): view('front/principal', [...])
 6 SYSTEMPATH\CodeIgniter.php(943): App\Controllers\Home->index()
 7 SYSTEMPATH\CodeIgniter.php(503): CodeIgniter\CodeIgniter->runController(Object(App\Controllers\Home))
 8 SYSTEMPATH\CodeIgniter.php(361): CodeIgniter\CodeIgniter->handleRequest(null, Object(Config\Cache), false)
 9 FCPATH\index.php(79): CodeIgniter\CodeIgniter->run()
INFO - 2024-06-05 14:52:17 --> Session: Class initialized using 'CodeIgniter\Session\Handlers\FileHandler' driver.
INFO - 2024-06-05 14:52:17 --> Cart Class Initialized
CRITICAL - 2024-06-05 14:52:17 --> ErrorException: Undefined variable: row
in APPPATH\Views\front\principal.php on line 48.
 1 APPPATH\Views\front\principal.php(48): CodeIgniter\Debug\Exceptions->errorHandler(8, 'Undefined variable: row', 'C:\\xampp\\htdocs\\proyecto_espinola_emilia\\app\\Views\\front\\principal.php', 48, [...])
 2 SYSTEMPATH\View\View.php(228): include('C:\\xampp\\htdocs\\proyecto_espinola_emilia\\app\\Views\\front\\principal.php')
 3 SYSTEMPATH\View\View.php(231): CodeIgniter\View\View->CodeIgniter\View\{closure}()
 4 SYSTEMPATH\Common.php(1178): CodeIgniter\View\View->render('front/principal', [], true)
 5 APPPATH\Controllers\Home.php(25): view('front/principal', [...])
 6 SYSTEMPATH\CodeIgniter.php(943): App\Controllers\Home->index()
 7 SYSTEMPATH\CodeIgniter.php(503): CodeIgniter\CodeIgniter->runController(Object(App\Controllers\Home))
 8 SYSTEMPATH\CodeIgniter.php(361): CodeIgniter\CodeIgniter->handleRequest(null, Object(Config\Cache), false)
 9 FCPATH\index.php(79): CodeIgniter\CodeIgniter->run()
INFO - 2024-06-05 14:52:35 --> Session: Class initialized using 'CodeIgniter\Session\Handlers\FileHandler' driver.
INFO - 2024-06-05 14:52:35 --> Cart Class Initialized
CRITICAL - 2024-06-05 14:52:35 --> ErrorException: Undefined variable: row
in APPPATH\Views\front\principal.php on line 48.
 1 APPPATH\Views\front\principal.php(48): CodeIgniter\Debug\Exceptions->errorHandler(8, 'Undefined variable: row', 'C:\\xampp\\htdocs\\proyecto_espinola_emilia\\app\\Views\\front\\principal.php', 48, [...])
 2 SYSTEMPATH\View\View.php(228): include('C:\\xampp\\htdocs\\proyecto_espinola_emilia\\app\\Views\\front\\principal.php')
 3 SYSTEMPATH\View\View.php(231): CodeIgniter\View\View->CodeIgniter\View\{closure}()
 4 SYSTEMPATH\Common.php(1178): CodeIgniter\View\View->render('front/principal', [], true)
 5 APPPATH\Controllers\Home.php(25): view('front/principal', [...])
 6 SYSTEMPATH\CodeIgniter.php(943): App\Controllers\Home->index()
 7 SYSTEMPATH\CodeIgniter.php(503): CodeIgniter\CodeIgniter->runController(Object(App\Controllers\Home))
 8 SYSTEMPATH\CodeIgniter.php(361): CodeIgniter\CodeIgniter->handleRequest(null, Object(Config\Cache), false)
 9 FCPATH\index.php(79): CodeIgniter\CodeIgniter->run()
INFO - 2024-06-05 14:53:01 --> Session: Class initialized using 'CodeIgniter\Session\Handlers\FileHandler' driver.
INFO - 2024-06-05 14:53:01 --> Cart Class Initialized
CRITICAL - 2024-06-05 14:53:01 --> ErrorException: Undefined variable: row
in APPPATH\Views\front\principal.php on line 43.
 1 APPPATH\Views\front\principal.php(43): CodeIgniter\Debug\Exceptions->errorHandler(8, 'Undefined variable: row', 'C:\\xampp\\htdocs\\proyecto_espinola_emilia\\app\\Views\\front\\principal.php', 43, [...])
 2 SYSTEMPATH\View\View.php(228): include('C:\\xampp\\htdocs\\proyecto_espinola_emilia\\app\\Views\\front\\principal.php')
 3 SYSTEMPATH\View\View.php(231): CodeIgniter\View\View->CodeIgniter\View\{closure}()
 4 SYSTEMPATH\Common.php(1178): CodeIgniter\View\View->render('front/principal', [], true)
 5 APPPATH\Controllers\Home.php(25): view('front/principal', [...])
 6 SYSTEMPATH\CodeIgniter.php(943): App\Controllers\Home->index()
 7 SYSTEMPATH\CodeIgniter.php(503): CodeIgniter\CodeIgniter->runController(Object(App\Controllers\Home))
 8 SYSTEMPATH\CodeIgniter.php(361): CodeIgniter\CodeIgniter->handleRequest(null, Object(Config\Cache), false)
 9 FCPATH\index.php(79): CodeIgniter\CodeIgniter->run()
INFO - 2024-06-05 14:56:56 --> Session: Class initialized using 'CodeIgniter\Session\Handlers\FileHandler' driver.
INFO - 2024-06-05 14:56:56 --> Cart Class Initialized
CRITICAL - 2024-06-05 14:56:56 --> TypeError: Argument 3 passed to view() must be of the type array, object given, called in C:\xampp\htdocs\proyecto_espinola_emilia\app\Controllers\Home.php on line 25
in SYSTEMPATH\Common.php on line 1166.
 1 APPPATH\Controllers\Home.php(25): view('front/principal', [...], Object(CodeIgniterCart\Cart))
 2 SYSTEMPATH\CodeIgniter.php(943): App\Controllers\Home->index()
 3 SYSTEMPATH\CodeIgniter.php(503): CodeIgniter\CodeIgniter->runController(Object(App\Controllers\Home))
 4 SYSTEMPATH\CodeIgniter.php(361): CodeIgniter\CodeIgniter->handleRequest(null, Object(Config\Cache), false)
 5 FCPATH\index.php(79): CodeIgniter\CodeIgniter->run()
CRITICAL - 2024-06-05 14:58:22 --> ErrorException: Undefined variable: cart
in APPPATH\Controllers\Home.php on line 12.
 1 APPPATH\Controllers\Home.php(12): CodeIgniter\Debug\Exceptions->errorHandler(8, 'Undefined variable: cart', 'C:\\xampp\\htdocs\\proyecto_espinola_emilia\\app\\Controllers\\Home.php', 12, [...])
 2 SYSTEMPATH\CodeIgniter.php(943): App\Controllers\Home->index()
 3 SYSTEMPATH\CodeIgniter.php(503): CodeIgniter\CodeIgniter->runController(Object(App\Controllers\Home))
 4 SYSTEMPATH\CodeIgniter.php(361): CodeIgniter\CodeIgniter->handleRequest(null, Object(Config\Cache), false)
 5 FCPATH\index.php(79): CodeIgniter\CodeIgniter->run()
INFO - 2024-06-05 14:59:10 --> Session: Class initialized using 'CodeIgniter\Session\Handlers\FileHandler' driver.
INFO - 2024-06-05 14:59:10 --> Cart Class Initialized
CRITICAL - 2024-06-05 14:59:10 --> ErrorException: Undefined variable: row
in APPPATH\Views\front\principal.php on line 43.
 1 APPPATH\Views\front\principal.php(43): CodeIgniter\Debug\Exceptions->errorHandler(8, 'Undefined variable: row', 'C:\\xampp\\htdocs\\proyecto_espinola_emilia\\app\\Views\\front\\principal.php', 43, [...])
 2 SYSTEMPATH\View\View.php(228): include('C:\\xampp\\htdocs\\proyecto_espinola_emilia\\app\\Views\\front\\principal.php')
 3 SYSTEMPATH\View\View.php(231): CodeIgniter\View\View->CodeIgniter\View\{closure}()
 4 SYSTEMPATH\Common.php(1178): CodeIgniter\View\View->render('front/principal', [], true)
 5 APPPATH\Controllers\Home.php(26): view('front/principal', [...])
 6 SYSTEMPATH\CodeIgniter.php(943): App\Controllers\Home->index()
 7 SYSTEMPATH\CodeIgniter.php(503): CodeIgniter\CodeIgniter->runController(Object(App\Controllers\Home))
 8 SYSTEMPATH\CodeIgniter.php(361): CodeIgniter\CodeIgniter->handleRequest(null, Object(Config\Cache), false)
 9 FCPATH\index.php(79): CodeIgniter\CodeIgniter->run()
INFO - 2024-06-05 15:01:20 --> Session: Class initialized using 'CodeIgniter\Session\Handlers\FileHandler' driver.
INFO - 2024-06-05 15:01:20 --> Cart Class Initialized
CRITICAL - 2024-06-05 15:01:21 --> ErrorException: Undefined variable: row
in APPPATH\Views\front\principal.php on line 48.
 1 APPPATH\Views\front\principal.php(48): CodeIgniter\Debug\Exceptions->errorHandler(8, 'Undefined variable: row', 'C:\\xampp\\htdocs\\proyecto_espinola_emilia\\app\\Views\\front\\principal.php', 48, [...])
 2 SYSTEMPATH\View\View.php(228): include('C:\\xampp\\htdocs\\proyecto_espinola_emilia\\app\\Views\\front\\principal.php')
 3 SYSTEMPATH\View\View.php(231): CodeIgniter\View\View->CodeIgniter\View\{closure}()
 4 SYSTEMPATH\Common.php(1178): CodeIgniter\View\View->render('front/principal', [], true)
 5 APPPATH\Controllers\Home.php(26): view('front/principal', [...])
 6 SYSTEMPATH\CodeIgniter.php(943): App\Controllers\Home->index()
 7 SYSTEMPATH\CodeIgniter.php(503): CodeIgniter\CodeIgniter->runController(Object(App\Controllers\Home))
 8 SYSTEMPATH\CodeIgniter.php(361): CodeIgniter\CodeIgniter->handleRequest(null, Object(Config\Cache), false)
 9 FCPATH\index.php(79): CodeIgniter\CodeIgniter->run()
INFO - 2024-06-05 15:01:25 --> Session: Class initialized using 'CodeIgniter\Session\Handlers\FileHandler' driver.
INFO - 2024-06-05 15:01:25 --> Cart Class Initialized
INFO - 2024-06-05 15:01:33 --> Session: Class initialized using 'CodeIgniter\Session\Handlers\FileHandler' driver.
INFO - 2024-06-05 15:01:33 --> Cart Class Initialized
CRITICAL - 2024-06-05 15:01:33 --> ErrorException: Undefined variable: row
in APPPATH\Views\front\principal.php on line 48.
 1 APPPATH\Views\front\principal.php(48): CodeIgniter\Debug\Exceptions->errorHandler(8, 'Undefined variable: row', 'C:\\xampp\\htdocs\\proyecto_espinola_emilia\\app\\Views\\front\\principal.php', 48, [...])
 2 SYSTEMPATH\View\View.php(228): include('C:\\xampp\\htdocs\\proyecto_espinola_emilia\\app\\Views\\front\\principal.php')
 3 SYSTEMPATH\View\View.php(231): CodeIgniter\View\View->CodeIgniter\View\{closure}()
 4 SYSTEMPATH\Common.php(1178): CodeIgniter\View\View->render('front/principal', [], true)
 5 APPPATH\Controllers\Home.php(26): view('front/principal', [...])
 6 SYSTEMPATH\CodeIgniter.php(943): App\Controllers\Home->index()
 7 SYSTEMPATH\CodeIgniter.php(503): CodeIgniter\CodeIgniter->runController(Object(App\Controllers\Home))
 8 SYSTEMPATH\CodeIgniter.php(361): CodeIgniter\CodeIgniter->handleRequest(null, Object(Config\Cache), false)
 9 FCPATH\index.php(79): CodeIgniter\CodeIgniter->run()
INFO - 2024-06-05 15:02:16 --> Session: Class initialized using 'CodeIgniter\Session\Handlers\FileHandler' driver.
INFO - 2024-06-05 15:02:16 --> Cart Class Initialized
CRITICAL - 2024-06-05 15:02:16 --> ErrorException: Undefined variable: row
in APPPATH\Views\front\principal.php on line 48.
 1 APPPATH\Views\front\principal.php(48): CodeIgniter\Debug\Exceptions->errorHandler(8, 'Undefined variable: row', 'C:\\xampp\\htdocs\\proyecto_espinola_emilia\\app\\Views\\front\\principal.php', 48, [...])
 2 SYSTEMPATH\View\View.php(228): include('C:\\xampp\\htdocs\\proyecto_espinola_emilia\\app\\Views\\front\\principal.php')
 3 SYSTEMPATH\View\View.php(231): CodeIgniter\View\View->CodeIgniter\View\{closure}()
 4 SYSTEMPATH\Common.php(1178): CodeIgniter\View\View->render('front/principal', [], true)
 5 APPPATH\Controllers\Home.php(25): view('front/principal', [...])
 6 SYSTEMPATH\CodeIgniter.php(943): App\Controllers\Home->index()
 7 SYSTEMPATH\CodeIgniter.php(503): CodeIgniter\CodeIgniter->runController(Object(App\Controllers\Home))
 8 SYSTEMPATH\CodeIgniter.php(361): CodeIgniter\CodeIgniter->handleRequest(null, Object(Config\Cache), false)
 9 FCPATH\index.php(79): CodeIgniter\CodeIgniter->run()
INFO - 2024-06-05 15:03:27 --> Session: Class initialized using 'CodeIgniter\Session\Handlers\FileHandler' driver.
INFO - 2024-06-05 15:03:27 --> Cart Class Initialized
CRITICAL - 2024-06-05 15:03:27 --> Error: Cannot use object of type CodeIgniterCart\Cart as array
in APPPATH\Views\front\principal.php on line 48.
 1 SYSTEMPATH\View\View.php(228): include()
 2 SYSTEMPATH\View\View.php(231): CodeIgniter\View\View->CodeIgniter\View\{closure}()
 3 SYSTEMPATH\Common.php(1178): CodeIgniter\View\View->render('front/principal', [], true)
 4 APPPATH\Controllers\Home.php(25): view('front/principal', [...])
 5 SYSTEMPATH\CodeIgniter.php(943): App\Controllers\Home->index()
 6 SYSTEMPATH\CodeIgniter.php(503): CodeIgniter\CodeIgniter->runController(Object(App\Controllers\Home))
 7 SYSTEMPATH\CodeIgniter.php(361): CodeIgniter\CodeIgniter->handleRequest(null, Object(Config\Cache), false)
 8 FCPATH\index.php(79): CodeIgniter\CodeIgniter->run()
INFO - 2024-06-05 15:11:05 --> Session: Class initialized using 'CodeIgniter\Session\Handlers\FileHandler' driver.
INFO - 2024-06-05 15:11:05 --> Cart Class Initialized
CRITICAL - 2024-06-05 15:11:05 --> ErrorException: Undefined index: id
in APPPATH\Views\front\principal.php on line 47.
 1 APPPATH\Views\front\principal.php(47): CodeIgniter\Debug\Exceptions->errorHandler(8, 'Undefined index: id', 'C:\\xampp\\htdocs\\proyecto_espinola_emilia\\app\\Views\\front\\principal.php', 47, [...])
 2 SYSTEMPATH\View\View.php(228): include('C:\\xampp\\htdocs\\proyecto_espinola_emilia\\app\\Views\\front\\principal.php')
 3 SYSTEMPATH\View\View.php(231): CodeIgniter\View\View->CodeIgniter\View\{closure}()
 4 SYSTEMPATH\Common.php(1178): CodeIgniter\View\View->render('front/principal', [], true)
 5 APPPATH\Controllers\Home.php(25): view('front/principal', [...])
 6 SYSTEMPATH\CodeIgniter.php(943): App\Controllers\Home->index()
 7 SYSTEMPATH\CodeIgniter.php(503): CodeIgniter\CodeIgniter->runController(Object(App\Controllers\Home))
 8 SYSTEMPATH\CodeIgniter.php(361): CodeIgniter\CodeIgniter->handleRequest(null, Object(Config\Cache), false)
 9 FCPATH\index.php(79): CodeIgniter\CodeIgniter->run()
INFO - 2024-06-05 15:11:50 --> Session: Class initialized using 'CodeIgniter\Session\Handlers\FileHandler' driver.
INFO - 2024-06-05 15:11:50 --> Cart Class Initialized
INFO - 2024-06-05 15:12:01 --> Session: Class initialized using 'CodeIgniter\Session\Handlers\FileHandler' driver.
INFO - 2024-06-05 15:12:01 --> Cart Class Initialized
CRITICAL - 2024-06-05 15:12:01 --> ErrorException: Undefined property: App\Controllers\carrito_controller::$cart
in APPPATH\Controllers\carrito_controller.php on line 37.
 1 APPPATH\Controllers\carrito_controller.php(37): CodeIgniter\Debug\Exceptions->errorHandler(8, 'Undefined property: App\\Controllers\\carrito_controller::$cart', 'C:\\xampp\\htdocs\\proyecto_espinola_emilia\\app\\Controllers\\carrito_controller.php', 37, [...])
 2 SYSTEMPATH\CodeIgniter.php(943): App\Controllers\carrito_controller->añadirCarrito()
 3 SYSTEMPATH\CodeIgniter.php(503): CodeIgniter\CodeIgniter->runController(Object(App\Controllers\carrito_controller))
 4 SYSTEMPATH\CodeIgniter.php(361): CodeIgniter\CodeIgniter->handleRequest(null, Object(Config\Cache), false)
 5 FCPATH\index.php(79): CodeIgniter\CodeIgniter->run()
INFO - 2024-06-05 15:13:10 --> Session: Class initialized using 'CodeIgniter\Session\Handlers\FileHandler' driver.
INFO - 2024-06-05 15:13:10 --> Cart Class Initialized
INFO - 2024-06-05 15:13:11 --> Session: Class initialized using 'CodeIgniter\Session\Handlers\FileHandler' driver.
INFO - 2024-06-05 15:13:11 --> Cart Class Initialized
INFO - 2024-06-05 15:13:24 --> Session: Class initialized using 'CodeIgniter\Session\Handlers\FileHandler' driver.
INFO - 2024-06-05 15:13:24 --> Cart Class Initialized
INFO - 2024-06-05 15:13:36 --> Session: Class initialized using 'CodeIgniter\Session\Handlers\FileHandler' driver.
INFO - 2024-06-05 15:13:36 --> Cart Class Initialized
INFO - 2024-06-05 15:13:43 --> Session: Class initialized using 'CodeIgniter\Session\Handlers\FileHandler' driver.
INFO - 2024-06-05 15:13:43 --> Cart Class Initialized
INFO - 2024-06-05 15:13:44 --> Session: Class initialized using 'CodeIgniter\Session\Handlers\FileHandler' driver.
INFO - 2024-06-05 15:13:44 --> Cart Class Initialized
INFO - 2024-06-05 15:16:11 --> Session: Class initialized using 'CodeIgniter\Session\Handlers\FileHandler' driver.
INFO - 2024-06-05 15:16:11 --> Cart Class Initialized
INFO - 2024-06-05 15:16:24 --> Session: Class initialized using 'CodeIgniter\Session\Handlers\FileHandler' driver.
INFO - 2024-06-05 15:16:24 --> Cart Class Initialized
INFO - 2024-06-05 15:17:42 --> Session: Class initialized using 'CodeIgniter\Session\Handlers\FileHandler' driver.
INFO - 2024-06-05 15:17:42 --> Cart Class Initialized
INFO - 2024-06-05 15:17:45 --> Session: Class initialized using 'CodeIgniter\Session\Handlers\FileHandler' driver.
INFO - 2024-06-05 15:17:45 --> Cart Class Initialized
INFO - 2024-06-05 15:17:49 --> Session: Class initialized using 'CodeIgniter\Session\Handlers\FileHandler' driver.
INFO - 2024-06-05 15:17:49 --> Cart Class Initialized
INFO - 2024-06-05 15:17:50 --> Session: Class initialized using 'CodeIgniter\Session\Handlers\FileHandler' driver.
INFO - 2024-06-05 15:17:50 --> Cart Class Initialized
INFO - 2024-06-05 15:18:25 --> Session: Class initialized using 'CodeIgniter\Session\Handlers\FileHandler' driver.
INFO - 2024-06-05 15:18:25 --> Cart Class Initialized
CRITICAL - 2024-06-05 15:18:25 --> ErrorException: Illegal string offset 'id_prod'
in APPPATH\Views\back\carrito.php on line 36.
 1 APPPATH\Views\back\carrito.php(36): CodeIgniter\Debug\Exceptions->errorHandler(2, 'Illegal string offset \'id_prod\'', 'C:\\xampp\\htdocs\\proyecto_espinola_emilia\\app\\Views\\back\\carrito.php', 36, [...])
 2 SYSTEMPATH\View\View.php(228): include('C:\\xampp\\htdocs\\proyecto_espinola_emilia\\app\\Views\\back\\carrito.php')
 3 SYSTEMPATH\View\View.php(231): CodeIgniter\View\View->CodeIgniter\View\{closure}()
 4 SYSTEMPATH\Common.php(1178): CodeIgniter\View\View->render('back/carrito', [], true)
 5 APPPATH\Controllers\carrito_controller.php(105): view('back/carrito', [...])
 6 SYSTEMPATH\CodeIgniter.php(943): App\Controllers\carrito_controller->muestra()
 7 SYSTEMPATH\CodeIgniter.php(503): CodeIgniter\CodeIgniter->runController(Object(App\Controllers\carrito_controller))
 8 SYSTEMPATH\CodeIgniter.php(361): CodeIgniter\CodeIgniter->handleRequest(null, Object(Config\Cache), false)
 9 FCPATH\index.php(79): CodeIgniter\CodeIgniter->run()
INFO - 2024-06-05 15:28:32 --> Session: Class initialized using 'CodeIgniter\Session\Handlers\FileHandler' driver.
INFO - 2024-06-05 15:28:32 --> Cart Class Initialized
CRITICAL - 2024-06-05 15:28:32 --> ErrorException: Illegal string offset 'id_prod'
in APPPATH\Views\back\carrito.php on line 36.
 1 APPPATH\Views\back\carrito.php(36): CodeIgniter\Debug\Exceptions->errorHandler(2, 'Illegal string offset \'id_prod\'', 'C:\\xampp\\htdocs\\proyecto_espinola_emilia\\app\\Views\\back\\carrito.php', 36, [...])
 2 SYSTEMPATH\View\View.php(228): include('C:\\xampp\\htdocs\\proyecto_espinola_emilia\\app\\Views\\back\\carrito.php')
 3 SYSTEMPATH\View\View.php(231): CodeIgniter\View\View->CodeIgniter\View\{closure}()
 4 SYSTEMPATH\Common.php(1178): CodeIgniter\View\View->render('back/carrito', [], true)
 5 APPPATH\Controllers\carrito_controller.php(105): view('back/carrito', [...])
 6 SYSTEMPATH\CodeIgniter.php(943): App\Controllers\carrito_controller->muestra()
 7 SYSTEMPATH\CodeIgniter.php(503): CodeIgniter\CodeIgniter->runController(Object(App\Controllers\carrito_controller))
 8 SYSTEMPATH\CodeIgniter.php(361): CodeIgniter\CodeIgniter->handleRequest(null, Object(Config\Cache), false)
 9 FCPATH\index.php(79): CodeIgniter\CodeIgniter->run()
INFO - 2024-06-05 15:28:48 --> Session: Class initialized using 'CodeIgniter\Session\Handlers\FileHandler' driver.
INFO - 2024-06-05 15:28:48 --> Cart Class Initialized
INFO - 2024-06-05 15:28:52 --> Session: Class initialized using 'CodeIgniter\Session\Handlers\FileHandler' driver.
INFO - 2024-06-05 15:28:52 --> Cart Class Initialized
INFO - 2024-06-05 15:28:55 --> Session: Class initialized using 'CodeIgniter\Session\Handlers\FileHandler' driver.
INFO - 2024-06-05 15:28:55 --> Cart Class Initialized
INFO - 2024-06-05 15:29:00 --> Session: Class initialized using 'CodeIgniter\Session\Handlers\FileHandler' driver.
INFO - 2024-06-05 15:29:00 --> Cart Class Initialized
INFO - 2024-06-05 15:29:01 --> Session: Class initialized using 'CodeIgniter\Session\Handlers\FileHandler' driver.
INFO - 2024-06-05 15:29:01 --> Cart Class Initialized
INFO - 2024-06-05 15:29:06 --> Session: Class initialized using 'CodeIgniter\Session\Handlers\FileHandler' driver.
INFO - 2024-06-05 15:29:06 --> Cart Class Initialized
INFO - 2024-06-05 15:29:08 --> Session: Class initialized using 'CodeIgniter\Session\Handlers\FileHandler' driver.
INFO - 2024-06-05 15:29:08 --> Cart Class Initialized
INFO - 2024-06-05 15:29:14 --> Session: Class initialized using 'CodeIgniter\Session\Handlers\FileHandler' driver.
INFO - 2024-06-05 15:29:14 --> Cart Class Initialized
INFO - 2024-06-05 15:29:14 --> Session: Class initialized using 'CodeIgniter\Session\Handlers\FileHandler' driver.
INFO - 2024-06-05 15:29:14 --> Cart Class Initialized
INFO - 2024-06-05 15:30:59 --> Session: Class initialized using 'CodeIgniter\Session\Handlers\FileHandler' driver.
INFO - 2024-06-05 15:30:59 --> Cart Class Initialized
INFO - 2024-06-05 15:31:04 --> Session: Class initialized using 'CodeIgniter\Session\Handlers\FileHandler' driver.
INFO - 2024-06-05 15:31:04 --> Cart Class Initialized
CRITICAL - 2024-06-05 15:31:04 --> ErrorException: Undefined variable: row
in APPPATH\Views\front\principal.php on line 48.
 1 APPPATH\Views\front\principal.php(48): CodeIgniter\Debug\Exceptions->errorHandler(8, 'Undefined variable: row', 'C:\\xampp\\htdocs\\proyecto_espinola_emilia\\app\\Views\\front\\principal.php', 48, [...])
 2 SYSTEMPATH\View\View.php(228): include('C:\\xampp\\htdocs\\proyecto_espinola_emilia\\app\\Views\\front\\principal.php')
 3 SYSTEMPATH\View\View.php(231): CodeIgniter\View\View->CodeIgniter\View\{closure}()
 4 SYSTEMPATH\Common.php(1178): CodeIgniter\View\View->render('front/principal', [], true)
 5 APPPATH\Controllers\Home.php(25): view('front/principal', [...])
 6 SYSTEMPATH\CodeIgniter.php(943): App\Controllers\Home->index()
 7 SYSTEMPATH\CodeIgniter.php(503): CodeIgniter\CodeIgniter->runController(Object(App\Controllers\Home))
 8 SYSTEMPATH\CodeIgniter.php(361): CodeIgniter\CodeIgniter->handleRequest(null, Object(Config\Cache), false)
 9 FCPATH\index.php(79): CodeIgniter\CodeIgniter->run()
INFO - 2024-06-05 18:11:06 --> Session: Class initialized using 'CodeIgniter\Session\Handlers\FileHandler' driver.
INFO - 2024-06-05 18:11:06 --> Cart Class Initialized
CRITICAL - 2024-06-05 18:11:06 --> ErrorException: Undefined variable: row
in APPPATH\Views\front\principal.php on line 48.
 1 APPPATH\Views\front\principal.php(48): CodeIgniter\Debug\Exceptions->errorHandler(8, 'Undefined variable: row', 'C:\\xampp\\htdocs\\proyecto_espinola_emilia\\app\\Views\\front\\principal.php', 48, [...])
 2 SYSTEMPATH\View\View.php(228): include('C:\\xampp\\htdocs\\proyecto_espinola_emilia\\app\\Views\\front\\principal.php')
 3 SYSTEMPATH\View\View.php(231): CodeIgniter\View\View->CodeIgniter\View\{closure}()
 4 SYSTEMPATH\Common.php(1178): CodeIgniter\View\View->render('front/principal', [], true)
 5 APPPATH\Controllers\Home.php(25): view('front/principal', [...])
 6 SYSTEMPATH\CodeIgniter.php(943): App\Controllers\Home->index()
 7 SYSTEMPATH\CodeIgniter.php(503): CodeIgniter\CodeIgniter->runController(Object(App\Controllers\Home))
 8 SYSTEMPATH\CodeIgniter.php(361): CodeIgniter\CodeIgniter->handleRequest(null, Object(Config\Cache), false)
 9 FCPATH\index.php(79): CodeIgniter\CodeIgniter->run()
INFO - 2024-06-05 18:11:18 --> Session: Class initialized using 'CodeIgniter\Session\Handlers\FileHandler' driver.
INFO - 2024-06-05 18:11:18 --> Cart Class Initialized
INFO - 2024-06-05 18:11:29 --> Session: Class initialized using 'CodeIgniter\Session\Handlers\FileHandler' driver.
INFO - 2024-06-05 18:11:29 --> Cart Class Initialized
CRITICAL - 2024-06-05 18:11:29 --> ErrorException: Undefined variable: row
in APPPATH\Views\front\principal.php on line 48.
 1 APPPATH\Views\front\principal.php(48): CodeIgniter\Debug\Exceptions->errorHandler(8, 'Undefined variable: row', 'C:\\xampp\\htdocs\\proyecto_espinola_emilia\\app\\Views\\front\\principal.php', 48, [...])
 2 SYSTEMPATH\View\View.php(228): include('C:\\xampp\\htdocs\\proyecto_espinola_emilia\\app\\Views\\front\\principal.php')
 3 SYSTEMPATH\View\View.php(231): CodeIgniter\View\View->CodeIgniter\View\{closure}()
 4 SYSTEMPATH\Common.php(1178): CodeIgniter\View\View->render('front/principal', [], true)
 5 APPPATH\Controllers\Home.php(25): view('front/principal', [...])
 6 SYSTEMPATH\CodeIgniter.php(943): App\Controllers\Home->index()
 7 SYSTEMPATH\CodeIgniter.php(503): CodeIgniter\CodeIgniter->runController(Object(App\Controllers\Home))
 8 SYSTEMPATH\CodeIgniter.php(361): CodeIgniter\CodeIgniter->handleRequest(null, Object(Config\Cache), false)
 9 FCPATH\index.php(79): CodeIgniter\CodeIgniter->run()
INFO - 2024-06-05 18:12:58 --> Session: Class initialized using 'CodeIgniter\Session\Handlers\FileHandler' driver.
INFO - 2024-06-05 18:12:58 --> Cart Class Initialized
CRITICAL - 2024-06-05 18:12:58 --> ErrorException: Undefined variable: row
in APPPATH\Views\front\principal.php on line 48.
 1 APPPATH\Views\front\principal.php(48): CodeIgniter\Debug\Exceptions->errorHandler(8, 'Undefined variable: row', 'C:\\xampp\\htdocs\\proyecto_espinola_emilia\\app\\Views\\front\\principal.php', 48, [...])
 2 SYSTEMPATH\View\View.php(228): include('C:\\xampp\\htdocs\\proyecto_espinola_emilia\\app\\Views\\front\\principal.php')
 3 SYSTEMPATH\View\View.php(231): CodeIgniter\View\View->CodeIgniter\View\{closure}()
 4 SYSTEMPATH\Common.php(1178): CodeIgniter\View\View->render('front/principal', [], true)
 5 APPPATH\Controllers\Home.php(25): view('front/principal', [...])
 6 SYSTEMPATH\CodeIgniter.php(943): App\Controllers\Home->index()
 7 SYSTEMPATH\CodeIgniter.php(503): CodeIgniter\CodeIgniter->runController(Object(App\Controllers\Home))
 8 SYSTEMPATH\CodeIgniter.php(361): CodeIgniter\CodeIgniter->handleRequest(null, Object(Config\Cache), false)
 9 FCPATH\index.php(79): CodeIgniter\CodeIgniter->run()
INFO - 2024-06-05 18:21:57 --> Session: Class initialized using 'CodeIgniter\Session\Handlers\FileHandler' driver.
INFO - 2024-06-05 18:21:57 --> Cart Class Initialized
INFO - 2024-06-05 18:22:43 --> Session: Class initialized using 'CodeIgniter\Session\Handlers\FileHandler' driver.
INFO - 2024-06-05 18:22:43 --> Cart Class Initialized
INFO - 2024-06-05 18:32:09 --> Session: Class initialized using 'CodeIgniter\Session\Handlers\FileHandler' driver.
INFO - 2024-06-05 18:32:09 --> Cart Class Initialized
INFO - 2024-06-05 18:33:49 --> Session: Class initialized using 'CodeIgniter\Session\Handlers\FileHandler' driver.
INFO - 2024-06-05 18:33:49 --> Cart Class Initialized
INFO - 2024-06-05 18:34:25 --> Session: Class initialized using 'CodeIgniter\Session\Handlers\FileHandler' driver.
INFO - 2024-06-05 18:34:25 --> Cart Class Initialized
CRITICAL - 2024-06-05 18:39:38 --> ErrorException: Undefined variable: producto
in APPPATH\Views\front\producto.php on line 14.
 1 APPPATH\Views\front\producto.php(14): CodeIgniter\Debug\Exceptions->errorHandler(8, 'Undefined variable: producto', 'C:\\xampp\\htdocs\\proyecto_espinola_emilia\\app\\Views\\front\\producto.php', 14, [])
 2 SYSTEMPATH\View\View.php(228): include('C:\\xampp\\htdocs\\proyecto_espinola_emilia\\app\\Views\\front\\producto.php')
 3 SYSTEMPATH\View\View.php(231): CodeIgniter\View\View->CodeIgniter\View\{closure}()
 4 SYSTEMPATH\Common.php(1178): CodeIgniter\View\View->render('front/producto', [], true)
 5 APPPATH\Controllers\Home.php(65): view('front/producto')
 6 SYSTEMPATH\CodeIgniter.php(943): App\Controllers\Home->productos()
 7 SYSTEMPATH\CodeIgniter.php(503): CodeIgniter\CodeIgniter->runController(Object(App\Controllers\Home))
 8 SYSTEMPATH\CodeIgniter.php(361): CodeIgniter\CodeIgniter->handleRequest(null, Object(Config\Cache), false)
 9 FCPATH\index.php(79): CodeIgniter\CodeIgniter->run()
INFO - 2024-06-05 18:41:36 --> Session: Class initialized using 'CodeIgniter\Session\Handlers\FileHandler' driver.
INFO - 2024-06-05 18:41:36 --> Cart Class Initialized
INFO - 2024-06-05 18:42:46 --> Session: Class initialized using 'CodeIgniter\Session\Handlers\FileHandler' driver.
INFO - 2024-06-05 18:42:46 --> Cart Class Initialized
INFO - 2024-06-05 18:42:47 --> Session: Class initialized using 'CodeIgniter\Session\Handlers\FileHandler' driver.
INFO - 2024-06-05 18:42:47 --> Cart Class Initialized
CRITICAL - 2024-06-05 18:42:49 --> ErrorException: unlink(C:\xampp\htdocs\proyecto_espinola_emilia\writable\debugbar/debugbar_1717600669.717861.json): No such file or directory
in SYSTEMPATH\Debug\Toolbar\Collectors\History.php on line 80.
 1 [internal function]: CodeIgniter\Debug\Exceptions->errorHandler(2, 'unlink(C:\\xampp\\htdocs\\proyecto_espinola_emilia\\writable\\debugbar/debugbar_1717600669.717861.json): No such file or directory', 'C:\\xampp\\htdocs\\proyecto_espinola_emilia\\system\\Debug\\Toolbar\\Collectors\\History.php', 80, [...])
 2 SYSTEMPATH\Debug\Toolbar\Collectors\History.php(80): unlink('C:\\xampp\\htdocs\\proyecto_espinola_emilia\\writable\\debugbar/debugbar_1717600669.717861.json')
 3 SYSTEMPATH\Debug\Toolbar.php(498): CodeIgniter\Debug\Toolbar\Collectors\History->setFiles('1717612966.280359', 20)
 4 SYSTEMPATH\Debug\Toolbar.php(475): CodeIgniter\Debug\Toolbar->format([...], 'html')
 5 APPPATH\Config\Events.php(47): CodeIgniter\Debug\Toolbar->respond()
 6 SYSTEMPATH\Events\Events.php(154): CodeIgniter\Events\Events::Config\{closure}()
 7 SYSTEMPATH\CodeIgniter.php(442): CodeIgniter\Events\Events::trigger('pre_system')
 8 SYSTEMPATH\CodeIgniter.php(361): CodeIgniter\CodeIgniter->handleRequest(null, Object(Config\Cache), false)
 9 FCPATH\index.php(79): CodeIgniter\CodeIgniter->run()
INFO - 2024-06-05 18:42:58 --> Session: Class initialized using 'CodeIgniter\Session\Handlers\FileHandler' driver.
INFO - 2024-06-05 18:42:58 --> Cart Class Initialized
INFO - 2024-06-05 18:53:47 --> Session: Class initialized using 'CodeIgniter\Session\Handlers\FileHandler' driver.
INFO - 2024-06-05 18:53:47 --> Cart Class Initialized
CRITICAL - 2024-06-05 19:37:04 --> ErrorException: Undefined variable: categoria
in APPPATH\Views\front\producto.php on line 14.
 1 APPPATH\Views\front\producto.php(14): CodeIgniter\Debug\Exceptions->errorHandler(8, 'Undefined variable: categoria', 'C:\\xampp\\htdocs\\proyecto_espinola_emilia\\app\\Views\\front\\producto.php', 14, [...])
 2 SYSTEMPATH\View\View.php(228): include('C:\\xampp\\htdocs\\proyecto_espinola_emilia\\app\\Views\\front\\producto.php')
 3 SYSTEMPATH\View\View.php(231): CodeIgniter\View\View->CodeIgniter\View\{closure}()
 4 SYSTEMPATH\Common.php(1178): CodeIgniter\View\View->render('front/producto', [], true)
 5 APPPATH\Controllers\producto_controller.php(89): view('front/producto', [...])
 6 SYSTEMPATH\CodeIgniter.php(943): App\Controllers\producto_controller->productos('12')
 7 SYSTEMPATH\CodeIgniter.php(503): CodeIgniter\CodeIgniter->runController(Object(App\Controllers\producto_controller))
 8 SYSTEMPATH\CodeIgniter.php(361): CodeIgniter\CodeIgniter->handleRequest(null, Object(Config\Cache), false)
 9 FCPATH\index.php(79): CodeIgniter\CodeIgniter->run()
CRITICAL - 2024-06-05 19:37:28 --> ErrorException: Undefined variable: categoria
in APPPATH\Views\front\producto.php on line 14.
 1 APPPATH\Views\front\producto.php(14): CodeIgniter\Debug\Exceptions->errorHandler(8, 'Undefined variable: categoria', 'C:\\xampp\\htdocs\\proyecto_espinola_emilia\\app\\Views\\front\\producto.php', 14, [...])
 2 SYSTEMPATH\View\View.php(228): include('C:\\xampp\\htdocs\\proyecto_espinola_emilia\\app\\Views\\front\\producto.php')
 3 SYSTEMPATH\View\View.php(231): CodeIgniter\View\View->CodeIgniter\View\{closure}()
 4 SYSTEMPATH\Common.php(1178): CodeIgniter\View\View->render('front/producto', [], true)
 5 APPPATH\Controllers\producto_controller.php(89): view('front/producto', [...])
 6 SYSTEMPATH\CodeIgniter.php(943): App\Controllers\producto_controller->productos('12')
 7 SYSTEMPATH\CodeIgniter.php(503): CodeIgniter\CodeIgniter->runController(Object(App\Controllers\producto_controller))
 8 SYSTEMPATH\CodeIgniter.php(361): CodeIgniter\CodeIgniter->handleRequest(null, Object(Config\Cache), false)
 9 FCPATH\index.php(79): CodeIgniter\CodeIgniter->run()
CRITICAL - 2024-06-05 19:38:29 --> ErrorException: Undefined index: id_categoria
in APPPATH\Views\front\producto.php on line 14.
 1 APPPATH\Views\front\producto.php(14): CodeIgniter\Debug\Exceptions->errorHandler(8, 'Undefined index: id_categoria', 'C:\\xampp\\htdocs\\proyecto_espinola_emilia\\app\\Views\\front\\producto.php', 14, [...])
 2 SYSTEMPATH\View\View.php(228): include('C:\\xampp\\htdocs\\proyecto_espinola_emilia\\app\\Views\\front\\producto.php')
 3 SYSTEMPATH\View\View.php(231): CodeIgniter\View\View->CodeIgniter\View\{closure}()
 4 SYSTEMPATH\Common.php(1178): CodeIgniter\View\View->render('front/producto', [], true)
 5 APPPATH\Controllers\producto_controller.php(90): view('front/producto', [...])
 6 SYSTEMPATH\CodeIgniter.php(943): App\Controllers\producto_controller->productos('12')
 7 SYSTEMPATH\CodeIgniter.php(503): CodeIgniter\CodeIgniter->runController(Object(App\Controllers\producto_controller))
 8 SYSTEMPATH\CodeIgniter.php(361): CodeIgniter\CodeIgniter->handleRequest(null, Object(Config\Cache), false)
 9 FCPATH\index.php(79): CodeIgniter\CodeIgniter->run()
INFO - 2024-06-05 22:31:57 --> Session: Class initialized using 'CodeIgniter\Session\Handlers\FileHandler' driver.
INFO - 2024-06-05 22:31:57 --> Cart Class Initialized
CRITICAL - 2024-06-05 22:32:39 --> ErrorException: Undefined index: id_categoria
in APPPATH\Views\front\producto.php on line 15.
 1 APPPATH\Views\front\producto.php(15): CodeIgniter\Debug\Exceptions->errorHandler(8, 'Undefined index: id_categoria', 'C:\\xampp\\htdocs\\proyecto_espinola_emilia\\app\\Views\\front\\producto.php', 15, [...])
 2 SYSTEMPATH\View\View.php(228): include('C:\\xampp\\htdocs\\proyecto_espinola_emilia\\app\\Views\\front\\producto.php')
 3 SYSTEMPATH\View\View.php(231): CodeIgniter\View\View->CodeIgniter\View\{closure}()
 4 SYSTEMPATH\Common.php(1178): CodeIgniter\View\View->render('front/producto', [], true)
 5 APPPATH\Controllers\producto_controller.php(90): view('front/producto', [...])
 6 SYSTEMPATH\CodeIgniter.php(943): App\Controllers\producto_controller->productos('11')
 7 SYSTEMPATH\CodeIgniter.php(503): CodeIgniter\CodeIgniter->runController(Object(App\Controllers\producto_controller))
 8 SYSTEMPATH\CodeIgniter.php(361): CodeIgniter\CodeIgniter->handleRequest(null, Object(Config\Cache), false)
 9 FCPATH\index.php(79): CodeIgniter\CodeIgniter->run()
CRITICAL - 2024-06-05 22:38:24 --> ErrorException: Undefined index: id_categoria
in APPPATH\Views\front\producto.php on line 15.
 1 APPPATH\Views\front\producto.php(15): CodeIgniter\Debug\Exceptions->errorHandler(8, 'Undefined index: id_categoria', 'C:\\xampp\\htdocs\\proyecto_espinola_emilia\\app\\Views\\front\\producto.php', 15, [...])
 2 SYSTEMPATH\View\View.php(228): include('C:\\xampp\\htdocs\\proyecto_espinola_emilia\\app\\Views\\front\\producto.php')
 3 SYSTEMPATH\View\View.php(231): CodeIgniter\View\View->CodeIgniter\View\{closure}()
 4 SYSTEMPATH\Common.php(1178): CodeIgniter\View\View->render('front/producto', [], true)
 5 APPPATH\Controllers\producto_controller.php(90): view('front/producto', [...])
 6 SYSTEMPATH\CodeIgniter.php(943): App\Controllers\producto_controller->productos('11')
 7 SYSTEMPATH\CodeIgniter.php(503): CodeIgniter\CodeIgniter->runController(Object(App\Controllers\producto_controller))
 8 SYSTEMPATH\CodeIgniter.php(361): CodeIgniter\CodeIgniter->handleRequest(null, Object(Config\Cache), false)
 9 FCPATH\index.php(79): CodeIgniter\CodeIgniter->run()
CRITICAL - 2024-06-05 22:41:30 --> ErrorException: Undefined index: id_categoria
in APPPATH\Views\front\producto.php on line 15.
 1 APPPATH\Views\front\producto.php(15): CodeIgniter\Debug\Exceptions->errorHandler(8, 'Undefined index: id_categoria', 'C:\\xampp\\htdocs\\proyecto_espinola_emilia\\app\\Views\\front\\producto.php', 15, [...])
 2 SYSTEMPATH\View\View.php(228): include('C:\\xampp\\htdocs\\proyecto_espinola_emilia\\app\\Views\\front\\producto.php')
 3 SYSTEMPATH\View\View.php(231): CodeIgniter\View\View->CodeIgniter\View\{closure}()
 4 SYSTEMPATH\Common.php(1178): CodeIgniter\View\View->render('front/producto', [], true)
 5 APPPATH\Controllers\producto_controller.php(90): view('front/producto', [...])
 6 SYSTEMPATH\CodeIgniter.php(943): App\Controllers\producto_controller->productos('11')
 7 SYSTEMPATH\CodeIgniter.php(503): CodeIgniter\CodeIgniter->runController(Object(App\Controllers\producto_controller))
 8 SYSTEMPATH\CodeIgniter.php(361): CodeIgniter\CodeIgniter->handleRequest(null, Object(Config\Cache), false)
 9 FCPATH\index.php(79): CodeIgniter\CodeIgniter->run()
CRITICAL - 2024-06-05 22:41:49 --> ErrorException: Undefined index: id_categoria
in APPPATH\Views\front\producto.php on line 15.
 1 APPPATH\Views\front\producto.php(15): CodeIgniter\Debug\Exceptions->errorHandler(8, 'Undefined index: id_categoria', 'C:\\xampp\\htdocs\\proyecto_espinola_emilia\\app\\Views\\front\\producto.php', 15, [...])
 2 SYSTEMPATH\View\View.php(228): include('C:\\xampp\\htdocs\\proyecto_espinola_emilia\\app\\Views\\front\\producto.php')
 3 SYSTEMPATH\View\View.php(231): CodeIgniter\View\View->CodeIgniter\View\{closure}()
 4 SYSTEMPATH\Common.php(1178): CodeIgniter\View\View->render('front/producto', [], true)
 5 APPPATH\Controllers\producto_controller.php(90): view('front/producto', [...])
 6 SYSTEMPATH\CodeIgniter.php(943): App\Controllers\producto_controller->productos('11')
 7 SYSTEMPATH\CodeIgniter.php(503): CodeIgniter\CodeIgniter->runController(Object(App\Controllers\producto_controller))
 8 SYSTEMPATH\CodeIgniter.php(361): CodeIgniter\CodeIgniter->handleRequest(null, Object(Config\Cache), false)
 9 FCPATH\index.php(79): CodeIgniter\CodeIgniter->run()
INFO - 2024-06-05 22:45:47 --> Session: Class initialized using 'CodeIgniter\Session\Handlers\FileHandler' driver.
INFO - 2024-06-05 22:45:47 --> Cart Class Initialized
INFO - 2024-06-05 22:45:56 --> Session: Class initialized using 'CodeIgniter\Session\Handlers\FileHandler' driver.
INFO - 2024-06-05 22:45:56 --> Cart Class Initialized
INFO - 2024-06-05 23:37:28 --> Session: Class initialized using 'CodeIgniter\Session\Handlers\FileHandler' driver.
INFO - 2024-06-05 23:37:29 --> Cart Class Initialized
INFO - 2024-06-05 23:39:48 --> Session: Class initialized using 'CodeIgniter\Session\Handlers\FileHandler' driver.
INFO - 2024-06-05 23:39:48 --> Cart Class Initialized
INFO - 2024-06-05 23:40:13 --> Session: Class initialized using 'CodeIgniter\Session\Handlers\FileHandler' driver.
INFO - 2024-06-05 23:40:13 --> Cart Class Initialized
INFO - 2024-06-05 23:40:23 --> Session: Class initialized using 'CodeIgniter\Session\Handlers\FileHandler' driver.
INFO - 2024-06-05 23:40:23 --> Cart Class Initialized
INFO - 2024-06-05 23:40:31 --> Session: Class initialized using 'CodeIgniter\Session\Handlers\FileHandler' driver.
INFO - 2024-06-05 23:40:46 --> Session: Class initialized using 'CodeIgniter\Session\Handlers\FileHandler' driver.
INFO - 2024-06-05 23:40:46 --> Cart Class Initialized
INFO - 2024-06-05 23:41:00 --> Session: Class initialized using 'CodeIgniter\Session\Handlers\FileHandler' driver.
INFO - 2024-06-05 23:41:00 --> Cart Class Initialized
INFO - 2024-06-05 23:41:25 --> Session: Class initialized using 'CodeIgniter\Session\Handlers\FileHandler' driver.
INFO - 2024-06-05 23:41:25 --> Cart Class Initialized
INFO - 2024-06-05 23:51:20 --> Session: Class initialized using 'CodeIgniter\Session\Handlers\FileHandler' driver.
INFO - 2024-06-05 23:54:54 --> Session: Class initialized using 'CodeIgniter\Session\Handlers\FileHandler' driver.
INFO - 2024-06-05 23:54:54 --> Cart Class Initialized
INFO - 2024-06-05 23:54:58 --> Session: Class initialized using 'CodeIgniter\Session\Handlers\FileHandler' driver.
INFO - 2024-06-05 23:54:58 --> Cart Class Initialized
INFO - 2024-06-05 23:55:01 --> Session: Class initialized using 'CodeIgniter\Session\Handlers\FileHandler' driver.
INFO - 2024-06-05 23:55:01 --> Cart Class Initialized
INFO - 2024-06-05 23:57:26 --> Session: Class initialized using 'CodeIgniter\Session\Handlers\FileHandler' driver.
INFO - 2024-06-05 23:57:26 --> Cart Class Initialized
