INFO - 2024-06-08 12:48:55 --> Session: Class initialized using 'CodeIgniter\Session\Handlers\FileHandler' driver.
INFO - 2024-06-08 12:48:55 --> Cart Class Initialized
INFO - 2024-06-08 13:03:23 --> Session: Class initialized using 'CodeIgniter\Session\Handlers\FileHandler' driver.
INFO - 2024-06-08 13:03:23 --> Cart Class Initialized
INFO - 2024-06-08 13:03:35 --> Session: Class initialized using 'CodeIgniter\Session\Handlers\FileHandler' driver.
INFO - 2024-06-08 13:03:35 --> Cart Class Initialized
INFO - 2024-06-08 13:03:45 --> Session: Class initialized using 'CodeIgniter\Session\Handlers\FileHandler' driver.
INFO - 2024-06-08 13:03:45 --> Cart Class Initialized
INFO - 2024-06-08 13:03:56 --> Session: Class initialized using 'CodeIgniter\Session\Handlers\FileHandler' driver.
INFO - 2024-06-08 13:03:56 --> Cart Class Initialized
INFO - 2024-06-08 13:04:06 --> Session: Class initialized using 'CodeIgniter\Session\Handlers\FileHandler' driver.
INFO - 2024-06-08 13:04:06 --> Cart Class Initialized
INFO - 2024-06-08 13:04:20 --> Session: Class initialized using 'CodeIgniter\Session\Handlers\FileHandler' driver.
INFO - 2024-06-08 13:04:20 --> Cart Class Initialized
INFO - 2024-06-08 13:04:34 --> Session: Class initialized using 'CodeIgniter\Session\Handlers\FileHandler' driver.
INFO - 2024-06-08 13:04:49 --> Session: Class initialized using 'CodeIgniter\Session\Handlers\FileHandler' driver.
INFO - 2024-06-08 13:04:52 --> Session: Class initialized using 'CodeIgniter\Session\Handlers\FileHandler' driver.
INFO - 2024-06-08 13:05:12 --> Session: Class initialized using 'CodeIgniter\Session\Handlers\FileHandler' driver.
INFO - 2024-06-08 13:05:15 --> Session: Class initialized using 'CodeIgniter\Session\Handlers\FileHandler' driver.
INFO - 2024-06-08 13:05:15 --> Cart Class Initialized
INFO - 2024-06-08 13:05:25 --> Session: Class initialized using 'CodeIgniter\Session\Handlers\FileHandler' driver.
INFO - 2024-06-08 13:05:25 --> Cart Class Initialized
INFO - 2024-06-08 13:05:46 --> Session: Class initialized using 'CodeIgniter\Session\Handlers\FileHandler' driver.
INFO - 2024-06-08 13:05:46 --> Cart Class Initialized
INFO - 2024-06-08 13:05:51 --> Session: Class initialized using 'CodeIgniter\Session\Handlers\FileHandler' driver.
INFO - 2024-06-08 13:05:51 --> Cart Class Initialized
INFO - 2024-06-08 13:06:05 --> Session: Class initialized using 'CodeIgniter\Session\Handlers\FileHandler' driver.
INFO - 2024-06-08 13:06:05 --> Cart Class Initialized
INFO - 2024-06-08 13:06:12 --> Session: Class initialized using 'CodeIgniter\Session\Handlers\FileHandler' driver.
INFO - 2024-06-08 13:06:12 --> Cart Class Initialized
INFO - 2024-06-08 13:06:33 --> Session: Class initialized using 'CodeIgniter\Session\Handlers\FileHandler' driver.
INFO - 2024-06-08 13:06:33 --> Cart Class Initialized
INFO - 2024-06-08 13:06:43 --> Session: Class initialized using 'CodeIgniter\Session\Handlers\FileHandler' driver.
INFO - 2024-06-08 13:06:43 --> Cart Class Initialized
INFO - 2024-06-08 13:06:51 --> Session: Class initialized using 'CodeIgniter\Session\Handlers\FileHandler' driver.
INFO - 2024-06-08 13:06:51 --> Cart Class Initialized
INFO - 2024-06-08 13:06:52 --> Session: Class initialized using 'CodeIgniter\Session\Handlers\FileHandler' driver.
INFO - 2024-06-08 13:06:52 --> Cart Class Initialized
INFO - 2024-06-08 13:07:21 --> Session: Class initialized using 'CodeIgniter\Session\Handlers\FileHandler' driver.
INFO - 2024-06-08 13:07:21 --> Cart Class Initialized
INFO - 2024-06-08 13:07:35 --> Session: Class initialized using 'CodeIgniter\Session\Handlers\FileHandler' driver.
INFO - 2024-06-08 13:07:35 --> Cart Class Initialized
INFO - 2024-06-08 13:07:43 --> Session: Class initialized using 'CodeIgniter\Session\Handlers\FileHandler' driver.
INFO - 2024-06-08 13:07:43 --> Cart Class Initialized
INFO - 2024-06-08 13:07:50 --> Session: Class initialized using 'CodeIgniter\Session\Handlers\FileHandler' driver.
INFO - 2024-06-08 13:07:50 --> Cart Class Initialized
INFO - 2024-06-08 13:07:54 --> Session: Class initialized using 'CodeIgniter\Session\Handlers\FileHandler' driver.
INFO - 2024-06-08 13:07:54 --> Cart Class Initialized
INFO - 2024-06-08 13:07:55 --> Session: Class initialized using 'CodeIgniter\Session\Handlers\FileHandler' driver.
INFO - 2024-06-08 13:07:55 --> Cart Class Initialized
CRITICAL - 2024-06-08 13:07:57 --> ErrorException: unlink(C:\xampp\htdocs\proyecto_espinola_emilia\writable\debugbar/debugbar_1717851860.381700.json): No such file or directory
in SYSTEMPATH\Debug\Toolbar\Collectors\History.php on line 80.
 1 [internal function]: CodeIgniter\Debug\Exceptions->errorHandler(2, 'unlink(C:\\xampp\\htdocs\\proyecto_espinola_emilia\\writable\\debugbar/debugbar_1717851860.381700.json): No such file or directory', 'C:\\xampp\\htdocs\\proyecto_espinola_emilia\\system\\Debug\\Toolbar\\Collectors\\History.php', 80, [...])
 2 SYSTEMPATH\Debug\Toolbar\Collectors\History.php(80): unlink('C:\\xampp\\htdocs\\proyecto_espinola_emilia\\writable\\debugbar/debugbar_1717851860.381700.json')
 3 SYSTEMPATH\Debug\Toolbar.php(498): CodeIgniter\Debug\Toolbar\Collectors\History->setFiles('1717852075.991931', 20)
 4 SYSTEMPATH\Debug\Toolbar.php(475): CodeIgniter\Debug\Toolbar->format([...], 'html')
 5 APPPATH\Config\Events.php(47): CodeIgniter\Debug\Toolbar->respond()
 6 SYSTEMPATH\Events\Events.php(154): CodeIgniter\Events\Events::Config\{closure}()
 7 SYSTEMPATH\CodeIgniter.php(442): CodeIgniter\Events\Events::trigger('pre_system')
 8 SYSTEMPATH\CodeIgniter.php(361): CodeIgniter\CodeIgniter->handleRequest(null, Object(Config\Cache), false)
 9 FCPATH\index.php(79): CodeIgniter\CodeIgniter->run()
INFO - 2024-06-08 13:14:03 --> Session: Class initialized using 'CodeIgniter\Session\Handlers\FileHandler' driver.
INFO - 2024-06-08 13:14:03 --> Cart Class Initialized
INFO - 2024-06-08 13:14:30 --> Session: Class initialized using 'CodeIgniter\Session\Handlers\FileHandler' driver.
INFO - 2024-06-08 13:14:30 --> Cart Class Initialized
INFO - 2024-06-08 13:14:33 --> Session: Class initialized using 'CodeIgniter\Session\Handlers\FileHandler' driver.
INFO - 2024-06-08 13:14:33 --> Cart Class Initialized
INFO - 2024-06-08 13:14:46 --> Session: Class initialized using 'CodeIgniter\Session\Handlers\FileHandler' driver.
INFO - 2024-06-08 13:14:46 --> Cart Class Initialized
INFO - 2024-06-08 13:14:50 --> Session: Class initialized using 'CodeIgniter\Session\Handlers\FileHandler' driver.
INFO - 2024-06-08 13:14:50 --> Cart Class Initialized
INFO - 2024-06-08 13:14:55 --> Session: Class initialized using 'CodeIgniter\Session\Handlers\FileHandler' driver.
INFO - 2024-06-08 13:14:55 --> Cart Class Initialized
INFO - 2024-06-08 13:14:55 --> Session: Class initialized using 'CodeIgniter\Session\Handlers\FileHandler' driver.
INFO - 2024-06-08 13:14:55 --> Cart Class Initialized
INFO - 2024-06-08 13:16:14 --> Session: Class initialized using 'CodeIgniter\Session\Handlers\FileHandler' driver.
INFO - 2024-06-08 13:16:14 --> Cart Class Initialized
INFO - 2024-06-08 13:19:52 --> Session: Class initialized using 'CodeIgniter\Session\Handlers\FileHandler' driver.
INFO - 2024-06-08 13:19:53 --> Cart Class Initialized
INFO - 2024-06-08 13:21:01 --> Session: Class initialized using 'CodeIgniter\Session\Handlers\FileHandler' driver.
INFO - 2024-06-08 13:21:01 --> Cart Class Initialized
INFO - 2024-06-08 13:21:19 --> Session: Class initialized using 'CodeIgniter\Session\Handlers\FileHandler' driver.
INFO - 2024-06-08 13:21:19 --> Cart Class Initialized
INFO - 2024-06-08 13:21:22 --> Session: Class initialized using 'CodeIgniter\Session\Handlers\FileHandler' driver.
INFO - 2024-06-08 13:21:22 --> Cart Class Initialized
INFO - 2024-06-08 13:21:34 --> Session: Class initialized using 'CodeIgniter\Session\Handlers\FileHandler' driver.
INFO - 2024-06-08 13:21:34 --> Cart Class Initialized
INFO - 2024-06-08 13:22:04 --> Session: Class initialized using 'CodeIgniter\Session\Handlers\FileHandler' driver.
INFO - 2024-06-08 13:22:04 --> Cart Class Initialized
INFO - 2024-06-08 13:22:25 --> Session: Class initialized using 'CodeIgniter\Session\Handlers\FileHandler' driver.
INFO - 2024-06-08 13:22:25 --> Cart Class Initialized
INFO - 2024-06-08 13:22:29 --> Session: Class initialized using 'CodeIgniter\Session\Handlers\FileHandler' driver.
INFO - 2024-06-08 13:22:29 --> Cart Class Initialized
INFO - 2024-06-08 13:22:36 --> Session: Class initialized using 'CodeIgniter\Session\Handlers\FileHandler' driver.
INFO - 2024-06-08 13:22:36 --> Cart Class Initialized
INFO - 2024-06-08 13:23:16 --> Session: Class initialized using 'CodeIgniter\Session\Handlers\FileHandler' driver.
INFO - 2024-06-08 13:23:16 --> Cart Class Initialized
INFO - 2024-06-08 13:31:58 --> Session: Class initialized using 'CodeIgniter\Session\Handlers\FileHandler' driver.
INFO - 2024-06-08 13:31:58 --> Cart Class Initialized
INFO - 2024-06-08 13:34:33 --> Session: Class initialized using 'CodeIgniter\Session\Handlers\FileHandler' driver.
INFO - 2024-06-08 13:34:33 --> Cart Class Initialized
INFO - 2024-06-08 13:34:51 --> Session: Class initialized using 'CodeIgniter\Session\Handlers\FileHandler' driver.
INFO - 2024-06-08 13:34:51 --> Cart Class Initialized
INFO - 2024-06-08 13:34:52 --> Session: Class initialized using 'CodeIgniter\Session\Handlers\FileHandler' driver.
INFO - 2024-06-08 13:34:52 --> Cart Class Initialized
INFO - 2024-06-08 13:35:00 --> Session: Class initialized using 'CodeIgniter\Session\Handlers\FileHandler' driver.
INFO - 2024-06-08 13:35:00 --> Cart Class Initialized
INFO - 2024-06-08 13:36:00 --> Session: Class initialized using 'CodeIgniter\Session\Handlers\FileHandler' driver.
INFO - 2024-06-08 13:36:00 --> Cart Class Initialized
INFO - 2024-06-08 13:36:06 --> Session: Class initialized using 'CodeIgniter\Session\Handlers\FileHandler' driver.
INFO - 2024-06-08 13:36:06 --> Cart Class Initialized
INFO - 2024-06-08 13:36:31 --> Session: Class initialized using 'CodeIgniter\Session\Handlers\FileHandler' driver.
INFO - 2024-06-08 13:36:31 --> Cart Class Initialized
INFO - 2024-06-08 13:36:35 --> Session: Class initialized using 'CodeIgniter\Session\Handlers\FileHandler' driver.
INFO - 2024-06-08 13:36:35 --> Cart Class Initialized
INFO - 2024-06-08 13:38:43 --> Session: Class initialized using 'CodeIgniter\Session\Handlers\FileHandler' driver.
INFO - 2024-06-08 13:38:43 --> Cart Class Initialized
INFO - 2024-06-08 13:38:59 --> Session: Class initialized using 'CodeIgniter\Session\Handlers\FileHandler' driver.
INFO - 2024-06-08 13:38:59 --> Cart Class Initialized
INFO - 2024-06-08 13:39:02 --> Session: Class initialized using 'CodeIgniter\Session\Handlers\FileHandler' driver.
INFO - 2024-06-08 13:39:02 --> Cart Class Initialized
INFO - 2024-06-08 13:39:11 --> Session: Class initialized using 'CodeIgniter\Session\Handlers\FileHandler' driver.
INFO - 2024-06-08 13:39:11 --> Cart Class Initialized
INFO - 2024-06-08 13:39:22 --> Session: Class initialized using 'CodeIgniter\Session\Handlers\FileHandler' driver.
INFO - 2024-06-08 13:39:22 --> Cart Class Initialized
INFO - 2024-06-08 13:42:47 --> Session: Class initialized using 'CodeIgniter\Session\Handlers\FileHandler' driver.
INFO - 2024-06-08 13:42:47 --> Cart Class Initialized
INFO - 2024-06-08 13:42:48 --> Session: Class initialized using 'CodeIgniter\Session\Handlers\FileHandler' driver.
INFO - 2024-06-08 13:42:48 --> Cart Class Initialized
INFO - 2024-06-08 13:42:56 --> Session: Class initialized using 'CodeIgniter\Session\Handlers\FileHandler' driver.
INFO - 2024-06-08 13:42:56 --> Cart Class Initialized
INFO - 2024-06-08 13:43:02 --> Session: Class initialized using 'CodeIgniter\Session\Handlers\FileHandler' driver.
INFO - 2024-06-08 13:43:02 --> Cart Class Initialized
INFO - 2024-06-08 13:43:08 --> Session: Class initialized using 'CodeIgniter\Session\Handlers\FileHandler' driver.
INFO - 2024-06-08 13:43:08 --> Cart Class Initialized
INFO - 2024-06-08 13:43:09 --> Session: Class initialized using 'CodeIgniter\Session\Handlers\FileHandler' driver.
INFO - 2024-06-08 13:43:09 --> Cart Class Initialized
INFO - 2024-06-08 13:44:30 --> Session: Class initialized using 'CodeIgniter\Session\Handlers\FileHandler' driver.
INFO - 2024-06-08 13:44:30 --> Cart Class Initialized
INFO - 2024-06-08 13:45:39 --> Session: Class initialized using 'CodeIgniter\Session\Handlers\FileHandler' driver.
INFO - 2024-06-08 13:45:39 --> Cart Class Initialized
INFO - 2024-06-08 13:45:42 --> Session: Class initialized using 'CodeIgniter\Session\Handlers\FileHandler' driver.
INFO - 2024-06-08 13:45:42 --> Cart Class Initialized
INFO - 2024-06-08 13:47:21 --> Session: Class initialized using 'CodeIgniter\Session\Handlers\FileHandler' driver.
INFO - 2024-06-08 13:47:21 --> Cart Class Initialized
INFO - 2024-06-08 13:47:26 --> Session: Class initialized using 'CodeIgniter\Session\Handlers\FileHandler' driver.
INFO - 2024-06-08 13:47:26 --> Cart Class Initialized
INFO - 2024-06-08 14:11:16 --> Session: Class initialized using 'CodeIgniter\Session\Handlers\FileHandler' driver.
INFO - 2024-06-08 14:11:16 --> Cart Class Initialized
INFO - 2024-06-08 14:11:26 --> Session: Class initialized using 'CodeIgniter\Session\Handlers\FileHandler' driver.
INFO - 2024-06-08 14:12:16 --> Session: Class initialized using 'CodeIgniter\Session\Handlers\FileHandler' driver.
INFO - 2024-06-08 14:12:16 --> Session: Class initialized using 'CodeIgniter\Session\Handlers\FileHandler' driver.
INFO - 2024-06-08 14:12:26 --> Session: Class initialized using 'CodeIgniter\Session\Handlers\FileHandler' driver.
INFO - 2024-06-08 14:12:26 --> Session: Class initialized using 'CodeIgniter\Session\Handlers\FileHandler' driver.
INFO - 2024-06-08 14:13:14 --> Session: Class initialized using 'CodeIgniter\Session\Handlers\FileHandler' driver.
INFO - 2024-06-08 14:13:14 --> Session: Class initialized using 'CodeIgniter\Session\Handlers\FileHandler' driver.
INFO - 2024-06-08 14:13:14 --> Cart Class Initialized
INFO - 2024-06-08 14:13:21 --> Session: Class initialized using 'CodeIgniter\Session\Handlers\FileHandler' driver.
INFO - 2024-06-08 14:13:21 --> Cart Class Initialized
INFO - 2024-06-08 14:13:25 --> Session: Class initialized using 'CodeIgniter\Session\Handlers\FileHandler' driver.
INFO - 2024-06-08 14:13:25 --> Cart Class Initialized
INFO - 2024-06-08 14:13:25 --> Session: Class initialized using 'CodeIgniter\Session\Handlers\FileHandler' driver.
INFO - 2024-06-08 14:13:25 --> Cart Class Initialized
INFO - 2024-06-08 14:14:29 --> Session: Class initialized using 'CodeIgniter\Session\Handlers\FileHandler' driver.
INFO - 2024-06-08 14:14:29 --> Cart Class Initialized
INFO - 2024-06-08 14:14:30 --> Session: Class initialized using 'CodeIgniter\Session\Handlers\FileHandler' driver.
INFO - 2024-06-08 14:14:30 --> Cart Class Initialized
INFO - 2024-06-08 14:14:31 --> Session: Class initialized using 'CodeIgniter\Session\Handlers\FileHandler' driver.
INFO - 2024-06-08 14:14:31 --> Cart Class Initialized
INFO - 2024-06-08 14:14:40 --> Session: Class initialized using 'CodeIgniter\Session\Handlers\FileHandler' driver.
INFO - 2024-06-08 14:14:40 --> Cart Class Initialized
INFO - 2024-06-08 14:16:44 --> Session: Class initialized using 'CodeIgniter\Session\Handlers\FileHandler' driver.
INFO - 2024-06-08 14:16:44 --> Cart Class Initialized
INFO - 2024-06-08 14:16:54 --> Session: Class initialized using 'CodeIgniter\Session\Handlers\FileHandler' driver.
INFO - 2024-06-08 14:16:54 --> Cart Class Initialized
INFO - 2024-06-08 14:16:56 --> Session: Class initialized using 'CodeIgniter\Session\Handlers\FileHandler' driver.
INFO - 2024-06-08 14:16:56 --> Cart Class Initialized
INFO - 2024-06-08 14:17:50 --> Session: Class initialized using 'CodeIgniter\Session\Handlers\FileHandler' driver.
INFO - 2024-06-08 14:17:50 --> Cart Class Initialized
INFO - 2024-06-08 14:17:53 --> Session: Class initialized using 'CodeIgniter\Session\Handlers\FileHandler' driver.
INFO - 2024-06-08 14:17:53 --> Cart Class Initialized
CRITICAL - 2024-06-08 14:17:53 --> ErrorException: Undefined array key "id"
in APPPATH\Controllers\carrito_controller.php on line 73.
 1 APPPATH\Controllers\carrito_controller.php(73): CodeIgniter\Debug\Exceptions->errorHandler(2, 'Undefined array key "id"', 'C:\\xampp\\htdocs\\proyecto_espinola_emilia\\app\\Controllers\\carrito_controller.php', 73)
 2 SYSTEMPATH\CodeIgniter.php(943): App\Controllers\carrito_controller->actualiza_carrito()
 3 SYSTEMPATH\CodeIgniter.php(503): CodeIgniter\CodeIgniter->runController(Object(App\Controllers\carrito_controller))
 4 SYSTEMPATH\CodeIgniter.php(361): CodeIgniter\CodeIgniter->handleRequest(null, Object(Config\Cache), false)
 5 FCPATH\index.php(79): CodeIgniter\CodeIgniter->run()
INFO - 2024-06-08 14:18:42 --> Session: Class initialized using 'CodeIgniter\Session\Handlers\FileHandler' driver.
INFO - 2024-06-08 14:18:42 --> Cart Class Initialized
CRITICAL - 2024-06-08 14:18:42 --> ErrorException: Undefined array key "id_prod"
in APPPATH\Controllers\carrito_controller.php on line 73.
 1 APPPATH\Controllers\carrito_controller.php(73): CodeIgniter\Debug\Exceptions->errorHandler(2, 'Undefined array key "id_prod"', 'C:\\xampp\\htdocs\\proyecto_espinola_emilia\\app\\Controllers\\carrito_controller.php', 73)
 2 SYSTEMPATH\CodeIgniter.php(943): App\Controllers\carrito_controller->actualiza_carrito()
 3 SYSTEMPATH\CodeIgniter.php(503): CodeIgniter\CodeIgniter->runController(Object(App\Controllers\carrito_controller))
 4 SYSTEMPATH\CodeIgniter.php(361): CodeIgniter\CodeIgniter->handleRequest(null, Object(Config\Cache), false)
 5 FCPATH\index.php(79): CodeIgniter\CodeIgniter->run()
INFO - 2024-06-08 14:20:52 --> Session: Class initialized using 'CodeIgniter\Session\Handlers\FileHandler' driver.
INFO - 2024-06-08 14:20:52 --> Cart Class Initialized
CRITICAL - 2024-06-08 14:20:52 --> ErrorException: Undefined array key "id_prod"
in APPPATH\Controllers\carrito_controller.php on line 73.
 1 APPPATH\Controllers\carrito_controller.php(73): CodeIgniter\Debug\Exceptions->errorHandler(2, 'Undefined array key "id_prod"', 'C:\\xampp\\htdocs\\proyecto_espinola_emilia\\app\\Controllers\\carrito_controller.php', 73)
 2 SYSTEMPATH\CodeIgniter.php(943): App\Controllers\carrito_controller->actualiza_carrito()
 3 SYSTEMPATH\CodeIgniter.php(503): CodeIgniter\CodeIgniter->runController(Object(App\Controllers\carrito_controller))
 4 SYSTEMPATH\CodeIgniter.php(361): CodeIgniter\CodeIgniter->handleRequest(null, Object(Config\Cache), false)
 5 FCPATH\index.php(79): CodeIgniter\CodeIgniter->run()
INFO - 2024-06-08 14:21:26 --> Session: Class initialized using 'CodeIgniter\Session\Handlers\FileHandler' driver.
INFO - 2024-06-08 14:21:26 --> Cart Class Initialized
INFO - 2024-06-08 14:21:28 --> Session: Class initialized using 'CodeIgniter\Session\Handlers\FileHandler' driver.
INFO - 2024-06-08 14:21:28 --> Cart Class Initialized
INFO - 2024-06-08 14:21:31 --> Session: Class initialized using 'CodeIgniter\Session\Handlers\FileHandler' driver.
INFO - 2024-06-08 14:21:31 --> Cart Class Initialized
CRITICAL - 2024-06-08 14:21:31 --> ErrorException: Undefined array key "id_prod"
in APPPATH\Controllers\carrito_controller.php on line 73.
 1 APPPATH\Controllers\carrito_controller.php(73): CodeIgniter\Debug\Exceptions->errorHandler(2, 'Undefined array key "id_prod"', 'C:\\xampp\\htdocs\\proyecto_espinola_emilia\\app\\Controllers\\carrito_controller.php', 73)
 2 SYSTEMPATH\CodeIgniter.php(943): App\Controllers\carrito_controller->actualiza_carrito()
 3 SYSTEMPATH\CodeIgniter.php(503): CodeIgniter\CodeIgniter->runController(Object(App\Controllers\carrito_controller))
 4 SYSTEMPATH\CodeIgniter.php(361): CodeIgniter\CodeIgniter->handleRequest(null, Object(Config\Cache), false)
 5 FCPATH\index.php(79): CodeIgniter\CodeIgniter->run()
INFO - 2024-06-08 14:21:48 --> Session: Class initialized using 'CodeIgniter\Session\Handlers\FileHandler' driver.
INFO - 2024-06-08 14:21:48 --> Cart Class Initialized
CRITICAL - 2024-06-08 14:21:48 --> ErrorException: Undefined array key "id_prod"
in APPPATH\Controllers\carrito_controller.php on line 73.
 1 APPPATH\Controllers\carrito_controller.php(73): CodeIgniter\Debug\Exceptions->errorHandler(2, 'Undefined array key "id_prod"', 'C:\\xampp\\htdocs\\proyecto_espinola_emilia\\app\\Controllers\\carrito_controller.php', 73)
 2 SYSTEMPATH\CodeIgniter.php(943): App\Controllers\carrito_controller->actualiza_carrito()
 3 SYSTEMPATH\CodeIgniter.php(503): CodeIgniter\CodeIgniter->runController(Object(App\Controllers\carrito_controller))
 4 SYSTEMPATH\CodeIgniter.php(361): CodeIgniter\CodeIgniter->handleRequest(null, Object(Config\Cache), false)
 5 FCPATH\index.php(79): CodeIgniter\CodeIgniter->run()
INFO - 2024-06-08 14:21:51 --> Session: Class initialized using 'CodeIgniter\Session\Handlers\FileHandler' driver.
INFO - 2024-06-08 14:21:51 --> Cart Class Initialized
CRITICAL - 2024-06-08 14:21:51 --> ErrorException: Undefined array key "id_prod"
in APPPATH\Controllers\carrito_controller.php on line 73.
 1 APPPATH\Controllers\carrito_controller.php(73): CodeIgniter\Debug\Exceptions->errorHandler(2, 'Undefined array key "id_prod"', 'C:\\xampp\\htdocs\\proyecto_espinola_emilia\\app\\Controllers\\carrito_controller.php', 73)
 2 SYSTEMPATH\CodeIgniter.php(943): App\Controllers\carrito_controller->actualiza_carrito()
 3 SYSTEMPATH\CodeIgniter.php(503): CodeIgniter\CodeIgniter->runController(Object(App\Controllers\carrito_controller))
 4 SYSTEMPATH\CodeIgniter.php(361): CodeIgniter\CodeIgniter->handleRequest(null, Object(Config\Cache), false)
 5 FCPATH\index.php(79): CodeIgniter\CodeIgniter->run()
INFO - 2024-06-08 14:25:01 --> Session: Class initialized using 'CodeIgniter\Session\Handlers\FileHandler' driver.
INFO - 2024-06-08 14:25:01 --> Cart Class Initialized
INFO - 2024-06-08 14:25:03 --> Session: Class initialized using 'CodeIgniter\Session\Handlers\FileHandler' driver.
INFO - 2024-06-08 14:25:03 --> Cart Class Initialized
INFO - 2024-06-08 14:25:05 --> Session: Class initialized using 'CodeIgniter\Session\Handlers\FileHandler' driver.
INFO - 2024-06-08 14:25:05 --> Cart Class Initialized
INFO - 2024-06-08 14:25:08 --> Session: Class initialized using 'CodeIgniter\Session\Handlers\FileHandler' driver.
INFO - 2024-06-08 14:25:08 --> Cart Class Initialized
CRITICAL - 2024-06-08 14:25:08 --> ErrorException: Undefined array key "id_prod"
in APPPATH\Controllers\carrito_controller.php on line 73.
 1 APPPATH\Controllers\carrito_controller.php(73): CodeIgniter\Debug\Exceptions->errorHandler(2, 'Undefined array key "id_prod"', 'C:\\xampp\\htdocs\\proyecto_espinola_emilia\\app\\Controllers\\carrito_controller.php', 73)
 2 SYSTEMPATH\CodeIgniter.php(943): App\Controllers\carrito_controller->actualiza_carrito()
 3 SYSTEMPATH\CodeIgniter.php(503): CodeIgniter\CodeIgniter->runController(Object(App\Controllers\carrito_controller))
 4 SYSTEMPATH\CodeIgniter.php(361): CodeIgniter\CodeIgniter->handleRequest(null, Object(Config\Cache), false)
 5 FCPATH\index.php(79): CodeIgniter\CodeIgniter->run()
INFO - 2024-06-08 14:26:06 --> Session: Class initialized using 'CodeIgniter\Session\Handlers\FileHandler' driver.
INFO - 2024-06-08 14:26:06 --> Cart Class Initialized
CRITICAL - 2024-06-08 14:26:06 --> ErrorException: Undefined array key "id_prod"
in APPPATH\Controllers\carrito_controller.php on line 73.
 1 APPPATH\Controllers\carrito_controller.php(73): CodeIgniter\Debug\Exceptions->errorHandler(2, 'Undefined array key "id_prod"', 'C:\\xampp\\htdocs\\proyecto_espinola_emilia\\app\\Controllers\\carrito_controller.php', 73)
 2 SYSTEMPATH\CodeIgniter.php(943): App\Controllers\carrito_controller->actualiza_carrito()
 3 SYSTEMPATH\CodeIgniter.php(503): CodeIgniter\CodeIgniter->runController(Object(App\Controllers\carrito_controller))
 4 SYSTEMPATH\CodeIgniter.php(361): CodeIgniter\CodeIgniter->handleRequest(null, Object(Config\Cache), false)
 5 FCPATH\index.php(79): CodeIgniter\CodeIgniter->run()
INFO - 2024-06-08 14:26:09 --> Session: Class initialized using 'CodeIgniter\Session\Handlers\FileHandler' driver.
INFO - 2024-06-08 14:26:09 --> Cart Class Initialized
CRITICAL - 2024-06-08 14:26:09 --> ErrorException: Undefined array key "id_prod"
in APPPATH\Controllers\carrito_controller.php on line 73.
 1 APPPATH\Controllers\carrito_controller.php(73): CodeIgniter\Debug\Exceptions->errorHandler(2, 'Undefined array key "id_prod"', 'C:\\xampp\\htdocs\\proyecto_espinola_emilia\\app\\Controllers\\carrito_controller.php', 73)
 2 SYSTEMPATH\CodeIgniter.php(943): App\Controllers\carrito_controller->actualiza_carrito()
 3 SYSTEMPATH\CodeIgniter.php(503): CodeIgniter\CodeIgniter->runController(Object(App\Controllers\carrito_controller))
 4 SYSTEMPATH\CodeIgniter.php(361): CodeIgniter\CodeIgniter->handleRequest(null, Object(Config\Cache), false)
 5 FCPATH\index.php(79): CodeIgniter\CodeIgniter->run()
INFO - 2024-06-08 14:28:10 --> Session: Class initialized using 'CodeIgniter\Session\Handlers\FileHandler' driver.
INFO - 2024-06-08 14:28:10 --> Cart Class Initialized
CRITICAL - 2024-06-08 14:28:10 --> ErrorException: Undefined array key "id_prod"
in APPPATH\Views\back\carrito.php on line 37.
 1 APPPATH\Views\back\carrito.php(37): CodeIgniter\Debug\Exceptions->errorHandler(2, 'Undefined array key "id_prod"', 'C:\\xampp\\htdocs\\proyecto_espinola_emilia\\app\\Views\\back\\carrito.php', 37)
 2 SYSTEMPATH\View\View.php(228): include('C:\\xampp\\htdocs\\proyecto_espinola_emilia\\app\\Views\\back\\carrito.php')
 3 SYSTEMPATH\View\View.php(231): CodeIgniter\View\View->CodeIgniter\View\{closure}()
 4 SYSTEMPATH\Common.php(1178): CodeIgniter\View\View->render('back/carrito', [], true)
 5 APPPATH\Controllers\carrito_controller.php(133): view('back/carrito', [...])
 6 SYSTEMPATH\CodeIgniter.php(943): App\Controllers\carrito_controller->muestra()
 7 SYSTEMPATH\CodeIgniter.php(503): CodeIgniter\CodeIgniter->runController(Object(App\Controllers\carrito_controller))
 8 SYSTEMPATH\CodeIgniter.php(361): CodeIgniter\CodeIgniter->handleRequest(null, Object(Config\Cache), false)
 9 FCPATH\index.php(79): CodeIgniter\CodeIgniter->run()
INFO - 2024-06-08 14:28:11 --> Session: Class initialized using 'CodeIgniter\Session\Handlers\FileHandler' driver.
INFO - 2024-06-08 14:28:11 --> Cart Class Initialized
INFO - 2024-06-08 14:28:14 --> Session: Class initialized using 'CodeIgniter\Session\Handlers\FileHandler' driver.
INFO - 2024-06-08 14:28:14 --> Cart Class Initialized
INFO - 2024-06-08 14:33:42 --> Session: Class initialized using 'CodeIgniter\Session\Handlers\FileHandler' driver.
INFO - 2024-06-08 14:33:42 --> Cart Class Initialized
INFO - 2024-06-08 14:33:45 --> Session: Class initialized using 'CodeIgniter\Session\Handlers\FileHandler' driver.
INFO - 2024-06-08 14:33:45 --> Cart Class Initialized
INFO - 2024-06-08 14:33:45 --> Session: Class initialized using 'CodeIgniter\Session\Handlers\FileHandler' driver.
INFO - 2024-06-08 14:33:45 --> Cart Class Initialized
CRITICAL - 2024-06-08 14:33:45 --> ErrorException: Undefined array key "id_prod"
in APPPATH\Views\back\carrito.php on line 37.
 1 APPPATH\Views\back\carrito.php(37): CodeIgniter\Debug\Exceptions->errorHandler(2, 'Undefined array key "id_prod"', 'C:\\xampp\\htdocs\\proyecto_espinola_emilia\\app\\Views\\back\\carrito.php', 37)
 2 SYSTEMPATH\View\View.php(228): include('C:\\xampp\\htdocs\\proyecto_espinola_emilia\\app\\Views\\back\\carrito.php')
 3 SYSTEMPATH\View\View.php(231): CodeIgniter\View\View->CodeIgniter\View\{closure}()
 4 SYSTEMPATH\Common.php(1178): CodeIgniter\View\View->render('back/carrito', [], true)
 5 APPPATH\Controllers\carrito_controller.php(133): view('back/carrito', [...])
 6 SYSTEMPATH\CodeIgniter.php(943): App\Controllers\carrito_controller->muestra()
 7 SYSTEMPATH\CodeIgniter.php(503): CodeIgniter\CodeIgniter->runController(Object(App\Controllers\carrito_controller))
 8 SYSTEMPATH\CodeIgniter.php(361): CodeIgniter\CodeIgniter->handleRequest(null, Object(Config\Cache), false)
 9 FCPATH\index.php(79): CodeIgniter\CodeIgniter->run()
INFO - 2024-06-08 14:34:14 --> Session: Class initialized using 'CodeIgniter\Session\Handlers\FileHandler' driver.
INFO - 2024-06-08 14:34:14 --> Cart Class Initialized
CRITICAL - 2024-06-08 14:34:14 --> ErrorException: Undefined array key "id_prod"
in APPPATH\Views\back\carrito.php on line 37.
 1 APPPATH\Views\back\carrito.php(37): CodeIgniter\Debug\Exceptions->errorHandler(2, 'Undefined array key "id_prod"', 'C:\\xampp\\htdocs\\proyecto_espinola_emilia\\app\\Views\\back\\carrito.php', 37)
 2 SYSTEMPATH\View\View.php(228): include('C:\\xampp\\htdocs\\proyecto_espinola_emilia\\app\\Views\\back\\carrito.php')
 3 SYSTEMPATH\View\View.php(231): CodeIgniter\View\View->CodeIgniter\View\{closure}()
 4 SYSTEMPATH\Common.php(1178): CodeIgniter\View\View->render('back/carrito', [], true)
 5 APPPATH\Controllers\carrito_controller.php(133): view('back/carrito', [...])
 6 SYSTEMPATH\CodeIgniter.php(943): App\Controllers\carrito_controller->muestra()
 7 SYSTEMPATH\CodeIgniter.php(503): CodeIgniter\CodeIgniter->runController(Object(App\Controllers\carrito_controller))
 8 SYSTEMPATH\CodeIgniter.php(361): CodeIgniter\CodeIgniter->handleRequest(null, Object(Config\Cache), false)
 9 FCPATH\index.php(79): CodeIgniter\CodeIgniter->run()
INFO - 2024-06-08 14:34:22 --> Session: Class initialized using 'CodeIgniter\Session\Handlers\FileHandler' driver.
INFO - 2024-06-08 14:34:22 --> Cart Class Initialized
CRITICAL - 2024-06-08 14:34:22 --> ErrorException: Undefined array key "id_prod"
in APPPATH\Views\back\carrito.php on line 37.
 1 APPPATH\Views\back\carrito.php(37): CodeIgniter\Debug\Exceptions->errorHandler(2, 'Undefined array key "id_prod"', 'C:\\xampp\\htdocs\\proyecto_espinola_emilia\\app\\Views\\back\\carrito.php', 37)
 2 SYSTEMPATH\View\View.php(228): include('C:\\xampp\\htdocs\\proyecto_espinola_emilia\\app\\Views\\back\\carrito.php')
 3 SYSTEMPATH\View\View.php(231): CodeIgniter\View\View->CodeIgniter\View\{closure}()
 4 SYSTEMPATH\Common.php(1178): CodeIgniter\View\View->render('back/carrito', [], true)
 5 APPPATH\Controllers\carrito_controller.php(133): view('back/carrito', [...])
 6 SYSTEMPATH\CodeIgniter.php(943): App\Controllers\carrito_controller->muestra()
 7 SYSTEMPATH\CodeIgniter.php(503): CodeIgniter\CodeIgniter->runController(Object(App\Controllers\carrito_controller))
 8 SYSTEMPATH\CodeIgniter.php(361): CodeIgniter\CodeIgniter->handleRequest(null, Object(Config\Cache), false)
 9 FCPATH\index.php(79): CodeIgniter\CodeIgniter->run()
INFO - 2024-06-08 14:34:23 --> Session: Class initialized using 'CodeIgniter\Session\Handlers\FileHandler' driver.
INFO - 2024-06-08 14:34:23 --> Cart Class Initialized
CRITICAL - 2024-06-08 14:34:23 --> ErrorException: Undefined array key "id_prod"
in APPPATH\Views\back\carrito.php on line 37.
 1 APPPATH\Views\back\carrito.php(37): CodeIgniter\Debug\Exceptions->errorHandler(2, 'Undefined array key "id_prod"', 'C:\\xampp\\htdocs\\proyecto_espinola_emilia\\app\\Views\\back\\carrito.php', 37)
 2 SYSTEMPATH\View\View.php(228): include('C:\\xampp\\htdocs\\proyecto_espinola_emilia\\app\\Views\\back\\carrito.php')
 3 SYSTEMPATH\View\View.php(231): CodeIgniter\View\View->CodeIgniter\View\{closure}()
 4 SYSTEMPATH\Common.php(1178): CodeIgniter\View\View->render('back/carrito', [], true)
 5 APPPATH\Controllers\carrito_controller.php(133): view('back/carrito', [...])
 6 SYSTEMPATH\CodeIgniter.php(943): App\Controllers\carrito_controller->muestra()
 7 SYSTEMPATH\CodeIgniter.php(503): CodeIgniter\CodeIgniter->runController(Object(App\Controllers\carrito_controller))
 8 SYSTEMPATH\CodeIgniter.php(361): CodeIgniter\CodeIgniter->handleRequest(null, Object(Config\Cache), false)
 9 FCPATH\index.php(79): CodeIgniter\CodeIgniter->run()
INFO - 2024-06-08 14:38:33 --> Session: Class initialized using 'CodeIgniter\Session\Handlers\FileHandler' driver.
INFO - 2024-06-08 14:38:33 --> Cart Class Initialized
INFO - 2024-06-08 14:38:36 --> Session: Class initialized using 'CodeIgniter\Session\Handlers\FileHandler' driver.
INFO - 2024-06-08 14:38:36 --> Cart Class Initialized
INFO - 2024-06-08 14:38:38 --> Session: Class initialized using 'CodeIgniter\Session\Handlers\FileHandler' driver.
INFO - 2024-06-08 14:38:38 --> Cart Class Initialized
INFO - 2024-06-08 14:38:38 --> Session: Class initialized using 'CodeIgniter\Session\Handlers\FileHandler' driver.
INFO - 2024-06-08 14:38:38 --> Cart Class Initialized
CRITICAL - 2024-06-08 14:38:38 --> ErrorException: Undefined variable $cart
in APPPATH\Views\back\carrito.php on line 17.
 1 APPPATH\Views\back\carrito.php(17): CodeIgniter\Debug\Exceptions->errorHandler(2, 'Undefined variable $cart', 'C:\\xampp\\htdocs\\proyecto_espinola_emilia\\app\\Views\\back\\carrito.php', 17)
 2 SYSTEMPATH\View\View.php(228): include('C:\\xampp\\htdocs\\proyecto_espinola_emilia\\app\\Views\\back\\carrito.php')
 3 SYSTEMPATH\View\View.php(231): CodeIgniter\View\View->CodeIgniter\View\{closure}()
 4 SYSTEMPATH\Common.php(1178): CodeIgniter\View\View->render('back/carrito', [], true)
 5 APPPATH\Controllers\carrito_controller.php(128): view('back/carrito', [...])
 6 SYSTEMPATH\CodeIgniter.php(943): App\Controllers\carrito_controller->muestra()
 7 SYSTEMPATH\CodeIgniter.php(503): CodeIgniter\CodeIgniter->runController(Object(App\Controllers\carrito_controller))
 8 SYSTEMPATH\CodeIgniter.php(361): CodeIgniter\CodeIgniter->handleRequest(null, Object(Config\Cache), false)
 9 FCPATH\index.php(79): CodeIgniter\CodeIgniter->run()
INFO - 2024-06-08 14:39:00 --> Session: Class initialized using 'CodeIgniter\Session\Handlers\FileHandler' driver.
INFO - 2024-06-08 14:39:00 --> Cart Class Initialized
CRITICAL - 2024-06-08 14:39:00 --> ErrorException: Undefined variable $cart
in APPPATH\Views\back\carrito.php on line 17.
 1 APPPATH\Views\back\carrito.php(17): CodeIgniter\Debug\Exceptions->errorHandler(2, 'Undefined variable $cart', 'C:\\xampp\\htdocs\\proyecto_espinola_emilia\\app\\Views\\back\\carrito.php', 17)
 2 SYSTEMPATH\View\View.php(228): include('C:\\xampp\\htdocs\\proyecto_espinola_emilia\\app\\Views\\back\\carrito.php')
 3 SYSTEMPATH\View\View.php(231): CodeIgniter\View\View->CodeIgniter\View\{closure}()
 4 SYSTEMPATH\Common.php(1178): CodeIgniter\View\View->render('back/carrito', [], true)
 5 APPPATH\Controllers\carrito_controller.php(128): view('back/carrito', [...])
 6 SYSTEMPATH\CodeIgniter.php(943): App\Controllers\carrito_controller->muestra()
 7 SYSTEMPATH\CodeIgniter.php(503): CodeIgniter\CodeIgniter->runController(Object(App\Controllers\carrito_controller))
 8 SYSTEMPATH\CodeIgniter.php(361): CodeIgniter\CodeIgniter->handleRequest(null, Object(Config\Cache), false)
 9 FCPATH\index.php(79): CodeIgniter\CodeIgniter->run()
INFO - 2024-06-08 14:39:17 --> Session: Class initialized using 'CodeIgniter\Session\Handlers\FileHandler' driver.
INFO - 2024-06-08 14:39:17 --> Cart Class Initialized
CRITICAL - 2024-06-08 14:39:17 --> ErrorException: Undefined array key "id_prod"
in APPPATH\Views\back\carrito.php on line 37.
 1 APPPATH\Views\back\carrito.php(37): CodeIgniter\Debug\Exceptions->errorHandler(2, 'Undefined array key "id_prod"', 'C:\\xampp\\htdocs\\proyecto_espinola_emilia\\app\\Views\\back\\carrito.php', 37)
 2 SYSTEMPATH\View\View.php(228): include('C:\\xampp\\htdocs\\proyecto_espinola_emilia\\app\\Views\\back\\carrito.php')
 3 SYSTEMPATH\View\View.php(231): CodeIgniter\View\View->CodeIgniter\View\{closure}()
 4 SYSTEMPATH\Common.php(1178): CodeIgniter\View\View->render('back/carrito', [], true)
 5 APPPATH\Controllers\carrito_controller.php(128): view('back/carrito', [...])
 6 SYSTEMPATH\CodeIgniter.php(943): App\Controllers\carrito_controller->muestra()
 7 SYSTEMPATH\CodeIgniter.php(503): CodeIgniter\CodeIgniter->runController(Object(App\Controllers\carrito_controller))
 8 SYSTEMPATH\CodeIgniter.php(361): CodeIgniter\CodeIgniter->handleRequest(null, Object(Config\Cache), false)
 9 FCPATH\index.php(79): CodeIgniter\CodeIgniter->run()
INFO - 2024-06-08 14:39:30 --> Session: Class initialized using 'CodeIgniter\Session\Handlers\FileHandler' driver.
INFO - 2024-06-08 14:39:30 --> Cart Class Initialized
INFO - 2024-06-08 14:39:57 --> Session: Class initialized using 'CodeIgniter\Session\Handlers\FileHandler' driver.
INFO - 2024-06-08 14:39:57 --> Cart Class Initialized
INFO - 2024-06-08 14:40:11 --> Session: Class initialized using 'CodeIgniter\Session\Handlers\FileHandler' driver.
INFO - 2024-06-08 14:40:11 --> Cart Class Initialized
INFO - 2024-06-08 14:40:11 --> Session: Class initialized using 'CodeIgniter\Session\Handlers\FileHandler' driver.
INFO - 2024-06-08 14:40:11 --> Cart Class Initialized
INFO - 2024-06-08 14:40:51 --> Session: Class initialized using 'CodeIgniter\Session\Handlers\FileHandler' driver.
INFO - 2024-06-08 14:40:51 --> Cart Class Initialized
INFO - 2024-06-08 14:40:51 --> Session: Class initialized using 'CodeIgniter\Session\Handlers\FileHandler' driver.
INFO - 2024-06-08 14:40:51 --> Cart Class Initialized
INFO - 2024-06-08 14:41:00 --> Session: Class initialized using 'CodeIgniter\Session\Handlers\FileHandler' driver.
INFO - 2024-06-08 14:41:00 --> Cart Class Initialized
INFO - 2024-06-08 14:41:00 --> Session: Class initialized using 'CodeIgniter\Session\Handlers\FileHandler' driver.
INFO - 2024-06-08 14:41:00 --> Cart Class Initialized
INFO - 2024-06-08 14:43:38 --> Session: Class initialized using 'CodeIgniter\Session\Handlers\FileHandler' driver.
INFO - 2024-06-08 14:43:38 --> Cart Class Initialized
INFO - 2024-06-08 14:44:07 --> Session: Class initialized using 'CodeIgniter\Session\Handlers\FileHandler' driver.
INFO - 2024-06-08 14:44:07 --> Cart Class Initialized
INFO - 2024-06-08 14:44:07 --> Session: Class initialized using 'CodeIgniter\Session\Handlers\FileHandler' driver.
INFO - 2024-06-08 14:44:07 --> Cart Class Initialized
INFO - 2024-06-08 14:48:28 --> Session: Class initialized using 'CodeIgniter\Session\Handlers\FileHandler' driver.
INFO - 2024-06-08 14:48:28 --> Cart Class Initialized
INFO - 2024-06-08 14:48:28 --> Session: Class initialized using 'CodeIgniter\Session\Handlers\FileHandler' driver.
INFO - 2024-06-08 14:48:28 --> Cart Class Initialized
INFO - 2024-06-08 14:52:11 --> Session: Class initialized using 'CodeIgniter\Session\Handlers\FileHandler' driver.
INFO - 2024-06-08 14:52:11 --> Cart Class Initialized
INFO - 2024-06-08 14:52:14 --> Session: Class initialized using 'CodeIgniter\Session\Handlers\FileHandler' driver.
INFO - 2024-06-08 14:52:14 --> Cart Class Initialized
INFO - 2024-06-08 14:52:17 --> Session: Class initialized using 'CodeIgniter\Session\Handlers\FileHandler' driver.
INFO - 2024-06-08 14:52:17 --> Cart Class Initialized
INFO - 2024-06-08 14:52:20 --> Session: Class initialized using 'CodeIgniter\Session\Handlers\FileHandler' driver.
INFO - 2024-06-08 14:52:20 --> Cart Class Initialized
INFO - 2024-06-08 14:52:20 --> Session: Class initialized using 'CodeIgniter\Session\Handlers\FileHandler' driver.
INFO - 2024-06-08 14:52:20 --> Cart Class Initialized
INFO - 2024-06-08 14:52:23 --> Session: Class initialized using 'CodeIgniter\Session\Handlers\FileHandler' driver.
INFO - 2024-06-08 14:52:23 --> Cart Class Initialized
INFO - 2024-06-08 14:52:23 --> Session: Class initialized using 'CodeIgniter\Session\Handlers\FileHandler' driver.
INFO - 2024-06-08 14:52:23 --> Cart Class Initialized
INFO - 2024-06-08 14:54:27 --> Session: Class initialized using 'CodeIgniter\Session\Handlers\FileHandler' driver.
INFO - 2024-06-08 14:54:27 --> Cart Class Initialized
INFO - 2024-06-08 14:54:34 --> Session: Class initialized using 'CodeIgniter\Session\Handlers\FileHandler' driver.
INFO - 2024-06-08 14:54:34 --> Cart Class Initialized
INFO - 2024-06-08 14:54:42 --> Session: Class initialized using 'CodeIgniter\Session\Handlers\FileHandler' driver.
INFO - 2024-06-08 14:54:42 --> Cart Class Initialized
INFO - 2024-06-08 15:00:29 --> Session: Class initialized using 'CodeIgniter\Session\Handlers\FileHandler' driver.
INFO - 2024-06-08 15:00:29 --> Cart Class Initialized
INFO - 2024-06-08 15:06:35 --> Session: Class initialized using 'CodeIgniter\Session\Handlers\FileHandler' driver.
INFO - 2024-06-08 15:06:35 --> Cart Class Initialized
INFO - 2024-06-08 15:11:35 --> Session: Class initialized using 'CodeIgniter\Session\Handlers\FileHandler' driver.
INFO - 2024-06-08 15:11:35 --> Cart Class Initialized
INFO - 2024-06-08 15:11:36 --> Session: Class initialized using 'CodeIgniter\Session\Handlers\FileHandler' driver.
INFO - 2024-06-08 15:11:36 --> Cart Class Initialized
INFO - 2024-06-08 15:11:38 --> Session: Class initialized using 'CodeIgniter\Session\Handlers\FileHandler' driver.
INFO - 2024-06-08 15:11:38 --> Session: Class initialized using 'CodeIgniter\Session\Handlers\FileHandler' driver.
INFO - 2024-06-08 15:11:38 --> Cart Class Initialized
INFO - 2024-06-08 15:12:36 --> Session: Class initialized using 'CodeIgniter\Session\Handlers\FileHandler' driver.
INFO - 2024-06-08 15:12:36 --> Cart Class Initialized
INFO - 2024-06-08 15:13:23 --> Session: Class initialized using 'CodeIgniter\Session\Handlers\FileHandler' driver.
INFO - 2024-06-08 15:13:23 --> Cart Class Initialized
INFO - 2024-06-08 15:15:12 --> Session: Class initialized using 'CodeIgniter\Session\Handlers\FileHandler' driver.
INFO - 2024-06-08 15:15:12 --> Cart Class Initialized
INFO - 2024-06-08 15:15:14 --> Session: Class initialized using 'CodeIgniter\Session\Handlers\FileHandler' driver.
INFO - 2024-06-08 15:15:14 --> Cart Class Initialized
INFO - 2024-06-08 15:15:26 --> Session: Class initialized using 'CodeIgniter\Session\Handlers\FileHandler' driver.
INFO - 2024-06-08 15:16:00 --> Session: Class initialized using 'CodeIgniter\Session\Handlers\FileHandler' driver.
INFO - 2024-06-08 15:16:00 --> Session: Class initialized using 'CodeIgniter\Session\Handlers\FileHandler' driver.
INFO - 2024-06-08 15:16:06 --> Session: Class initialized using 'CodeIgniter\Session\Handlers\FileHandler' driver.
INFO - 2024-06-08 15:16:07 --> Session: Class initialized using 'CodeIgniter\Session\Handlers\FileHandler' driver.
INFO - 2024-06-08 15:16:14 --> Session: Class initialized using 'CodeIgniter\Session\Handlers\FileHandler' driver.
INFO - 2024-06-08 15:16:14 --> Session: Class initialized using 'CodeIgniter\Session\Handlers\FileHandler' driver.
INFO - 2024-06-08 15:16:23 --> Session: Class initialized using 'CodeIgniter\Session\Handlers\FileHandler' driver.
INFO - 2024-06-08 15:16:23 --> Session: Class initialized using 'CodeIgniter\Session\Handlers\FileHandler' driver.
INFO - 2024-06-08 15:16:37 --> Session: Class initialized using 'CodeIgniter\Session\Handlers\FileHandler' driver.
INFO - 2024-06-08 15:16:37 --> Session: Class initialized using 'CodeIgniter\Session\Handlers\FileHandler' driver.
INFO - 2024-06-08 15:16:37 --> Cart Class Initialized
INFO - 2024-06-08 15:16:59 --> Session: Class initialized using 'CodeIgniter\Session\Handlers\FileHandler' driver.
INFO - 2024-06-08 15:16:59 --> Cart Class Initialized
INFO - 2024-06-08 15:19:30 --> Session: Class initialized using 'CodeIgniter\Session\Handlers\FileHandler' driver.
INFO - 2024-06-08 15:19:30 --> Cart Class Initialized
INFO - 2024-06-08 15:19:32 --> Session: Class initialized using 'CodeIgniter\Session\Handlers\FileHandler' driver.
INFO - 2024-06-08 15:19:32 --> Cart Class Initialized
INFO - 2024-06-08 15:19:52 --> Session: Class initialized using 'CodeIgniter\Session\Handlers\FileHandler' driver.
INFO - 2024-06-08 15:19:52 --> Cart Class Initialized
INFO - 2024-06-08 15:19:53 --> Session: Class initialized using 'CodeIgniter\Session\Handlers\FileHandler' driver.
INFO - 2024-06-08 15:19:53 --> Session: Class initialized using 'CodeIgniter\Session\Handlers\FileHandler' driver.
INFO - 2024-06-08 15:19:53 --> Cart Class Initialized
INFO - 2024-06-08 16:37:44 --> Session: Class initialized using 'CodeIgniter\Session\Handlers\FileHandler' driver.
INFO - 2024-06-08 16:37:44 --> Cart Class Initialized
INFO - 2024-06-08 16:38:28 --> Session: Class initialized using 'CodeIgniter\Session\Handlers\FileHandler' driver.
INFO - 2024-06-08 16:38:58 --> Session: Class initialized using 'CodeIgniter\Session\Handlers\FileHandler' driver.
INFO - 2024-06-08 16:38:59 --> Session: Class initialized using 'CodeIgniter\Session\Handlers\FileHandler' driver.
INFO - 2024-06-08 16:38:59 --> Cart Class Initialized
INFO - 2024-06-08 16:41:11 --> Session: Class initialized using 'CodeIgniter\Session\Handlers\FileHandler' driver.
INFO - 2024-06-08 16:41:11 --> Cart Class Initialized
INFO - 2024-06-08 16:41:20 --> Session: Class initialized using 'CodeIgniter\Session\Handlers\FileHandler' driver.
INFO - 2024-06-08 16:41:20 --> Cart Class Initialized
INFO - 2024-06-08 16:42:19 --> Session: Class initialized using 'CodeIgniter\Session\Handlers\FileHandler' driver.
INFO - 2024-06-08 16:42:19 --> Cart Class Initialized
INFO - 2024-06-08 16:43:06 --> Session: Class initialized using 'CodeIgniter\Session\Handlers\FileHandler' driver.
INFO - 2024-06-08 16:43:06 --> Cart Class Initialized
INFO - 2024-06-08 16:43:30 --> Session: Class initialized using 'CodeIgniter\Session\Handlers\FileHandler' driver.
INFO - 2024-06-08 16:43:30 --> Cart Class Initialized
INFO - 2024-06-08 16:43:35 --> Session: Class initialized using 'CodeIgniter\Session\Handlers\FileHandler' driver.
INFO - 2024-06-08 16:43:35 --> Cart Class Initialized
INFO - 2024-06-08 16:43:42 --> Session: Class initialized using 'CodeIgniter\Session\Handlers\FileHandler' driver.
INFO - 2024-06-08 16:43:42 --> Cart Class Initialized
INFO - 2024-06-08 16:43:59 --> Session: Class initialized using 'CodeIgniter\Session\Handlers\FileHandler' driver.
INFO - 2024-06-08 16:43:59 --> Cart Class Initialized
INFO - 2024-06-08 16:44:00 --> Session: Class initialized using 'CodeIgniter\Session\Handlers\FileHandler' driver.
INFO - 2024-06-08 16:44:00 --> Cart Class Initialized
INFO - 2024-06-08 16:44:09 --> Session: Class initialized using 'CodeIgniter\Session\Handlers\FileHandler' driver.
INFO - 2024-06-08 16:44:09 --> Cart Class Initialized
INFO - 2024-06-08 16:44:14 --> Session: Class initialized using 'CodeIgniter\Session\Handlers\FileHandler' driver.
INFO - 2024-06-08 16:44:14 --> Cart Class Initialized
INFO - 2024-06-08 16:44:16 --> Session: Class initialized using 'CodeIgniter\Session\Handlers\FileHandler' driver.
INFO - 2024-06-08 16:44:16 --> Cart Class Initialized
INFO - 2024-06-08 16:44:36 --> Session: Class initialized using 'CodeIgniter\Session\Handlers\FileHandler' driver.
INFO - 2024-06-08 16:44:36 --> Cart Class Initialized
INFO - 2024-06-08 16:44:37 --> Session: Class initialized using 'CodeIgniter\Session\Handlers\FileHandler' driver.
INFO - 2024-06-08 16:44:37 --> Cart Class Initialized
INFO - 2024-06-08 16:46:15 --> Session: Class initialized using 'CodeIgniter\Session\Handlers\FileHandler' driver.
INFO - 2024-06-08 16:46:15 --> Cart Class Initialized
INFO - 2024-06-08 16:46:17 --> Session: Class initialized using 'CodeIgniter\Session\Handlers\FileHandler' driver.
INFO - 2024-06-08 16:46:17 --> Cart Class Initialized
INFO - 2024-06-08 16:46:54 --> Session: Class initialized using 'CodeIgniter\Session\Handlers\FileHandler' driver.
INFO - 2024-06-08 16:46:54 --> Cart Class Initialized
INFO - 2024-06-08 16:46:55 --> Session: Class initialized using 'CodeIgniter\Session\Handlers\FileHandler' driver.
INFO - 2024-06-08 16:46:55 --> Cart Class Initialized
INFO - 2024-06-08 16:47:30 --> Session: Class initialized using 'CodeIgniter\Session\Handlers\FileHandler' driver.
INFO - 2024-06-08 16:47:30 --> Cart Class Initialized
INFO - 2024-06-08 16:47:32 --> Session: Class initialized using 'CodeIgniter\Session\Handlers\FileHandler' driver.
INFO - 2024-06-08 16:47:32 --> Cart Class Initialized
INFO - 2024-06-08 16:47:34 --> Session: Class initialized using 'CodeIgniter\Session\Handlers\FileHandler' driver.
INFO - 2024-06-08 16:47:34 --> Cart Class Initialized
INFO - 2024-06-08 16:47:37 --> Session: Class initialized using 'CodeIgniter\Session\Handlers\FileHandler' driver.
INFO - 2024-06-08 16:47:37 --> Cart Class Initialized
INFO - 2024-06-08 16:47:42 --> Session: Class initialized using 'CodeIgniter\Session\Handlers\FileHandler' driver.
INFO - 2024-06-08 16:47:42 --> Cart Class Initialized
INFO - 2024-06-08 16:47:58 --> Session: Class initialized using 'CodeIgniter\Session\Handlers\FileHandler' driver.
INFO - 2024-06-08 16:47:58 --> Cart Class Initialized
INFO - 2024-06-08 16:48:12 --> Session: Class initialized using 'CodeIgniter\Session\Handlers\FileHandler' driver.
INFO - 2024-06-08 16:48:12 --> Cart Class Initialized
INFO - 2024-06-08 16:48:25 --> Session: Class initialized using 'CodeIgniter\Session\Handlers\FileHandler' driver.
INFO - 2024-06-08 16:48:25 --> Cart Class Initialized
INFO - 2024-06-08 16:50:49 --> Session: Class initialized using 'CodeIgniter\Session\Handlers\FileHandler' driver.
INFO - 2024-06-08 16:50:49 --> Cart Class Initialized
INFO - 2024-06-08 16:52:18 --> Session: Class initialized using 'CodeIgniter\Session\Handlers\FileHandler' driver.
INFO - 2024-06-08 16:52:18 --> Cart Class Initialized
INFO - 2024-06-08 16:56:34 --> Session: Class initialized using 'CodeIgniter\Session\Handlers\FileHandler' driver.
INFO - 2024-06-08 16:56:35 --> Session: Class initialized using 'CodeIgniter\Session\Handlers\FileHandler' driver.
INFO - 2024-06-08 16:56:35 --> Cart Class Initialized
