CRITICAL - 2024-05-22 13:29:19 --> CodeIgniter\Validation\Exceptions\ValidationException: "is_not_uniquetegoria.categoria_id]" is not a valid rule.
in SYSTEMPATH\Validation\Validation.php on line 336.
 1 SYSTEMPATH\Validation\Validation.php(336): CodeIgniter\Validation\Exceptions\ValidationException::forRuleNotFound('is_not_uniquetegoria.categoria_id]')
 2 SYSTEMPATH\Validation\Validation.php(200): CodeIgniter\Validation\Validation->processRules('categoria_id', 'categoria_id', null, [...], [...])
 3 SYSTEMPATH\Controller.php(154): CodeIgniter\Validation\Validation->run()
 4 APPPATH\Controllers\producto_controller.php(49): CodeIgniter\Controller->validate([...])
 5 SYSTEMPATH\CodeIgniter.php(943): App\Controllers\producto_controller->create()
 6 SYSTEMPATH\CodeIgniter.php(503): CodeIgniter\CodeIgniter->runController(Object(App\Controllers\producto_controller))
 7 SYSTEMPATH\CodeIgniter.php(361): CodeIgniter\CodeIgniter->handleRequest(null, Object(Config\Cache), false)
 8 FCPATH\index.php(79): CodeIgniter\CodeIgniter->run()
ERROR - 2024-05-22 13:35:44 --> mysqli_sql_exception: Unknown column 'categoria_id' in 'where clause' in C:\xampp\htdocs\proyecto_espinola_emilia\system\Database\MySQLi\Connection.php:306
Stack trace:
#0 C:\xampp\htdocs\proyecto_espinola_emilia\system\Database\MySQLi\Connection.php(306): mysqli->query('SELECT 1\nFROM `...', 0)
#1 C:\xampp\htdocs\proyecto_espinola_emilia\system\Database\BaseConnection.php(693): CodeIgniter\Database\MySQLi\Connection->execute('SELECT 1\nFROM `...')
#2 C:\xampp\htdocs\proyecto_espinola_emilia\system\Database\BaseConnection.php(607): CodeIgniter\Database\BaseConnection->simpleQuery('SELECT 1\nFROM `...')
#3 C:\xampp\htdocs\proyecto_espinola_emilia\system\Database\BaseBuilder.php(1616): CodeIgniter\Database\BaseConnection->query('SELECT 1\nFROM `...', Array, false)
#4 C:\xampp\htdocs\proyecto_espinola_emilia\system\Validation\StrictRules\Rules.php(167): CodeIgniter\Database\BaseBuilder->get()
#5 C:\xampp\htdocs\proyecto_espinola_emilia\system\Validation\Validation.php(328): CodeIgniter\Validation\StrictRules\Rules->is_not_unique(NULL, 'categoria_id', Array, NULL, 'categoria_id')
#6 C:\xampp\htdocs\proyecto_espinola_emilia\system\Validation\Validation.php(200): CodeIgniter\Validation\Validation->processRules('categoria_id', 'categoria_id', NULL, Array, Array)
#7 C:\xampp\htdocs\proyecto_espinola_emilia\system\Controller.php(154): CodeIgniter\Validation\Validation->run()
#8 C:\xampp\htdocs\proyecto_espinola_emilia\app\Controllers\producto_controller.php(49): CodeIgniter\Controller->validate(Array)
#9 C:\xampp\htdocs\proyecto_espinola_emilia\system\CodeIgniter.php(943): App\Controllers\producto_controller->create()
#10 C:\xampp\htdocs\proyecto_espinola_emilia\system\CodeIgniter.php(503): CodeIgniter\CodeIgniter->runController(Object(App\Controllers\producto_controller))
#11 C:\xampp\htdocs\proyecto_espinola_emilia\system\CodeIgniter.php(361): CodeIgniter\CodeIgniter->handleRequest(NULL, Object(Config\Cache), false)
#12 C:\xampp\htdocs\proyecto_espinola_emilia\index.php(79): CodeIgniter\CodeIgniter->run()
#13 {main}
CRITICAL - 2024-05-22 13:35:45 --> CodeIgniter\Database\Exceptions\DatabaseException: Unknown column 'categoria_id' in 'where clause'
in SYSTEMPATH\Database\BaseConnection.php on line 647.
 1 SYSTEMPATH\Database\BaseBuilder.php(1616): CodeIgniter\Database\BaseConnection->query('SELECT 1
FROM `categoria`
WHERE `categoria_id` IS NULL
 LIMIT 1', [], false)
 2 SYSTEMPATH\Validation\StrictRules\Rules.php(167): CodeIgniter\Database\BaseBuilder->get()
 3 SYSTEMPATH\Validation\Validation.php(328): CodeIgniter\Validation\StrictRules\Rules->is_not_unique(null, 'categoria_id', [...], null, 'categoria_id')
 4 SYSTEMPATH\Validation\Validation.php(200): CodeIgniter\Validation\Validation->processRules('categoria_id', 'categoria_id', null, [...], [...])
 5 SYSTEMPATH\Controller.php(154): CodeIgniter\Validation\Validation->run()
 6 APPPATH\Controllers\producto_controller.php(49): CodeIgniter\Controller->validate([...])
 7 SYSTEMPATH\CodeIgniter.php(943): App\Controllers\producto_controller->create()
 8 SYSTEMPATH\CodeIgniter.php(503): CodeIgniter\CodeIgniter->runController(Object(App\Controllers\producto_controller))
 9 SYSTEMPATH\CodeIgniter.php(361): CodeIgniter\CodeIgniter->handleRequest(null, Object(Config\Cache), false)
10 FCPATH\index.php(79): CodeIgniter\CodeIgniter->run()
CRITICAL - 2024-05-22 13:35:45 --> [Caused by] CodeIgniter\Database\Exceptions\DatabaseException: Unknown column 'categoria_id' in 'where clause'
in SYSTEMPATH\Database\MySQLi\Connection.php on line 311.
 1 SYSTEMPATH\Database\BaseConnection.php(693): CodeIgniter\Database\MySQLi\Connection->execute('SELECT 1
FROM `categoria`
WHERE `categoria_id` IS NULL
 LIMIT 1')
 2 SYSTEMPATH\Database\BaseConnection.php(607): CodeIgniter\Database\BaseConnection->simpleQuery('SELECT 1
FROM `categoria`
WHERE `categoria_id` IS NULL
 LIMIT 1')
 3 SYSTEMPATH\Database\BaseBuilder.php(1616): CodeIgniter\Database\BaseConnection->query('SELECT 1
FROM `categoria`
WHERE `categoria_id` IS NULL
 LIMIT 1', [], false)
 4 SYSTEMPATH\Validation\StrictRules\Rules.php(167): CodeIgniter\Database\BaseBuilder->get()
 5 SYSTEMPATH\Validation\Validation.php(328): CodeIgniter\Validation\StrictRules\Rules->is_not_unique(null, 'categoria_id', [...], null, 'categoria_id')
 6 SYSTEMPATH\Validation\Validation.php(200): CodeIgniter\Validation\Validation->processRules('categoria_id', 'categoria_id', null, [...], [...])
 7 SYSTEMPATH\Controller.php(154): CodeIgniter\Validation\Validation->run()
 8 APPPATH\Controllers\producto_controller.php(49): CodeIgniter\Controller->validate([...])
 9 SYSTEMPATH\CodeIgniter.php(943): App\Controllers\producto_controller->create()
10 SYSTEMPATH\CodeIgniter.php(503): CodeIgniter\CodeIgniter->runController(Object(App\Controllers\producto_controller))
11 SYSTEMPATH\CodeIgniter.php(361): CodeIgniter\CodeIgniter->handleRequest(null, Object(Config\Cache), false)
12 FCPATH\index.php(79): CodeIgniter\CodeIgniter->run()
CRITICAL - 2024-05-22 13:35:45 --> [Caused by] mysqli_sql_exception: Unknown column 'categoria_id' in 'where clause'
in SYSTEMPATH\Database\MySQLi\Connection.php on line 306.
 1 SYSTEMPATH\Database\MySQLi\Connection.php(306): mysqli->query('SELECT 1
FROM `categoria`
WHERE `categoria_id` IS NULL
 LIMIT 1', 0)
 2 SYSTEMPATH\Database\BaseConnection.php(693): CodeIgniter\Database\MySQLi\Connection->execute('SELECT 1
FROM `categoria`
WHERE `categoria_id` IS NULL
 LIMIT 1')
 3 SYSTEMPATH\Database\BaseConnection.php(607): CodeIgniter\Database\BaseConnection->simpleQuery('SELECT 1
FROM `categoria`
WHERE `categoria_id` IS NULL
 LIMIT 1')
 4 SYSTEMPATH\Database\BaseBuilder.php(1616): CodeIgniter\Database\BaseConnection->query('SELECT 1
FROM `categoria`
WHERE `categoria_id` IS NULL
 LIMIT 1', [], false)
 5 SYSTEMPATH\Validation\StrictRules\Rules.php(167): CodeIgniter\Database\BaseBuilder->get()
 6 SYSTEMPATH\Validation\Validation.php(328): CodeIgniter\Validation\StrictRules\Rules->is_not_unique(null, 'categoria_id', [...], null, 'categoria_id')
 7 SYSTEMPATH\Validation\Validation.php(200): CodeIgniter\Validation\Validation->processRules('categoria_id', 'categoria_id', null, [...], [...])
 8 SYSTEMPATH\Controller.php(154): CodeIgniter\Validation\Validation->run()
 9 APPPATH\Controllers\producto_controller.php(49): CodeIgniter\Controller->validate([...])
10 SYSTEMPATH\CodeIgniter.php(943): App\Controllers\producto_controller->create()
11 SYSTEMPATH\CodeIgniter.php(503): CodeIgniter\CodeIgniter->runController(Object(App\Controllers\producto_controller))
12 SYSTEMPATH\CodeIgniter.php(361): CodeIgniter\CodeIgniter->handleRequest(null, Object(Config\Cache), false)
13 FCPATH\index.php(79): CodeIgniter\CodeIgniter->run()
ERROR - 2024-05-22 13:41:49 --> mysqli_sql_exception: Unknown column 'categoria_id' in 'where clause' in C:\xampp\htdocs\proyecto_espinola_emilia\system\Database\MySQLi\Connection.php:306
Stack trace:
#0 C:\xampp\htdocs\proyecto_espinola_emilia\system\Database\MySQLi\Connection.php(306): mysqli->query('SELECT 1\nFROM `...', 0)
#1 C:\xampp\htdocs\proyecto_espinola_emilia\system\Database\BaseConnection.php(693): CodeIgniter\Database\MySQLi\Connection->execute('SELECT 1\nFROM `...')
#2 C:\xampp\htdocs\proyecto_espinola_emilia\system\Database\BaseConnection.php(607): CodeIgniter\Database\BaseConnection->simpleQuery('SELECT 1\nFROM `...')
#3 C:\xampp\htdocs\proyecto_espinola_emilia\system\Database\BaseBuilder.php(1616): CodeIgniter\Database\BaseConnection->query('SELECT 1\nFROM `...', Array, false)
#4 C:\xampp\htdocs\proyecto_espinola_emilia\system\Validation\StrictRules\Rules.php(167): CodeIgniter\Database\BaseBuilder->get()
#5 C:\xampp\htdocs\proyecto_espinola_emilia\system\Validation\Validation.php(328): CodeIgniter\Validation\StrictRules\Rules->is_not_unique(NULL, 'categoria_id', Array, NULL, 'categoria_id')
#6 C:\xampp\htdocs\proyecto_espinola_emilia\system\Validation\Validation.php(200): CodeIgniter\Validation\Validation->processRules('categoria_id', 'categoria_id', NULL, Array, Array)
#7 C:\xampp\htdocs\proyecto_espinola_emilia\system\Controller.php(154): CodeIgniter\Validation\Validation->run()
#8 C:\xampp\htdocs\proyecto_espinola_emilia\app\Controllers\producto_controller.php(45): CodeIgniter\Controller->validate(Array)
#9 C:\xampp\htdocs\proyecto_espinola_emilia\system\CodeIgniter.php(943): App\Controllers\producto_controller->create()
#10 C:\xampp\htdocs\proyecto_espinola_emilia\system\CodeIgniter.php(503): CodeIgniter\CodeIgniter->runController(Object(App\Controllers\producto_controller))
#11 C:\xampp\htdocs\proyecto_espinola_emilia\system\CodeIgniter.php(361): CodeIgniter\CodeIgniter->handleRequest(NULL, Object(Config\Cache), false)
#12 C:\xampp\htdocs\proyecto_espinola_emilia\index.php(79): CodeIgniter\CodeIgniter->run()
#13 {main}
CRITICAL - 2024-05-22 13:41:49 --> CodeIgniter\Database\Exceptions\DatabaseException: Unknown column 'categoria_id' in 'where clause'
in SYSTEMPATH\Database\BaseConnection.php on line 647.
 1 SYSTEMPATH\Database\BaseBuilder.php(1616): CodeIgniter\Database\BaseConnection->query('SELECT 1
FROM `categoria`
WHERE `categoria_id` IS NULL
 LIMIT 1', [], false)
 2 SYSTEMPATH\Validation\StrictRules\Rules.php(167): CodeIgniter\Database\BaseBuilder->get()
 3 SYSTEMPATH\Validation\Validation.php(328): CodeIgniter\Validation\StrictRules\Rules->is_not_unique(null, 'categoria_id', [...], null, 'categoria_id')
 4 SYSTEMPATH\Validation\Validation.php(200): CodeIgniter\Validation\Validation->processRules('categoria_id', 'categoria_id', null, [...], [...])
 5 SYSTEMPATH\Controller.php(154): CodeIgniter\Validation\Validation->run()
 6 APPPATH\Controllers\producto_controller.php(45): CodeIgniter\Controller->validate([...])
 7 SYSTEMPATH\CodeIgniter.php(943): App\Controllers\producto_controller->create()
 8 SYSTEMPATH\CodeIgniter.php(503): CodeIgniter\CodeIgniter->runController(Object(App\Controllers\producto_controller))
 9 SYSTEMPATH\CodeIgniter.php(361): CodeIgniter\CodeIgniter->handleRequest(null, Object(Config\Cache), false)
10 FCPATH\index.php(79): CodeIgniter\CodeIgniter->run()
CRITICAL - 2024-05-22 13:41:49 --> [Caused by] CodeIgniter\Database\Exceptions\DatabaseException: Unknown column 'categoria_id' in 'where clause'
in SYSTEMPATH\Database\MySQLi\Connection.php on line 311.
 1 SYSTEMPATH\Database\BaseConnection.php(693): CodeIgniter\Database\MySQLi\Connection->execute('SELECT 1
FROM `categoria`
WHERE `categoria_id` IS NULL
 LIMIT 1')
 2 SYSTEMPATH\Database\BaseConnection.php(607): CodeIgniter\Database\BaseConnection->simpleQuery('SELECT 1
FROM `categoria`
WHERE `categoria_id` IS NULL
 LIMIT 1')
 3 SYSTEMPATH\Database\BaseBuilder.php(1616): CodeIgniter\Database\BaseConnection->query('SELECT 1
FROM `categoria`
WHERE `categoria_id` IS NULL
 LIMIT 1', [], false)
 4 SYSTEMPATH\Validation\StrictRules\Rules.php(167): CodeIgniter\Database\BaseBuilder->get()
 5 SYSTEMPATH\Validation\Validation.php(328): CodeIgniter\Validation\StrictRules\Rules->is_not_unique(null, 'categoria_id', [...], null, 'categoria_id')
 6 SYSTEMPATH\Validation\Validation.php(200): CodeIgniter\Validation\Validation->processRules('categoria_id', 'categoria_id', null, [...], [...])
 7 SYSTEMPATH\Controller.php(154): CodeIgniter\Validation\Validation->run()
 8 APPPATH\Controllers\producto_controller.php(45): CodeIgniter\Controller->validate([...])
 9 SYSTEMPATH\CodeIgniter.php(943): App\Controllers\producto_controller->create()
10 SYSTEMPATH\CodeIgniter.php(503): CodeIgniter\CodeIgniter->runController(Object(App\Controllers\producto_controller))
11 SYSTEMPATH\CodeIgniter.php(361): CodeIgniter\CodeIgniter->handleRequest(null, Object(Config\Cache), false)
12 FCPATH\index.php(79): CodeIgniter\CodeIgniter->run()
CRITICAL - 2024-05-22 13:41:49 --> [Caused by] mysqli_sql_exception: Unknown column 'categoria_id' in 'where clause'
in SYSTEMPATH\Database\MySQLi\Connection.php on line 306.
 1 SYSTEMPATH\Database\MySQLi\Connection.php(306): mysqli->query('SELECT 1
FROM `categoria`
WHERE `categoria_id` IS NULL
 LIMIT 1', 0)
 2 SYSTEMPATH\Database\BaseConnection.php(693): CodeIgniter\Database\MySQLi\Connection->execute('SELECT 1
FROM `categoria`
WHERE `categoria_id` IS NULL
 LIMIT 1')
 3 SYSTEMPATH\Database\BaseConnection.php(607): CodeIgniter\Database\BaseConnection->simpleQuery('SELECT 1
FROM `categoria`
WHERE `categoria_id` IS NULL
 LIMIT 1')
 4 SYSTEMPATH\Database\BaseBuilder.php(1616): CodeIgniter\Database\BaseConnection->query('SELECT 1
FROM `categoria`
WHERE `categoria_id` IS NULL
 LIMIT 1', [], false)
 5 SYSTEMPATH\Validation\StrictRules\Rules.php(167): CodeIgniter\Database\BaseBuilder->get()
 6 SYSTEMPATH\Validation\Validation.php(328): CodeIgniter\Validation\StrictRules\Rules->is_not_unique(null, 'categoria_id', [...], null, 'categoria_id')
 7 SYSTEMPATH\Validation\Validation.php(200): CodeIgniter\Validation\Validation->processRules('categoria_id', 'categoria_id', null, [...], [...])
 8 SYSTEMPATH\Controller.php(154): CodeIgniter\Validation\Validation->run()
 9 APPPATH\Controllers\producto_controller.php(45): CodeIgniter\Controller->validate([...])
10 SYSTEMPATH\CodeIgniter.php(943): App\Controllers\producto_controller->create()
11 SYSTEMPATH\CodeIgniter.php(503): CodeIgniter\CodeIgniter->runController(Object(App\Controllers\producto_controller))
12 SYSTEMPATH\CodeIgniter.php(361): CodeIgniter\CodeIgniter->handleRequest(null, Object(Config\Cache), false)
13 FCPATH\index.php(79): CodeIgniter\CodeIgniter->run()
INFO - 2024-05-22 13:48:22 --> Session: Class initialized using 'CodeIgniter\Session\Handlers\FileHandler' driver.
INFO - 2024-05-22 13:52:49 --> Session: Class initialized using 'CodeIgniter\Session\Handlers\FileHandler' driver.
INFO - 2024-05-22 13:59:16 --> Session: Class initialized using 'CodeIgniter\Session\Handlers\FileHandler' driver.
CRITICAL - 2024-05-22 14:32:32 --> ParseError: syntax error, unexpected ')', expecting ']'
in APPPATH\Controllers\producto_controller.php on line 118.
 1 SYSTEMPATH\Autoloader\Autoloader.php(290): CodeIgniter\Autoloader\Autoloader->includeFile('C:\\xampp\\htdocs\\proyecto_espinola_emilia\\app\\Controllers\\producto_controller.php')
 2 SYSTEMPATH\Autoloader\Autoloader.php(266): CodeIgniter\Autoloader\Autoloader->loadInNamespace('App\\Controllers\\producto_controller')
 3 [internal function]: CodeIgniter\Autoloader\Autoloader->loadClass('App\\Controllers\\producto_controller')
 4 [internal function]: spl_autoload_call('App\\Controllers\\producto_controller')
 5 SYSTEMPATH\CodeIgniter.php(901): class_exists('\\App\\Controllers\\producto_controller', true)
 6 SYSTEMPATH\CodeIgniter.php(490): CodeIgniter\CodeIgniter->startController()
 7 SYSTEMPATH\CodeIgniter.php(361): CodeIgniter\CodeIgniter->handleRequest(null, Object(Config\Cache), false)
 8 FCPATH\index.php(79): CodeIgniter\CodeIgniter->run()
CRITICAL - 2024-05-22 14:34:10 --> BadMethodCallException: Call to undefined method App\Models\categoria_Model::getCategoria
in SYSTEMPATH\Model.php on line 879.
 1 APPPATH\Controllers\producto_controller.php(96): CodeIgniter\Model->__call('getCategoria', [])
 2 SYSTEMPATH\CodeIgniter.php(943): App\Controllers\producto_controller->creaProducto()
 3 SYSTEMPATH\CodeIgniter.php(503): CodeIgniter\CodeIgniter->runController(Object(App\Controllers\producto_controller))
 4 SYSTEMPATH\CodeIgniter.php(361): CodeIgniter\CodeIgniter->handleRequest(null, Object(Config\Cache), false)
 5 FCPATH\index.php(79): CodeIgniter\CodeIgniter->run()
CRITICAL - 2024-05-22 14:34:19 --> BadMethodCallException: Call to undefined method App\Models\categoria_Model::getCategoria
in SYSTEMPATH\Model.php on line 879.
 1 APPPATH\Controllers\producto_controller.php(96): CodeIgniter\Model->__call('getCategoria', [])
 2 SYSTEMPATH\CodeIgniter.php(943): App\Controllers\producto_controller->creaProducto()
 3 SYSTEMPATH\CodeIgniter.php(503): CodeIgniter\CodeIgniter->runController(Object(App\Controllers\producto_controller))
 4 SYSTEMPATH\CodeIgniter.php(361): CodeIgniter\CodeIgniter->handleRequest(null, Object(Config\Cache), false)
 5 FCPATH\index.php(79): CodeIgniter\CodeIgniter->run()
CRITICAL - 2024-05-22 14:35:01 --> BadMethodCallException: Call to undefined method App\Models\categoria_Model::getCategorias
in SYSTEMPATH\Model.php on line 879.
 1 APPPATH\Controllers\producto_controller.php(96): CodeIgniter\Model->__call('getCategorias', [])
 2 SYSTEMPATH\CodeIgniter.php(943): App\Controllers\producto_controller->creaProducto()
 3 SYSTEMPATH\CodeIgniter.php(503): CodeIgniter\CodeIgniter->runController(Object(App\Controllers\producto_controller))
 4 SYSTEMPATH\CodeIgniter.php(361): CodeIgniter\CodeIgniter->handleRequest(null, Object(Config\Cache), false)
 5 FCPATH\index.php(79): CodeIgniter\CodeIgniter->run()
CRITICAL - 2024-05-22 14:35:11 --> BadMethodCallException: Call to undefined method App\Models\categoria_Model::getCategorias
in SYSTEMPATH\Model.php on line 879.
 1 APPPATH\Controllers\producto_controller.php(96): CodeIgniter\Model->__call('getCategorias', [])
 2 SYSTEMPATH\CodeIgniter.php(943): App\Controllers\producto_controller->creaProducto()
 3 SYSTEMPATH\CodeIgniter.php(503): CodeIgniter\CodeIgniter->runController(Object(App\Controllers\producto_controller))
 4 SYSTEMPATH\CodeIgniter.php(361): CodeIgniter\CodeIgniter->handleRequest(null, Object(Config\Cache), false)
 5 FCPATH\index.php(79): CodeIgniter\CodeIgniter->run()
CRITICAL - 2024-05-22 14:39:03 --> BadMethodCallException: Call to undefined method App\Models\categoria_Model::getCategorias
in SYSTEMPATH\Model.php on line 879.
 1 APPPATH\Controllers\producto_controller.php(96): CodeIgniter\Model->__call('getCategorias', [])
 2 SYSTEMPATH\CodeIgniter.php(943): App\Controllers\producto_controller->creaProducto()
 3 SYSTEMPATH\CodeIgniter.php(503): CodeIgniter\CodeIgniter->runController(Object(App\Controllers\producto_controller))
 4 SYSTEMPATH\CodeIgniter.php(361): CodeIgniter\CodeIgniter->handleRequest(null, Object(Config\Cache), false)
 5 FCPATH\index.php(79): CodeIgniter\CodeIgniter->run()
CRITICAL - 2024-05-22 14:40:33 --> BadMethodCallException: Call to undefined method App\Models\categoria_Model::getCategoria
in SYSTEMPATH\Model.php on line 879.
 1 APPPATH\Controllers\producto_controller.php(96): CodeIgniter\Model->__call('getCategoria', [])
 2 SYSTEMPATH\CodeIgniter.php(943): App\Controllers\producto_controller->creaProducto()
 3 SYSTEMPATH\CodeIgniter.php(503): CodeIgniter\CodeIgniter->runController(Object(App\Controllers\producto_controller))
 4 SYSTEMPATH\CodeIgniter.php(361): CodeIgniter\CodeIgniter->handleRequest(null, Object(Config\Cache), false)
 5 FCPATH\index.php(79): CodeIgniter\CodeIgniter->run()
CRITICAL - 2024-05-22 14:41:45 --> BadMethodCallException: Call to undefined method App\Models\categoria_Model::getcategoria
in SYSTEMPATH\Model.php on line 879.
 1 APPPATH\Controllers\producto_controller.php(96): CodeIgniter\Model->__call('getcategoria', [])
 2 SYSTEMPATH\CodeIgniter.php(943): App\Controllers\producto_controller->creaProducto()
 3 SYSTEMPATH\CodeIgniter.php(503): CodeIgniter\CodeIgniter->runController(Object(App\Controllers\producto_controller))
 4 SYSTEMPATH\CodeIgniter.php(361): CodeIgniter\CodeIgniter->handleRequest(null, Object(Config\Cache), false)
 5 FCPATH\index.php(79): CodeIgniter\CodeIgniter->run()
CRITICAL - 2024-05-22 14:42:00 --> BadMethodCallException: Call to undefined method App\Models\categoria_Model::getcategorias
in SYSTEMPATH\Model.php on line 879.
 1 APPPATH\Controllers\producto_controller.php(96): CodeIgniter\Model->__call('getcategorias', [])
 2 SYSTEMPATH\CodeIgniter.php(943): App\Controllers\producto_controller->creaProducto()
 3 SYSTEMPATH\CodeIgniter.php(503): CodeIgniter\CodeIgniter->runController(Object(App\Controllers\producto_controller))
 4 SYSTEMPATH\CodeIgniter.php(361): CodeIgniter\CodeIgniter->handleRequest(null, Object(Config\Cache), false)
 5 FCPATH\index.php(79): CodeIgniter\CodeIgniter->run()
CRITICAL - 2024-05-22 14:44:45 --> BadMethodCallException: Call to undefined method App\Models\categoria_Model::categoria
in SYSTEMPATH\Model.php on line 879.
 1 APPPATH\Controllers\producto_controller.php(96): CodeIgniter\Model->__call('categoria', [])
 2 SYSTEMPATH\CodeIgniter.php(943): App\Controllers\producto_controller->creaProducto()
 3 SYSTEMPATH\CodeIgniter.php(503): CodeIgniter\CodeIgniter->runController(Object(App\Controllers\producto_controller))
 4 SYSTEMPATH\CodeIgniter.php(361): CodeIgniter\CodeIgniter->handleRequest(null, Object(Config\Cache), false)
 5 FCPATH\index.php(79): CodeIgniter\CodeIgniter->run()
CRITICAL - 2024-05-22 14:45:24 --> BadMethodCallException: Call to undefined method App\Models\categoria_Model::getCategorias
in SYSTEMPATH\Model.php on line 879.
 1 APPPATH\Controllers\producto_controller.php(96): CodeIgniter\Model->__call('getCategorias', [])
 2 SYSTEMPATH\CodeIgniter.php(943): App\Controllers\producto_controller->creaProducto()
 3 SYSTEMPATH\CodeIgniter.php(503): CodeIgniter\CodeIgniter->runController(Object(App\Controllers\producto_controller))
 4 SYSTEMPATH\CodeIgniter.php(361): CodeIgniter\CodeIgniter->handleRequest(null, Object(Config\Cache), false)
 5 FCPATH\index.php(79): CodeIgniter\CodeIgniter->run()
CRITICAL - 2024-05-22 14:47:35 --> ErrorException: Invalid argument supplied for foreach()
in APPPATH\Views\back\productos\alta_producto.php on line 39.
 1 APPPATH\Views\back\productos\alta_producto.php(39): CodeIgniter\Debug\Exceptions->errorHandler(2, 'Invalid argument supplied for foreach()', 'C:\\xampp\\htdocs\\proyecto_espinola_emilia\\app\\Views\\back\\productos\\alta_producto.php', 39, [...])
 2 SYSTEMPATH\View\View.php(228): include('C:\\xampp\\htdocs\\proyecto_espinola_emilia\\app\\Views\\back\\productos\\alta_producto.php')
 3 SYSTEMPATH\View\View.php(231): CodeIgniter\View\View->CodeIgniter\View\{closure}()
 4 SYSTEMPATH\Common.php(1178): CodeIgniter\View\View->render('back/productos/alta_producto', [], true)
 5 APPPATH\Controllers\producto_controller.php(104): view('back/productos/alta_producto', [...])
 6 SYSTEMPATH\CodeIgniter.php(943): App\Controllers\producto_controller->creaProducto()
 7 SYSTEMPATH\CodeIgniter.php(503): CodeIgniter\CodeIgniter->runController(Object(App\Controllers\producto_controller))
 8 SYSTEMPATH\CodeIgniter.php(361): CodeIgniter\CodeIgniter->handleRequest(null, Object(Config\Cache), false)
 9 FCPATH\index.php(79): CodeIgniter\CodeIgniter->run()
CRITICAL - 2024-05-22 14:48:55 --> ErrorException: Invalid argument supplied for foreach()
in APPPATH\Views\back\productos\alta_producto.php on line 39.
 1 APPPATH\Views\back\productos\alta_producto.php(39): CodeIgniter\Debug\Exceptions->errorHandler(2, 'Invalid argument supplied for foreach()', 'C:\\xampp\\htdocs\\proyecto_espinola_emilia\\app\\Views\\back\\productos\\alta_producto.php', 39, [...])
 2 SYSTEMPATH\View\View.php(228): include('C:\\xampp\\htdocs\\proyecto_espinola_emilia\\app\\Views\\back\\productos\\alta_producto.php')
 3 SYSTEMPATH\View\View.php(231): CodeIgniter\View\View->CodeIgniter\View\{closure}()
 4 SYSTEMPATH\Common.php(1178): CodeIgniter\View\View->render('back/productos/alta_producto', [], true)
 5 APPPATH\Controllers\producto_controller.php(104): view('back/productos/alta_producto', [...])
 6 SYSTEMPATH\CodeIgniter.php(943): App\Controllers\producto_controller->creaProducto()
 7 SYSTEMPATH\CodeIgniter.php(503): CodeIgniter\CodeIgniter->runController(Object(App\Controllers\producto_controller))
 8 SYSTEMPATH\CodeIgniter.php(361): CodeIgniter\CodeIgniter->handleRequest(null, Object(Config\Cache), false)
 9 FCPATH\index.php(79): CodeIgniter\CodeIgniter->run()
CRITICAL - 2024-05-22 15:10:32 --> ErrorException: Invalid argument supplied for foreach()
in APPPATH\Views\back\productos\alta_producto.php on line 39.
 1 APPPATH\Views\back\productos\alta_producto.php(39): CodeIgniter\Debug\Exceptions->errorHandler(2, 'Invalid argument supplied for foreach()', 'C:\\xampp\\htdocs\\proyecto_espinola_emilia\\app\\Views\\back\\productos\\alta_producto.php', 39, [...])
 2 SYSTEMPATH\View\View.php(228): include('C:\\xampp\\htdocs\\proyecto_espinola_emilia\\app\\Views\\back\\productos\\alta_producto.php')
 3 SYSTEMPATH\View\View.php(231): CodeIgniter\View\View->CodeIgniter\View\{closure}()
 4 SYSTEMPATH\Common.php(1178): CodeIgniter\View\View->render('back/productos/alta_producto', [], true)
 5 APPPATH\Controllers\producto_controller.php(104): view('back/productos/alta_producto', [...])
 6 SYSTEMPATH\CodeIgniter.php(943): App\Controllers\producto_controller->creaProducto()
 7 SYSTEMPATH\CodeIgniter.php(503): CodeIgniter\CodeIgniter->runController(Object(App\Controllers\producto_controller))
 8 SYSTEMPATH\CodeIgniter.php(361): CodeIgniter\CodeIgniter->handleRequest(null, Object(Config\Cache), false)
 9 FCPATH\index.php(79): CodeIgniter\CodeIgniter->run()
CRITICAL - 2024-05-22 15:11:15 --> ErrorException: Invalid argument supplied for foreach()
in APPPATH\Views\back\productos\alta_producto.php on line 39.
 1 APPPATH\Views\back\productos\alta_producto.php(39): CodeIgniter\Debug\Exceptions->errorHandler(2, 'Invalid argument supplied for foreach()', 'C:\\xampp\\htdocs\\proyecto_espinola_emilia\\app\\Views\\back\\productos\\alta_producto.php', 39, [...])
 2 SYSTEMPATH\View\View.php(228): include('C:\\xampp\\htdocs\\proyecto_espinola_emilia\\app\\Views\\back\\productos\\alta_producto.php')
 3 SYSTEMPATH\View\View.php(231): CodeIgniter\View\View->CodeIgniter\View\{closure}()
 4 SYSTEMPATH\Common.php(1178): CodeIgniter\View\View->render('back/productos/alta_producto', [], true)
 5 APPPATH\Controllers\producto_controller.php(104): view('back/productos/alta_producto', [...])
 6 SYSTEMPATH\CodeIgniter.php(943): App\Controllers\producto_controller->creaProducto()
 7 SYSTEMPATH\CodeIgniter.php(503): CodeIgniter\CodeIgniter->runController(Object(App\Controllers\producto_controller))
 8 SYSTEMPATH\CodeIgniter.php(361): CodeIgniter\CodeIgniter->handleRequest(null, Object(Config\Cache), false)
 9 FCPATH\index.php(79): CodeIgniter\CodeIgniter->run()
INFO - 2024-05-22 18:30:25 --> Session: Class initialized using 'CodeIgniter\Session\Handlers\FileHandler' driver.
INFO - 2024-05-22 18:30:36 --> Session: Class initialized using 'CodeIgniter\Session\Handlers\FileHandler' driver.
INFO - 2024-05-22 18:33:01 --> Session: Class initialized using 'CodeIgniter\Session\Handlers\FileHandler' driver.
INFO - 2024-05-22 18:33:02 --> Session: Class initialized using 'CodeIgniter\Session\Handlers\FileHandler' driver.
INFO - 2024-05-22 18:34:27 --> Session: Class initialized using 'CodeIgniter\Session\Handlers\FileHandler' driver.
CRITICAL - 2024-05-22 18:34:44 --> ErrorException: Undefined index: 
in APPPATH\Controllers\producto_controller.php on line 60.
 1 APPPATH\Controllers\producto_controller.php(60): CodeIgniter\Debug\Exceptions->errorHandler(8, 'Undefined index: ', 'C:\\xampp\\htdocs\\proyecto_espinola_emilia\\app\\Controllers\\producto_controller.php', 60, [...])
 2 SYSTEMPATH\CodeIgniter.php(943): App\Controllers\producto_controller->create()
 3 SYSTEMPATH\CodeIgniter.php(503): CodeIgniter\CodeIgniter->runController(Object(App\Controllers\producto_controller))
 4 SYSTEMPATH\CodeIgniter.php(361): CodeIgniter\CodeIgniter->handleRequest(null, Object(Config\Cache), false)
 5 FCPATH\index.php(79): CodeIgniter\CodeIgniter->run()
CRITICAL - 2024-05-22 18:35:21 --> BadMethodCallException: Call to undefined method App\Models\producto_Model::getProductoAll
in SYSTEMPATH\Model.php on line 879.
 1 APPPATH\Controllers\producto_controller.php(13): CodeIgniter\Model->__call('getProductoAll', [])
 2 SYSTEMPATH\CodeIgniter.php(943): App\Controllers\producto_controller->index()
 3 SYSTEMPATH\CodeIgniter.php(503): CodeIgniter\CodeIgniter->runController(Object(App\Controllers\producto_controller))
 4 SYSTEMPATH\CodeIgniter.php(361): CodeIgniter\CodeIgniter->handleRequest(null, Object(Config\Cache), false)
 5 FCPATH\index.php(79): CodeIgniter\CodeIgniter->run()
CRITICAL - 2024-05-22 18:36:52 --> BadMethodCallException: Call to undefined method App\Models\producto_Model::getProductoAll
in SYSTEMPATH\Model.php on line 879.
 1 APPPATH\Controllers\producto_controller.php(13): CodeIgniter\Model->__call('getProductoAll', [])
 2 SYSTEMPATH\CodeIgniter.php(943): App\Controllers\producto_controller->index()
 3 SYSTEMPATH\CodeIgniter.php(503): CodeIgniter\CodeIgniter->runController(Object(App\Controllers\producto_controller))
 4 SYSTEMPATH\CodeIgniter.php(361): CodeIgniter\CodeIgniter->handleRequest(null, Object(Config\Cache), false)
 5 FCPATH\index.php(79): CodeIgniter\CodeIgniter->run()
INFO - 2024-05-22 18:45:32 --> Session: Class initialized using 'CodeIgniter\Session\Handlers\FileHandler' driver.
INFO - 2024-05-22 19:05:29 --> Session: Class initialized using 'CodeIgniter\Session\Handlers\FileHandler' driver.
INFO - 2024-05-22 19:07:15 --> Session: Class initialized using 'CodeIgniter\Session\Handlers\FileHandler' driver.
INFO - 2024-05-22 19:07:56 --> Session: Class initialized using 'CodeIgniter\Session\Handlers\FileHandler' driver.
INFO - 2024-05-22 19:08:20 --> Session: Class initialized using 'CodeIgniter\Session\Handlers\FileHandler' driver.
INFO - 2024-05-22 19:10:56 --> Session: Class initialized using 'CodeIgniter\Session\Handlers\FileHandler' driver.
INFO - 2024-05-22 19:12:51 --> Session: Class initialized using 'CodeIgniter\Session\Handlers\FileHandler' driver.
INFO - 2024-05-22 19:13:09 --> Session: Class initialized using 'CodeIgniter\Session\Handlers\FileHandler' driver.
INFO - 2024-05-22 19:31:58 --> Session: Class initialized using 'CodeIgniter\Session\Handlers\FileHandler' driver.
INFO - 2024-05-22 19:33:27 --> Session: Class initialized using 'CodeIgniter\Session\Handlers\FileHandler' driver.
INFO - 2024-05-22 19:33:44 --> Session: Class initialized using 'CodeIgniter\Session\Handlers\FileHandler' driver.
INFO - 2024-05-22 19:33:45 --> Session: Class initialized using 'CodeIgniter\Session\Handlers\FileHandler' driver.
INFO - 2024-05-22 19:33:52 --> Session: Class initialized using 'CodeIgniter\Session\Handlers\FileHandler' driver.
INFO - 2024-05-22 19:34:04 --> Session: Class initialized using 'CodeIgniter\Session\Handlers\FileHandler' driver.
INFO - 2024-05-22 19:36:10 --> Session: Class initialized using 'CodeIgniter\Session\Handlers\FileHandler' driver.
